2025-02-12 21:44:23,909 - INFO - Predictor set: ['Clinical', 'Metabolomics']
2025-02-12 21:44:23,909 - INFO - Nested cross validation for CoxPH models.
2025-02-12 21:44:26,136 - INFO - 
+-------------------------+--------------------+
| Metric                  | Value              |
+=========================+====================+
| Outcome                 | Stroke             |
+-------------------------+--------------------+
| Fold                    | 3                  |
+-------------------------+--------------------+
| Train sample size       | 19689              |
+-------------------------+--------------------+
| Number of cases (train) | 476                |
+-------------------------+--------------------+
| Test sample size        | 2431               |
+-------------------------+--------------------+
| Number of cases (test)  | 49                 |
+-------------------------+--------------------+
| Test C-index            | 0.7100956448400237 |
+-------------------------+--------------------+
| Time taken (seconds)    | 2.09               |
+-------------------------+--------------------+
2025-02-12 21:44:26,313 - INFO - 
+-------------------------+--------------------+
| Metric                  | Value              |
+=========================+====================+
| Outcome                 | Stroke             |
+-------------------------+--------------------+
| Fold                    | 1                  |
+-------------------------+--------------------+
| Train sample size       | 19689              |
+-------------------------+--------------------+
| Number of cases (train) | 494                |
+-------------------------+--------------------+
| Test sample size        | 2431               |
+-------------------------+--------------------+
| Number of cases (test)  | 49                 |
+-------------------------+--------------------+
| Test C-index            | 0.6974788396151341 |
+-------------------------+--------------------+
| Time taken (seconds)    | 2.29               |
+-------------------------+--------------------+
2025-02-12 21:44:26,416 - INFO - 
+-------------------------+--------------------+
| Metric                  | Value              |
+=========================+====================+
| Outcome                 | Stroke             |
+-------------------------+--------------------+
| Fold                    | 4                  |
+-------------------------+--------------------+
| Train sample size       | 19689              |
+-------------------------+--------------------+
| Number of cases (train) | 465                |
+-------------------------+--------------------+
| Test sample size        | 2431               |
+-------------------------+--------------------+
| Number of cases (test)  | 60                 |
+-------------------------+--------------------+
| Test C-index            | 0.6870136849156747 |
+-------------------------+--------------------+
| Time taken (seconds)    | 2.39               |
+-------------------------+--------------------+
2025-02-12 21:44:26,497 - INFO - 
+-------------------------+--------------------+
| Metric                  | Value              |
+=========================+====================+
| Outcome                 | Stroke             |
+-------------------------+--------------------+
| Fold                    | 0                  |
+-------------------------+--------------------+
| Train sample size       | 19689              |
+-------------------------+--------------------+
| Number of cases (train) | 465                |
+-------------------------+--------------------+
| Test sample size        | 2431               |
+-------------------------+--------------------+
| Number of cases (test)  | 61                 |
+-------------------------+--------------------+
| Test C-index            | 0.6710947969469208 |
+-------------------------+--------------------+
| Time taken (seconds)    | 2.46               |
+-------------------------+--------------------+
2025-02-12 21:44:26,593 - INFO - 
+-------------------------+--------------------+
| Metric                  | Value              |
+=========================+====================+
| Outcome                 | Stroke             |
+-------------------------+--------------------+
| Fold                    | 5                  |
+-------------------------+--------------------+
| Train sample size       | 19689              |
+-------------------------+--------------------+
| Number of cases (train) | 464                |
+-------------------------+--------------------+
| Test sample size        | 2431               |
+-------------------------+--------------------+
| Number of cases (test)  | 68                 |
+-------------------------+--------------------+
| Test C-index            | 0.6882583450502526 |
+-------------------------+--------------------+
| Time taken (seconds)    | 2.57               |
+-------------------------+--------------------+
2025-02-12 21:44:26,964 - INFO - 
+-------------------------+--------------------+
| Metric                  | Value              |
+=========================+====================+
| Outcome                 | Stroke             |
+-------------------------+--------------------+
| Fold                    | 2                  |
+-------------------------+--------------------+
| Train sample size       | 19689              |
+-------------------------+--------------------+
| Number of cases (train) | 463                |
+-------------------------+--------------------+
| Test sample size        | 2431               |
+-------------------------+--------------------+
| Number of cases (test)  | 65                 |
+-------------------------+--------------------+
| Test C-index            | 0.7304925215697942 |
+-------------------------+--------------------+
| Time taken (seconds)    | 2.94               |
+-------------------------+--------------------+
2025-02-12 21:44:27,480 - INFO - 
+-------------------------+--------------------------+
| Metric                  | Value                    |
+=========================+==========================+
| Outcome                 | Coronary artery diseases |
+-------------------------+--------------------------+
| Fold                    | 5                        |
+-------------------------+--------------------------+
| Train sample size       | 19689                    |
+-------------------------+--------------------------+
| Number of cases (train) | 1471                     |
+-------------------------+--------------------------+
| Test sample size        | 2431                     |
+-------------------------+--------------------------+
| Number of cases (test)  | 167                      |
+-------------------------+--------------------------+
| Test C-index            | 0.7307312213693942       |
+-------------------------+--------------------------+
| Time taken (seconds)    | 3.46                     |
+-------------------------+--------------------------+
2025-02-12 21:44:27,668 - INFO - 
+-------------------------+--------------------------+
| Metric                  | Value                    |
+=========================+==========================+
| Outcome                 | Coronary artery diseases |
+-------------------------+--------------------------+
| Fold                    | 6                        |
+-------------------------+--------------------------+
| Train sample size       | 19689                    |
+-------------------------+--------------------------+
| Number of cases (train) | 1431                     |
+-------------------------+--------------------------+
| Test sample size        | 2431                     |
+-------------------------+--------------------------+
| Number of cases (test)  | 194                      |
+-------------------------+--------------------------+
| Test C-index            | 0.7078649618673393       |
+-------------------------+--------------------------+
| Time taken (seconds)    | 3.63                     |
+-------------------------+--------------------------+
2025-02-12 21:44:28,291 - INFO - 
+-------------------------+--------------------------+
| Metric                  | Value                    |
+=========================+==========================+
| Outcome                 | Coronary artery diseases |
+-------------------------+--------------------------+
| Fold                    | 9                        |
+-------------------------+--------------------------+
| Train sample size       | 19690                    |
+-------------------------+--------------------------+
| Number of cases (train) | 1431                     |
+-------------------------+--------------------------+
| Test sample size        | 2430                     |
+-------------------------+--------------------------+
| Number of cases (test)  | 185                      |
+-------------------------+--------------------------+
| Test C-index            | 0.7438983915034441       |
+-------------------------+--------------------------+
| Time taken (seconds)    | 4.25                     |
+-------------------------+--------------------------+
2025-02-12 21:44:28,528 - INFO - 
+-------------------------+--------------------------+
| Metric                  | Value                    |
+=========================+==========================+
| Outcome                 | Coronary artery diseases |
+-------------------------+--------------------------+
| Fold                    | 0                        |
+-------------------------+--------------------------+
| Train sample size       | 19689                    |
+-------------------------+--------------------------+
| Number of cases (train) | 1464                     |
+-------------------------+--------------------------+
| Test sample size        | 2431                     |
+-------------------------+--------------------------+
| Number of cases (test)  | 181                      |
+-------------------------+--------------------------+
| Test C-index            | 0.7195640753094112       |
+-------------------------+--------------------------+
| Time taken (seconds)    | 4.51                     |
+-------------------------+--------------------------+
2025-02-12 21:44:28,714 - INFO - 
+-------------------------+--------------------------+
| Metric                  | Value                    |
+=========================+==========================+
| Outcome                 | Coronary artery diseases |
+-------------------------+--------------------------+
| Fold                    | 3                        |
+-------------------------+--------------------------+
| Train sample size       | 19689                    |
+-------------------------+--------------------------+
| Number of cases (train) | 1444                     |
+-------------------------+--------------------------+
| Test sample size        | 2431                     |
+-------------------------+--------------------------+
| Number of cases (test)  | 180                      |
+-------------------------+--------------------------+
| Test C-index            | 0.7412154909781388       |
+-------------------------+--------------------------+
| Time taken (seconds)    | 4.70                     |
+-------------------------+--------------------------+
2025-02-12 21:44:28,741 - INFO - 
+-------------------------+--------------------------+
| Metric                  | Value                    |
+=========================+==========================+
| Outcome                 | Coronary artery diseases |
+-------------------------+--------------------------+
| Fold                    | 7                        |
+-------------------------+--------------------------+
| Train sample size       | 19689                    |
+-------------------------+--------------------------+
| Number of cases (train) | 1454                     |
+-------------------------+--------------------------+
| Test sample size        | 2431                     |
+-------------------------+--------------------------+
| Number of cases (test)  | 180                      |
+-------------------------+--------------------------+
| Test C-index            | 0.7315226390175632       |
+-------------------------+--------------------------+
| Time taken (seconds)    | 4.72                     |
+-------------------------+--------------------------+
2025-02-12 21:44:28,908 - INFO - 
+-------------------------+--------------------------+
| Metric                  | Value                    |
+=========================+==========================+
| Outcome                 | Coronary artery diseases |
+-------------------------+--------------------------+
| Fold                    | 1                        |
+-------------------------+--------------------------+
| Train sample size       | 19689                    |
+-------------------------+--------------------------+
| Number of cases (train) | 1446                     |
+-------------------------+--------------------------+
| Test sample size        | 2431                     |
+-------------------------+--------------------------+
| Number of cases (test)  | 181                      |
+-------------------------+--------------------------+
| Test C-index            | 0.7418271001812217       |
+-------------------------+--------------------------+
| Time taken (seconds)    | 4.87                     |
+-------------------------+--------------------------+
2025-02-12 21:44:28,966 - INFO - 
+-------------------------+--------------------------+
| Metric                  | Value                    |
+=========================+==========================+
| Outcome                 | Coronary artery diseases |
+-------------------------+--------------------------+
| Fold                    | 4                        |
+-------------------------+--------------------------+
| Train sample size       | 19689                    |
+-------------------------+--------------------------+
| Number of cases (train) | 1489                     |
+-------------------------+--------------------------+
| Test sample size        | 2431                     |
+-------------------------+--------------------------+
| Number of cases (test)  | 165                      |
+-------------------------+--------------------------+
| Test C-index            | 0.7524573558607837       |
+-------------------------+--------------------------+
| Time taken (seconds)    | 4.95                     |
+-------------------------+--------------------------+
2025-02-12 21:44:29,511 - INFO - 
+-------------------------+--------------------------+
| Metric                  | Value                    |
+=========================+==========================+
| Outcome                 | Coronary artery diseases |
+-------------------------+--------------------------+
| Fold                    | 8                        |
+-------------------------+--------------------------+
| Train sample size       | 19690                    |
+-------------------------+--------------------------+
| Number of cases (train) | 1452                     |
+-------------------------+--------------------------+
| Test sample size        | 2430                     |
+-------------------------+--------------------------+
| Number of cases (test)  | 178                      |
+-------------------------+--------------------------+
| Test C-index            | 0.736475127463139        |
+-------------------------+--------------------------+
| Time taken (seconds)    | 5.49                     |
+-------------------------+--------------------------+
2025-02-12 21:44:29,543 - INFO - 
+-------------------------+--------------------+
| Metric                  | Value              |
+=========================+====================+
| Outcome                 | Stroke             |
+-------------------------+--------------------+
| Fold                    | 6                  |
+-------------------------+--------------------+
| Train sample size       | 19689              |
+-------------------------+--------------------+
| Number of cases (train) | 489                |
+-------------------------+--------------------+
| Test sample size        | 2431               |
+-------------------------+--------------------+
| Number of cases (test)  | 56                 |
+-------------------------+--------------------+
| Test C-index            | 0.7594602290704296 |
+-------------------------+--------------------+
| Time taken (seconds)    | 3.40               |
+-------------------------+--------------------+
2025-02-12 21:44:29,752 - INFO - 
+-------------------------+--------------------------+
| Metric                  | Value                    |
+=========================+==========================+
| Outcome                 | Coronary artery diseases |
+-------------------------+--------------------------+
| Fold                    | 2                        |
+-------------------------+--------------------------+
| Train sample size       | 19689                    |
+-------------------------+--------------------------+
| Number of cases (train) | 1464                     |
+-------------------------+--------------------------+
| Test sample size        | 2431                     |
+-------------------------+--------------------------+
| Number of cases (test)  | 183                      |
+-------------------------+--------------------------+
| Test C-index            | 0.7213973288082037       |
+-------------------------+--------------------------+
| Time taken (seconds)    | 5.73                     |
+-------------------------+--------------------------+
2025-02-12 21:44:29,886 - INFO - 
+-------------------------+--------------------+
| Metric                  | Value              |
+=========================+====================+
| Outcome                 | Stroke             |
+-------------------------+--------------------+
| Fold                    | 9                  |
+-------------------------+--------------------+
| Train sample size       | 19690              |
+-------------------------+--------------------+
| Number of cases (train) | 475                |
+-------------------------+--------------------+
| Test sample size        | 2430               |
+-------------------------+--------------------+
| Number of cases (test)  | 58                 |
+-------------------------+--------------------+
| Test C-index            | 0.7311824709497671 |
+-------------------------+--------------------+
| Time taken (seconds)    | 3.33               |
+-------------------------+--------------------+
2025-02-12 21:44:29,960 - INFO - 
+-------------------------+------------------+
| Metric                  | Value            |
+=========================+==================+
| Outcome                 | Stroke           |
+-------------------------+------------------+
| Fold                    | 8                |
+-------------------------+------------------+
| Train sample size       | 19690            |
+-------------------------+------------------+
| Number of cases (train) | 465              |
+-------------------------+------------------+
| Test sample size        | 2430             |
+-------------------------+------------------+
| Number of cases (test)  | 60               |
+-------------------------+------------------+
| Test C-index            | 0.64917699238105 |
+-------------------------+------------------+
| Time taken (seconds)    | 3.52             |
+-------------------------+------------------+
2025-02-12 21:44:30,007 - INFO - 
+-------------------------+--------------------+
| Metric                  | Value              |
+=========================+====================+
| Outcome                 | Stroke             |
+-------------------------+--------------------+
| Fold                    | 7                  |
+-------------------------+--------------------+
| Train sample size       | 19689              |
+-------------------------+--------------------+
| Number of cases (train) | 478                |
+-------------------------+--------------------+
| Test sample size        | 2431               |
+-------------------------+--------------------+
| Number of cases (test)  | 57                 |
+-------------------------+--------------------+
| Test C-index            | 0.6915249342635235 |
+-------------------------+--------------------+
| Time taken (seconds)    | 3.62               |
+-------------------------+--------------------+
2025-02-12 21:44:30,527 - INFO - 
+-------------------------+--------------------+
| Metric                  | Value              |
+=========================+====================+
| Outcome                 | Heart failure      |
+-------------------------+--------------------+
| Fold                    | 0                  |
+-------------------------+--------------------+
| Train sample size       | 19689              |
+-------------------------+--------------------+
| Number of cases (train) | 654                |
+-------------------------+--------------------+
| Test sample size        | 2431               |
+-------------------------+--------------------+
| Number of cases (test)  | 78                 |
+-------------------------+--------------------+
| Test C-index            | 0.7386642802993599 |
+-------------------------+--------------------+
| Time taken (seconds)    | 3.90               |
+-------------------------+--------------------+
2025-02-12 21:44:31,179 - INFO - 
+-------------------------+--------------------+
| Metric                  | Value              |
+=========================+====================+
| Outcome                 | Heart failure      |
+-------------------------+--------------------+
| Fold                    | 1                  |
+-------------------------+--------------------+
| Train sample size       | 19689              |
+-------------------------+--------------------+
| Number of cases (train) | 658                |
+-------------------------+--------------------+
| Test sample size        | 2431               |
+-------------------------+--------------------+
| Number of cases (test)  | 77                 |
+-------------------------+--------------------+
| Test C-index            | 0.7698318133907703 |
+-------------------------+--------------------+
| Time taken (seconds)    | 4.17               |
+-------------------------+--------------------+
2025-02-12 21:44:31,281 - INFO - 
+-------------------------+--------------------+
| Metric                  | Value              |
+=========================+====================+
| Outcome                 | Heart failure      |
+-------------------------+--------------------+
| Fold                    | 4                  |
+-------------------------+--------------------+
| Train sample size       | 19689              |
+-------------------------+--------------------+
| Number of cases (train) | 662                |
+-------------------------+--------------------+
| Test sample size        | 2431               |
+-------------------------+--------------------+
| Number of cases (test)  | 70                 |
+-------------------------+--------------------+
| Test C-index            | 0.7668915952790076 |
+-------------------------+--------------------+
| Time taken (seconds)    | 2.97               |
+-------------------------+--------------------+
2025-02-12 21:44:31,628 - INFO - 
+-------------------------+-------------------+
| Metric                  | Value             |
+=========================+===================+
| Outcome                 | Heart failure     |
+-------------------------+-------------------+
| Fold                    | 2                 |
+-------------------------+-------------------+
| Train sample size       | 19689             |
+-------------------------+-------------------+
| Number of cases (train) | 630               |
+-------------------------+-------------------+
| Test sample size        | 2431              |
+-------------------------+-------------------+
| Number of cases (test)  | 99                |
+-------------------------+-------------------+
| Test C-index            | 0.787945485671091 |
+-------------------------+-------------------+
| Time taken (seconds)    | 4.13              |
+-------------------------+-------------------+
2025-02-12 21:44:32,153 - INFO - 
+-------------------------+--------------------+
| Metric                  | Value              |
+=========================+====================+
| Outcome                 | Heart failure      |
+-------------------------+--------------------+
| Fold                    | 3                  |
+-------------------------+--------------------+
| Train sample size       | 19689              |
+-------------------------+--------------------+
| Number of cases (train) | 641                |
+-------------------------+--------------------+
| Test sample size        | 2431               |
+-------------------------+--------------------+
| Number of cases (test)  | 80                 |
+-------------------------+--------------------+
| Test C-index            | 0.7421628835493927 |
+-------------------------+--------------------+
| Time taken (seconds)    | 4.45               |
+-------------------------+--------------------+
2025-02-12 21:44:32,280 - INFO - 
+-------------------------+--------------------+
| Metric                  | Value              |
+=========================+====================+
| Outcome                 | Heart failure      |
+-------------------------+--------------------+
| Fold                    | 6                  |
+-------------------------+--------------------+
| Train sample size       | 19689              |
+-------------------------+--------------------+
| Number of cases (train) | 634                |
+-------------------------+--------------------+
| Test sample size        | 2431               |
+-------------------------+--------------------+
| Number of cases (test)  | 85                 |
+-------------------------+--------------------+
| Test C-index            | 0.7899036088233001 |
+-------------------------+--------------------+
| Time taken (seconds)    | 3.50               |
+-------------------------+--------------------+
2025-02-12 21:44:32,606 - INFO - 
+-------------------------+--------------------+
| Metric                  | Value              |
+=========================+====================+
| Outcome                 | Heart failure      |
+-------------------------+--------------------+
| Fold                    | 7                  |
+-------------------------+--------------------+
| Train sample size       | 19689              |
+-------------------------+--------------------+
| Number of cases (train) | 679                |
+-------------------------+--------------------+
| Test sample size        | 2431               |
+-------------------------+--------------------+
| Number of cases (test)  | 58                 |
+-------------------------+--------------------+
| Test C-index            | 0.7714660950425699 |
+-------------------------+--------------------+
| Time taken (seconds)    | 3.81               |
+-------------------------+--------------------+
2025-02-12 21:44:32,975 - INFO - 
+-------------------------+--------------------+
| Metric                  | Value              |
+=========================+====================+
| Outcome                 | Heart failure      |
+-------------------------+--------------------+
| Fold                    | 8                  |
+-------------------------+--------------------+
| Train sample size       | 19690              |
+-------------------------+--------------------+
| Number of cases (train) | 618                |
+-------------------------+--------------------+
| Test sample size        | 2430               |
+-------------------------+--------------------+
| Number of cases (test)  | 96                 |
+-------------------------+--------------------+
| Test C-index            | 0.7550608698885795 |
+-------------------------+--------------------+
| Time taken (seconds)    | 4.06               |
+-------------------------+--------------------+
2025-02-12 21:44:33,136 - INFO - 
+-------------------------+--------------------+
| Metric                  | Value              |
+=========================+====================+
| Outcome                 | Heart failure      |
+-------------------------+--------------------+
| Fold                    | 5                  |
+-------------------------+--------------------+
| Train sample size       | 19689              |
+-------------------------+--------------------+
| Number of cases (train) | 661                |
+-------------------------+--------------------+
| Test sample size        | 2431               |
+-------------------------+--------------------+
| Number of cases (test)  | 77                 |
+-------------------------+--------------------+
| Test C-index            | 0.7402039012181261 |
+-------------------------+--------------------+
| Time taken (seconds)    | 4.60               |
+-------------------------+--------------------+
2025-02-12 21:44:33,148 - INFO - 
+-------------------------+--------------------+
| Metric                  | Value              |
+=========================+====================+
| Outcome                 | Heart failure      |
+-------------------------+--------------------+
| Fold                    | 9                  |
+-------------------------+--------------------+
| Train sample size       | 19690              |
+-------------------------+--------------------+
| Number of cases (train) | 638                |
+-------------------------+--------------------+
| Test sample size        | 2430               |
+-------------------------+--------------------+
| Number of cases (test)  | 79                 |
+-------------------------+--------------------+
| Test C-index            | 0.7493638103817137 |
+-------------------------+--------------------+
| Time taken (seconds)    | 4.17               |
+-------------------------+--------------------+
2025-02-12 21:44:33,861 - INFO - 
+-------------------------+---------------------+
| Metric                  | Value               |
+=========================+=====================+
| Outcome                 | Atrial fibrillation |
+-------------------------+---------------------+
| Fold                    | 0                   |
+-------------------------+---------------------+
| Train sample size       | 19689               |
+-------------------------+---------------------+
| Number of cases (train) | 1238                |
+-------------------------+---------------------+
| Test sample size        | 2431                |
+-------------------------+---------------------+
| Number of cases (test)  | 155                 |
+-------------------------+---------------------+
| Test C-index            | 0.7278086939016148  |
+-------------------------+---------------------+
| Time taken (seconds)    | 4.35                |
+-------------------------+---------------------+
2025-02-12 21:44:34,421 - INFO - 
+-------------------------+---------------------+
| Metric                  | Value               |
+=========================+=====================+
| Outcome                 | Atrial fibrillation |
+-------------------------+---------------------+
| Fold                    | 7                   |
+-------------------------+---------------------+
| Train sample size       | 19689               |
+-------------------------+---------------------+
| Number of cases (train) | 1274                |
+-------------------------+---------------------+
| Test sample size        | 2431                |
+-------------------------+---------------------+
| Number of cases (test)  | 129                 |
+-------------------------+---------------------+
| Test C-index            | 0.7226661303408168  |
+-------------------------+---------------------+
| Time taken (seconds)    | 3.23                |
+-------------------------+---------------------+
2025-02-12 21:44:34,577 - INFO - 
+-------------------------+---------------------+
| Metric                  | Value               |
+=========================+=====================+
| Outcome                 | Atrial fibrillation |
+-------------------------+---------------------+
| Fold                    | 5                   |
+-------------------------+---------------------+
| Train sample size       | 19689               |
+-------------------------+---------------------+
| Number of cases (train) | 1230                |
+-------------------------+---------------------+
| Test sample size        | 2431                |
+-------------------------+---------------------+
| Number of cases (test)  | 177                 |
+-------------------------+---------------------+
| Test C-index            | 0.7642062776201682  |
+-------------------------+---------------------+
| Time taken (seconds)    | 4.54                |
+-------------------------+---------------------+
2025-02-12 21:44:34,660 - INFO - 
+-------------------------+---------------------+
| Metric                  | Value               |
+=========================+=====================+
| Outcome                 | Atrial fibrillation |
+-------------------------+---------------------+
| Fold                    | 1                   |
+-------------------------+---------------------+
| Train sample size       | 19689               |
+-------------------------+---------------------+
| Number of cases (train) | 1255                |
+-------------------------+---------------------+
| Test sample size        | 2431                |
+-------------------------+---------------------+
| Number of cases (test)  | 143                 |
+-------------------------+---------------------+
| Test C-index            | 0.7369217520452801  |
+-------------------------+---------------------+
| Time taken (seconds)    | 5.11                |
+-------------------------+---------------------+
2025-02-12 21:44:35,092 - INFO - 
+-------------------------+---------------------+
| Metric                  | Value               |
+=========================+=====================+
| Outcome                 | Atrial fibrillation |
+-------------------------+---------------------+
| Fold                    | 4                   |
+-------------------------+---------------------+
| Train sample size       | 19689               |
+-------------------------+---------------------+
| Number of cases (train) | 1242                |
+-------------------------+---------------------+
| Test sample size        | 2431                |
+-------------------------+---------------------+
| Number of cases (test)  | 154                 |
+-------------------------+---------------------+
| Test C-index            | 0.7598465369936931  |
+-------------------------+---------------------+
| Time taken (seconds)    | 5.12                |
+-------------------------+---------------------+
2025-02-12 21:44:35,167 - INFO - 
+-------------------------+---------------------+
| Metric                  | Value               |
+=========================+=====================+
| Outcome                 | Atrial fibrillation |
+-------------------------+---------------------+
| Fold                    | 3                   |
+-------------------------+---------------------+
| Train sample size       | 19689               |
+-------------------------+---------------------+
| Number of cases (train) | 1210                |
+-------------------------+---------------------+
| Test sample size        | 2431                |
+-------------------------+---------------------+
| Number of cases (test)  | 150                 |
+-------------------------+---------------------+
| Test C-index            | 0.7356796638093646  |
+-------------------------+---------------------+
| Time taken (seconds)    | 5.26                |
+-------------------------+---------------------+
2025-02-12 21:44:35,330 - INFO - 
+-------------------------+-------------------------+
| Metric                  | Value                   |
+=========================+=========================+
| Outcome                 | Ventricular arrhythmias |
+-------------------------+-------------------------+
| Fold                    | 0                       |
+-------------------------+-------------------------+
| Train sample size       | 19689                   |
+-------------------------+-------------------------+
| Number of cases (train) | 190                     |
+-------------------------+-------------------------+
| Test sample size        | 2431                    |
+-------------------------+-------------------------+
| Number of cases (test)  | 26                      |
+-------------------------+-------------------------+
| Test C-index            | 0.712016232802138       |
+-------------------------+-------------------------+
| Time taken (seconds)    | 3.17                    |
+-------------------------+-------------------------+
2025-02-12 21:44:35,471 - INFO - 
+-------------------------+---------------------+
| Metric                  | Value               |
+=========================+=====================+
| Outcome                 | Atrial fibrillation |
+-------------------------+---------------------+
| Fold                    | 6                   |
+-------------------------+---------------------+
| Train sample size       | 19689               |
+-------------------------+---------------------+
| Number of cases (train) | 1249                |
+-------------------------+---------------------+
| Test sample size        | 2431                |
+-------------------------+---------------------+
| Number of cases (test)  | 153                 |
+-------------------------+---------------------+
| Test C-index            | 0.7308082260627558  |
+-------------------------+---------------------+
| Time taken (seconds)    | 4.94                |
+-------------------------+---------------------+
2025-02-12 21:44:35,629 - INFO - 
+-------------------------+-------------------------+
| Metric                  | Value                   |
+=========================+=========================+
| Outcome                 | Ventricular arrhythmias |
+-------------------------+-------------------------+
| Fold                    | 1                       |
+-------------------------+-------------------------+
| Train sample size       | 19689                   |
+-------------------------+-------------------------+
| Number of cases (train) | 191                     |
+-------------------------+-------------------------+
| Test sample size        | 2431                    |
+-------------------------+-------------------------+
| Number of cases (test)  | 24                      |
+-------------------------+-------------------------+
| Test C-index            | 0.6219849814529992      |
+-------------------------+-------------------------+
| Time taken (seconds)    | 3.34                    |
+-------------------------+-------------------------+
2025-02-12 21:44:35,773 - INFO - 
+-------------------------+-------------------------+
| Metric                  | Value                   |
+=========================+=========================+
| Outcome                 | Ventricular arrhythmias |
+-------------------------+-------------------------+
| Fold                    | 3                       |
+-------------------------+-------------------------+
| Train sample size       | 19689                   |
+-------------------------+-------------------------+
| Number of cases (train) | 187                     |
+-------------------------+-------------------------+
| Test sample size        | 2431                    |
+-------------------------+-------------------------+
| Number of cases (test)  | 20                      |
+-------------------------+-------------------------+
| Test C-index            | 0.633444004597114       |
+-------------------------+-------------------------+
| Time taken (seconds)    | 2.78                    |
+-------------------------+-------------------------+
2025-02-12 21:44:36,054 - INFO - 
+-------------------------+-------------------------+
| Metric                  | Value                   |
+=========================+=========================+
| Outcome                 | Ventricular arrhythmias |
+-------------------------+-------------------------+
| Fold                    | 4                       |
+-------------------------+-------------------------+
| Train sample size       | 19689                   |
+-------------------------+-------------------------+
| Number of cases (train) | 190                     |
+-------------------------+-------------------------+
| Test sample size        | 2431                    |
+-------------------------+-------------------------+
| Number of cases (test)  | 23                      |
+-------------------------+-------------------------+
| Test C-index            | 0.7359429946326115      |
+-------------------------+-------------------------+
| Time taken (seconds)    | 2.90                    |
+-------------------------+-------------------------+
2025-02-12 21:44:36,065 - INFO - 
+-------------------------+-------------------------+
| Metric                  | Value                   |
+=========================+=========================+
| Outcome                 | Ventricular arrhythmias |
+-------------------------+-------------------------+
| Fold                    | 2                       |
+-------------------------+-------------------------+
| Train sample size       | 19689                   |
+-------------------------+-------------------------+
| Number of cases (train) | 187                     |
+-------------------------+-------------------------+
| Test sample size        | 2431                    |
+-------------------------+-------------------------+
| Number of cases (test)  | 22                      |
+-------------------------+-------------------------+
| Test C-index            | 0.707715636784453       |
+-------------------------+-------------------------+
| Time taken (seconds)    | 3.43                    |
+-------------------------+-------------------------+
2025-02-12 21:44:36,134 - INFO - 
+-------------------------+---------------------+
| Metric                  | Value               |
+=========================+=====================+
| Outcome                 | Atrial fibrillation |
+-------------------------+---------------------+
| Fold                    | 2                   |
+-------------------------+---------------------+
| Train sample size       | 19689               |
+-------------------------+---------------------+
| Number of cases (train) | 1245                |
+-------------------------+---------------------+
| Test sample size        | 2431                |
+-------------------------+---------------------+
| Number of cases (test)  | 157                 |
+-------------------------+---------------------+
| Test C-index            | 0.7702768018406347  |
+-------------------------+---------------------+
| Time taken (seconds)    | 6.38                |
+-------------------------+---------------------+
2025-02-12 21:44:36,155 - INFO - 
+-------------------------+-------------------------+
| Metric                  | Value                   |
+=========================+=========================+
| Outcome                 | Ventricular arrhythmias |
+-------------------------+-------------------------+
| Fold                    | 5                       |
+-------------------------+-------------------------+
| Train sample size       | 19689                   |
+-------------------------+-------------------------+
| Number of cases (train) | 191                     |
+-------------------------+-------------------------+
| Test sample size        | 2431                    |
+-------------------------+-------------------------+
| Number of cases (test)  | 23                      |
+-------------------------+-------------------------+
| Test C-index            | 0.6748539132100776      |
+-------------------------+-------------------------+
| Time taken (seconds)    | 2.99                    |
+-------------------------+-------------------------+
2025-02-12 21:44:36,342 - INFO - 
+-------------------------+---------------------+
| Metric                  | Value               |
+=========================+=====================+
| Outcome                 | Atrial fibrillation |
+-------------------------+---------------------+
| Fold                    | 9                   |
+-------------------------+---------------------+
| Train sample size       | 19690               |
+-------------------------+---------------------+
| Number of cases (train) | 1219                |
+-------------------------+---------------------+
| Test sample size        | 2430                |
+-------------------------+---------------------+
| Number of cases (test)  | 152                 |
+-------------------------+---------------------+
| Test C-index            | 0.7505719755334548  |
+-------------------------+---------------------+
| Time taken (seconds)    | 4.67                |
+-------------------------+---------------------+
2025-02-12 21:44:36,408 - INFO - 
+-------------------------+---------------------+
| Metric                  | Value               |
+=========================+=====================+
| Outcome                 | Atrial fibrillation |
+-------------------------+---------------------+
| Fold                    | 8                   |
+-------------------------+---------------------+
| Train sample size       | 19690               |
+-------------------------+---------------------+
| Number of cases (train) | 1229                |
+-------------------------+---------------------+
| Test sample size        | 2430                |
+-------------------------+---------------------+
| Number of cases (test)  | 157                 |
+-------------------------+---------------------+
| Test C-index            | 0.7624535263433184  |
+-------------------------+---------------------+
| Time taken (seconds)    | 5.12                |
+-------------------------+---------------------+
2025-02-12 21:44:36,567 - INFO - 
+-------------------------+-------------------------+
| Metric                  | Value                   |
+=========================+=========================+
| Outcome                 | Ventricular arrhythmias |
+-------------------------+-------------------------+
| Fold                    | 6                       |
+-------------------------+-------------------------+
| Train sample size       | 19689                   |
+-------------------------+-------------------------+
| Number of cases (train) | 192                     |
+-------------------------+-------------------------+
| Test sample size        | 2431                    |
+-------------------------+-------------------------+
| Number of cases (test)  | 23                      |
+-------------------------+-------------------------+
| Test C-index            | 0.6969911436714551      |
+-------------------------+-------------------------+
| Time taken (seconds)    | 2.63                    |
+-------------------------+-------------------------+
2025-02-12 21:44:37,515 - INFO - 
+-------------------------+-------------------------+
| Metric                  | Value                   |
+=========================+=========================+
| Outcome                 | Ventricular arrhythmias |
+-------------------------+-------------------------+
| Fold                    | 7                       |
+-------------------------+-------------------------+
| Train sample size       | 19689                   |
+-------------------------+-------------------------+
| Number of cases (train) | 195                     |
+-------------------------+-------------------------+
| Test sample size        | 2431                    |
+-------------------------+-------------------------+
| Number of cases (test)  | 24                      |
+-------------------------+-------------------------+
| Test C-index            | 0.731414013646648       |
+-------------------------+-------------------------+
| Time taken (seconds)    | 3.09                    |
+-------------------------+-------------------------+
2025-02-12 21:44:37,529 - INFO - 
+-------------------------+---------------------------+
| Metric                  | Value                     |
+=========================+===========================+
| Outcome                 | Abdominal aortic aneurysm |
+-------------------------+---------------------------+
| Fold                    | 1                         |
+-------------------------+---------------------------+
| Train sample size       | 19689                     |
+-------------------------+---------------------------+
| Number of cases (train) | 101                       |
+-------------------------+---------------------------+
| Test sample size        | 2431                      |
+-------------------------+---------------------------+
| Number of cases (test)  | 10                        |
+-------------------------+---------------------------+
| Test C-index            | 0.7888584396677228        |
+-------------------------+---------------------------+
| Time taken (seconds)    | 2.33                      |
+-------------------------+---------------------------+
2025-02-12 21:44:37,779 - INFO - 
+-------------------------+-------------------------+
| Metric                  | Value                   |
+=========================+=========================+
| Outcome                 | Ventricular arrhythmias |
+-------------------------+-------------------------+
| Fold                    | 8                       |
+-------------------------+-------------------------+
| Train sample size       | 19690                   |
+-------------------------+-------------------------+
| Number of cases (train) | 182                     |
+-------------------------+-------------------------+
| Test sample size        | 2430                    |
+-------------------------+-------------------------+
| Number of cases (test)  | 25                      |
+-------------------------+-------------------------+
| Test C-index            | 0.6878108593534125      |
+-------------------------+-------------------------+
| Time taken (seconds)    | 3.19                    |
+-------------------------+-------------------------+
2025-02-12 21:44:38,052 - INFO - 
+-------------------------+---------------------------+
| Metric                  | Value                     |
+=========================+===========================+
| Outcome                 | Abdominal aortic aneurysm |
+-------------------------+---------------------------+
| Fold                    | 0                         |
+-------------------------+---------------------------+
| Train sample size       | 19689                     |
+-------------------------+---------------------------+
| Number of cases (train) | 99                        |
+-------------------------+---------------------------+
| Test sample size        | 2431                      |
+-------------------------+---------------------------+
| Number of cases (test)  | 10                        |
+-------------------------+---------------------------+
| Test C-index            | 0.5810020969972783        |
+-------------------------+---------------------------+
| Time taken (seconds)    | 2.92                      |
+-------------------------+---------------------------+
2025-02-12 21:44:38,521 - INFO - 
+-------------------------+---------------------------+
| Metric                  | Value                     |
+=========================+===========================+
| Outcome                 | Abdominal aortic aneurysm |
+-------------------------+---------------------------+
| Fold                    | 2                         |
+-------------------------+---------------------------+
| Train sample size       | 19689                     |
+-------------------------+---------------------------+
| Number of cases (train) | 102                       |
+-------------------------+---------------------------+
| Test sample size        | 2431                      |
+-------------------------+---------------------------+
| Number of cases (test)  | 13                        |
+-------------------------+---------------------------+
| Test C-index            | 0.8926145153696106        |
+-------------------------+---------------------------+
| Time taken (seconds)    | 3.19                      |
+-------------------------+---------------------------+
2025-02-12 21:44:38,815 - INFO - 
+-------------------------+---------------------------+
| Metric                  | Value                     |
+=========================+===========================+
| Outcome                 | Abdominal aortic aneurysm |
+-------------------------+---------------------------+
| Fold                    | 9                         |
+-------------------------+---------------------------+
| Train sample size       | 19690                     |
+-------------------------+---------------------------+
| Number of cases (train) | 98                        |
+-------------------------+---------------------------+
| Test sample size        | 2430                      |
+-------------------------+---------------------------+
| Number of cases (test)  | 10                        |
+-------------------------+---------------------------+
| Test C-index            | 0.8839683432080613        |
+-------------------------+---------------------------+
| Time taken (seconds)    | 2.64                      |
+-------------------------+---------------------------+
2025-02-12 21:44:38,954 - INFO - 
+-------------------------+-------------------------+
| Metric                  | Value                   |
+=========================+=========================+
| Outcome                 | Ventricular arrhythmias |
+-------------------------+-------------------------+
| Fold                    | 9                       |
+-------------------------+-------------------------+
| Train sample size       | 19690                   |
+-------------------------+-------------------------+
| Number of cases (train) | 187                     |
+-------------------------+-------------------------+
| Test sample size        | 2430                    |
+-------------------------+-------------------------+
| Number of cases (test)  | 22                      |
+-------------------------+-------------------------+
| Test C-index            | 0.6002312091834665      |
+-------------------------+-------------------------+
| Time taken (seconds)    | 4.28                    |
+-------------------------+-------------------------+
2025-02-12 21:44:38,995 - INFO - 
+-------------------------+---------------------------+
| Metric                  | Value                     |
+=========================+===========================+
| Outcome                 | Abdominal aortic aneurysm |
+-------------------------+---------------------------+
| Fold                    | 4                         |
+-------------------------+---------------------------+
| Train sample size       | 19689                     |
+-------------------------+---------------------------+
| Number of cases (train) | 101                       |
+-------------------------+---------------------------+
| Test sample size        | 2431                      |
+-------------------------+---------------------------+
| Number of cases (test)  | 15                        |
+-------------------------+---------------------------+
| Test C-index            | 0.8744427074286376        |
+-------------------------+---------------------------+
| Time taken (seconds)    | 3.31                      |
+-------------------------+---------------------------+
2025-02-12 21:44:39,059 - INFO - 
+-------------------------+---------------------------+
| Metric                  | Value                     |
+=========================+===========================+
| Outcome                 | Abdominal aortic aneurysm |
+-------------------------+---------------------------+
| Fold                    | 6                         |
+-------------------------+---------------------------+
| Train sample size       | 19689                     |
+-------------------------+---------------------------+
| Number of cases (train) | 98                        |
+-------------------------+---------------------------+
| Test sample size        | 2431                      |
+-------------------------+---------------------------+
| Number of cases (test)  | 17                        |
+-------------------------+---------------------------+
| Test C-index            | 0.7317755556706906        |
+-------------------------+---------------------------+
| Time taken (seconds)    | 3.00                      |
+-------------------------+---------------------------+
2025-02-12 21:44:39,240 - INFO - 
+-------------------------+---------------------------+
| Metric                  | Value                     |
+=========================+===========================+
| Outcome                 | Abdominal aortic aneurysm |
+-------------------------+---------------------------+
| Fold                    | 3                         |
+-------------------------+---------------------------+
| Train sample size       | 19689                     |
+-------------------------+---------------------------+
| Number of cases (train) | 95                        |
+-------------------------+---------------------------+
| Test sample size        | 2431                      |
+-------------------------+---------------------------+
| Number of cases (test)  | 16                        |
+-------------------------+---------------------------+
| Test C-index            | 0.8372518500314028        |
+-------------------------+---------------------------+
| Time taken (seconds)    | 3.74                      |
+-------------------------+---------------------------+
2025-02-12 21:44:39,341 - INFO - 
+-------------------------+---------------------------+
| Metric                  | Value                     |
+=========================+===========================+
| Outcome                 | Abdominal aortic aneurysm |
+-------------------------+---------------------------+
| Fold                    | 5                         |
+-------------------------+---------------------------+
| Train sample size       | 19689                     |
+-------------------------+---------------------------+
| Number of cases (train) | 99                        |
+-------------------------+---------------------------+
| Test sample size        | 2431                      |
+-------------------------+---------------------------+
| Number of cases (test)  | 12                        |
+-------------------------+---------------------------+
| Test C-index            | 0.8001146090756062        |
+-------------------------+---------------------------+
| Time taken (seconds)    | 3.55                      |
+-------------------------+---------------------------+
2025-02-12 21:44:39,374 - INFO - 
+-------------------------+---------------------------+
| Metric                  | Value                     |
+=========================+===========================+
| Outcome                 | Abdominal aortic aneurysm |
+-------------------------+---------------------------+
| Fold                    | 7                         |
+-------------------------+---------------------------+
| Train sample size       | 19689                     |
+-------------------------+---------------------------+
| Number of cases (train) | 105                       |
+-------------------------+---------------------------+
| Test sample size        | 2431                      |
+-------------------------+---------------------------+
| Number of cases (test)  | 10                        |
+-------------------------+---------------------------+
| Test C-index            | 0.7770810333406933        |
+-------------------------+---------------------------+
| Time taken (seconds)    | 3.31                      |
+-------------------------+---------------------------+
2025-02-12 21:44:39,532 - INFO - 
+-------------------------+---------------------------+
| Metric                  | Value                     |
+=========================+===========================+
| Outcome                 | Abdominal aortic aneurysm |
+-------------------------+---------------------------+
| Fold                    | 8                         |
+-------------------------+---------------------------+
| Train sample size       | 19690                     |
+-------------------------+---------------------------+
| Number of cases (train) | 101                       |
+-------------------------+---------------------------+
| Test sample size        | 2430                      |
+-------------------------+---------------------------+
| Number of cases (test)  | 10                        |
+-------------------------+---------------------------+
| Test C-index            | 0.8581638730536885        |
+-------------------------+---------------------------+
| Time taken (seconds)    | 3.38                      |
+-------------------------+---------------------------+
2025-02-12 21:44:39,792 - INFO - 
+-------------------------+----------------------------+
| Metric                  | Value                      |
+=========================+============================+
| Outcome                 | Peripheral artery diseases |
+-------------------------+----------------------------+
| Fold                    | 0                          |
+-------------------------+----------------------------+
| Train sample size       | 19689                      |
+-------------------------+----------------------------+
| Number of cases (train) | 268                        |
+-------------------------+----------------------------+
| Test sample size        | 2431                       |
+-------------------------+----------------------------+
| Number of cases (test)  | 26                         |
+-------------------------+----------------------------+
| Test C-index            | 0.7734568950858698         |
+-------------------------+----------------------------+
| Time taken (seconds)    | 3.32                       |
+-------------------------+----------------------------+
2025-02-12 21:44:40,061 - INFO - 
+-------------------------+----------------------------+
| Metric                  | Value                      |
+=========================+============================+
| Outcome                 | Peripheral artery diseases |
+-------------------------+----------------------------+
| Fold                    | 2                          |
+-------------------------+----------------------------+
| Train sample size       | 19689                      |
+-------------------------+----------------------------+
| Number of cases (train) | 260                        |
+-------------------------+----------------------------+
| Test sample size        | 2431                       |
+-------------------------+----------------------------+
| Number of cases (test)  | 28                         |
+-------------------------+----------------------------+
| Test C-index            | 0.7789456477319167         |
+-------------------------+----------------------------+
| Time taken (seconds)    | 3.46                       |
+-------------------------+----------------------------+
2025-02-12 21:44:40,388 - INFO - 
+-------------------------+----------------------------+
| Metric                  | Value                      |
+=========================+============================+
| Outcome                 | Peripheral artery diseases |
+-------------------------+----------------------------+
| Fold                    | 4                          |
+-------------------------+----------------------------+
| Train sample size       | 19689                      |
+-------------------------+----------------------------+
| Number of cases (train) | 255                        |
+-------------------------+----------------------------+
| Test sample size        | 2431                       |
+-------------------------+----------------------------+
| Number of cases (test)  | 38                         |
+-------------------------+----------------------------+
| Test C-index            | 0.8010326125571371         |
+-------------------------+----------------------------+
| Time taken (seconds)    | 2.82                       |
+-------------------------+----------------------------+
2025-02-12 21:44:40,431 - INFO - 
+-------------------------+----------------------------+
| Metric                  | Value                      |
+=========================+============================+
| Outcome                 | Peripheral artery diseases |
+-------------------------+----------------------------+
| Fold                    | 5                          |
+-------------------------+----------------------------+
| Train sample size       | 19689                      |
+-------------------------+----------------------------+
| Number of cases (train) | 261                        |
+-------------------------+----------------------------+
| Test sample size        | 2431                       |
+-------------------------+----------------------------+
| Number of cases (test)  | 37                         |
+-------------------------+----------------------------+
| Test C-index            | 0.8369030150991622         |
+-------------------------+----------------------------+
| Time taken (seconds)    | 2.63                       |
+-------------------------+----------------------------+
2025-02-12 21:44:40,530 - INFO - 
+-------------------------+----------------------------+
| Metric                  | Value                      |
+=========================+============================+
| Outcome                 | Peripheral artery diseases |
+-------------------------+----------------------------+
| Fold                    | 1                          |
+-------------------------+----------------------------+
| Train sample size       | 19689                      |
+-------------------------+----------------------------+
| Number of cases (train) | 266                        |
+-------------------------+----------------------------+
| Test sample size        | 2431                       |
+-------------------------+----------------------------+
| Number of cases (test)  | 33                         |
+-------------------------+----------------------------+
| Test C-index            | 0.7708676937929925         |
+-------------------------+----------------------------+
| Time taken (seconds)    | 4.12                       |
+-------------------------+----------------------------+
2025-02-12 21:44:40,693 - INFO - 
+-------------------------+----------------------------+
| Metric                  | Value                      |
+=========================+============================+
| Outcome                 | Peripheral artery diseases |
+-------------------------+----------------------------+
| Fold                    | 3                          |
+-------------------------+----------------------------+
| Train sample size       | 19689                      |
+-------------------------+----------------------------+
| Number of cases (train) | 258                        |
+-------------------------+----------------------------+
| Test sample size        | 2431                       |
+-------------------------+----------------------------+
| Number of cases (test)  | 31                         |
+-------------------------+----------------------------+
| Test C-index            | 0.8037987981678363         |
+-------------------------+----------------------------+
| Time taken (seconds)    | 3.15                       |
+-------------------------+----------------------------+
2025-02-12 21:44:41,238 - INFO - 
+-------------------------+----------------------------+
| Metric                  | Value                      |
+=========================+============================+
| Outcome                 | Peripheral artery diseases |
+-------------------------+----------------------------+
| Fold                    | 6                          |
+-------------------------+----------------------------+
| Train sample size       | 19689                      |
+-------------------------+----------------------------+
| Number of cases (train) | 261                        |
+-------------------------+----------------------------+
| Test sample size        | 2431                       |
+-------------------------+----------------------------+
| Number of cases (test)  | 34                         |
+-------------------------+----------------------------+
| Test C-index            | 0.8219769612761472         |
+-------------------------+----------------------------+
| Time taken (seconds)    | 3.18                       |
+-------------------------+----------------------------+
2025-02-12 21:44:41,346 - INFO - 
+-------------------------+----------------------------+
| Metric                  | Value                      |
+=========================+============================+
| Outcome                 | Peripheral artery diseases |
+-------------------------+----------------------------+
| Fold                    | 7                          |
+-------------------------+----------------------------+
| Train sample size       | 19689                      |
+-------------------------+----------------------------+
| Number of cases (train) | 268                        |
+-------------------------+----------------------------+
| Test sample size        | 2431                       |
+-------------------------+----------------------------+
| Number of cases (test)  | 25                         |
+-------------------------+----------------------------+
| Test C-index            | 0.7845366985376828         |
+-------------------------+----------------------------+
| Time taken (seconds)    | 2.79                       |
+-------------------------+----------------------------+
2025-02-12 21:44:41,691 - INFO - 
+-------------------------+----------------------------+
| Metric                  | Value                      |
+=========================+============================+
| Outcome                 | Peripheral artery diseases |
+-------------------------+----------------------------+
| Fold                    | 8                          |
+-------------------------+----------------------------+
| Train sample size       | 19690                      |
+-------------------------+----------------------------+
| Number of cases (train) | 258                        |
+-------------------------+----------------------------+
| Test sample size        | 2430                       |
+-------------------------+----------------------------+
| Number of cases (test)  | 40                         |
+-------------------------+----------------------------+
| Test C-index            | 0.7563940238034945         |
+-------------------------+----------------------------+
| Time taken (seconds)    | 2.86                       |
+-------------------------+----------------------------+
2025-02-12 21:44:42,173 - INFO - 
+-------------------------+--------------------+
| Metric                  | Value              |
+=========================+====================+
| Outcome                 | Vein thrombosis    |
+-------------------------+--------------------+
| Fold                    | 0                  |
+-------------------------+--------------------+
| Train sample size       | 19689              |
+-------------------------+--------------------+
| Number of cases (train) | 554                |
+-------------------------+--------------------+
| Test sample size        | 2431               |
+-------------------------+--------------------+
| Number of cases (test)  | 60                 |
+-------------------------+--------------------+
| Test C-index            | 0.6806491740677525 |
+-------------------------+--------------------+
| Time taken (seconds)    | 3.17               |
+-------------------------+--------------------+
2025-02-12 21:44:42,268 - INFO - 
+-------------------------+----------------------------+
| Metric                  | Value                      |
+=========================+============================+
| Outcome                 | Peripheral artery diseases |
+-------------------------+----------------------------+
| Fold                    | 9                          |
+-------------------------+----------------------------+
| Train sample size       | 19690                      |
+-------------------------+----------------------------+
| Number of cases (train) | 261                        |
+-------------------------+----------------------------+
| Test sample size        | 2430                       |
+-------------------------+----------------------------+
| Number of cases (test)  | 29                         |
+-------------------------+----------------------------+
| Test C-index            | 0.7720152413209145         |
+-------------------------+----------------------------+
| Time taken (seconds)    | 3.30                       |
+-------------------------+----------------------------+
2025-02-12 21:44:42,461 - INFO - 
+-------------------------+--------------------+
| Metric                  | Value              |
+=========================+====================+
| Outcome                 | Vein thrombosis    |
+-------------------------+--------------------+
| Fold                    | 5                  |
+-------------------------+--------------------+
| Train sample size       | 19689              |
+-------------------------+--------------------+
| Number of cases (train) | 560                |
+-------------------------+--------------------+
| Test sample size        | 2431               |
+-------------------------+--------------------+
| Number of cases (test)  | 69                 |
+-------------------------+--------------------+
| Test C-index            | 0.6818948057012744 |
+-------------------------+--------------------+
| Time taken (seconds)    | 2.92               |
+-------------------------+--------------------+
2025-02-12 21:44:42,527 - INFO - 
+-------------------------+-------------------+
| Metric                  | Value             |
+=========================+===================+
| Outcome                 | Vein thrombosis   |
+-------------------------+-------------------+
| Fold                    | 4                 |
+-------------------------+-------------------+
| Train sample size       | 19689             |
+-------------------------+-------------------+
| Number of cases (train) | 564               |
+-------------------------+-------------------+
| Test sample size        | 2431              |
+-------------------------+-------------------+
| Number of cases (test)  | 59                |
+-------------------------+-------------------+
| Test C-index            | 0.642370032505757 |
+-------------------------+-------------------+
| Time taken (seconds)    | 3.11              |
+-------------------------+-------------------+
2025-02-12 21:44:42,735 - INFO - 
+-------------------------+--------------------+
| Metric                  | Value              |
+=========================+====================+
| Outcome                 | Vein thrombosis    |
+-------------------------+--------------------+
| Fold                    | 3                  |
+-------------------------+--------------------+
| Train sample size       | 19689              |
+-------------------------+--------------------+
| Number of cases (train) | 557                |
+-------------------------+--------------------+
| Test sample size        | 2431               |
+-------------------------+--------------------+
| Number of cases (test)  | 69                 |
+-------------------------+--------------------+
| Test C-index            | 0.6951842680629328 |
+-------------------------+--------------------+
| Time taken (seconds)    | 3.33               |
+-------------------------+--------------------+
2025-02-12 21:44:42,772 - INFO - 
+-------------------------+--------------------+
| Metric                  | Value              |
+=========================+====================+
| Outcome                 | Vein thrombosis    |
+-------------------------+--------------------+
| Fold                    | 1                  |
+-------------------------+--------------------+
| Train sample size       | 19689              |
+-------------------------+--------------------+
| Number of cases (train) | 555                |
+-------------------------+--------------------+
| Test sample size        | 2431               |
+-------------------------+--------------------+
| Number of cases (test)  | 69                 |
+-------------------------+--------------------+
| Test C-index            | 0.6502951189668618 |
+-------------------------+--------------------+
| Time taken (seconds)    | 3.69               |
+-------------------------+--------------------+
2025-02-12 21:44:42,793 - INFO - 
+-------------------------+-------------------+
| Metric                  | Value             |
+=========================+===================+
| Outcome                 | Vein thrombosis   |
+-------------------------+-------------------+
| Fold                    | 2                 |
+-------------------------+-------------------+
| Train sample size       | 19689             |
+-------------------------+-------------------+
| Number of cases (train) | 555               |
+-------------------------+-------------------+
| Test sample size        | 2431              |
+-------------------------+-------------------+
| Number of cases (test)  | 74                |
+-------------------------+-------------------+
| Test C-index            | 0.625231127784681 |
+-------------------------+-------------------+
| Time taken (seconds)    | 3.47              |
+-------------------------+-------------------+
2025-02-12 21:44:43,435 - INFO - 
+-------------------------+--------------------+
| Metric                  | Value              |
+=========================+====================+
| Outcome                 | Vein thrombosis    |
+-------------------------+--------------------+
| Fold                    | 6                  |
+-------------------------+--------------------+
| Train sample size       | 19689              |
+-------------------------+--------------------+
| Number of cases (train) | 560                |
+-------------------------+--------------------+
| Test sample size        | 2431               |
+-------------------------+--------------------+
| Number of cases (test)  | 70                 |
+-------------------------+--------------------+
| Test C-index            | 0.6292720143583458 |
+-------------------------+--------------------+
| Time taken (seconds)    | 3.64               |
+-------------------------+--------------------+
2025-02-12 21:44:43,591 - INFO - 
+-------------------------+--------------------+
| Metric                  | Value              |
+=========================+====================+
| Outcome                 | Vein thrombosis    |
+-------------------------+--------------------+
| Fold                    | 7                  |
+-------------------------+--------------------+
| Train sample size       | 19689              |
+-------------------------+--------------------+
| Number of cases (train) | 558                |
+-------------------------+--------------------+
| Test sample size        | 2431               |
+-------------------------+--------------------+
| Number of cases (test)  | 62                 |
+-------------------------+--------------------+
| Test C-index            | 0.6278170907135903 |
+-------------------------+--------------------+
| Time taken (seconds)    | 3.50               |
+-------------------------+--------------------+
2025-02-12 21:44:43,715 - INFO - 
+-------------------------+----------------------+
| Metric                  | Value                |
+=========================+======================+
| Outcome                 | Cardiovascular death |
+-------------------------+----------------------+
| Fold                    | 0                    |
+-------------------------+----------------------+
| Train sample size       | 19689                |
+-------------------------+----------------------+
| Number of cases (train) | 463                  |
+-------------------------+----------------------+
| Test sample size        | 2431                 |
+-------------------------+----------------------+
| Number of cases (test)  | 59                   |
+-------------------------+----------------------+
| Test C-index            | 0.7999155379928207   |
+-------------------------+----------------------+
| Time taken (seconds)    | 3.18                 |
+-------------------------+----------------------+
2025-02-12 21:44:44,062 - INFO - 
+-------------------------+--------------------+
| Metric                  | Value              |
+=========================+====================+
| Outcome                 | Vein thrombosis    |
+-------------------------+--------------------+
| Fold                    | 9                  |
+-------------------------+--------------------+
| Train sample size       | 19690              |
+-------------------------+--------------------+
| Number of cases (train) | 555                |
+-------------------------+--------------------+
| Test sample size        | 2430               |
+-------------------------+--------------------+
| Number of cases (test)  | 63                 |
+-------------------------+--------------------+
| Test C-index            | 0.6974208328460274 |
+-------------------------+--------------------+
| Time taken (seconds)    | 3.59               |
+-------------------------+--------------------+
2025-02-12 21:44:44,209 - INFO - 
+-------------------------+----------------------+
| Metric                  | Value                |
+=========================+======================+
| Outcome                 | Cardiovascular death |
+-------------------------+----------------------+
| Fold                    | 1                    |
+-------------------------+----------------------+
| Train sample size       | 19689                |
+-------------------------+----------------------+
| Number of cases (train) | 457                  |
+-------------------------+----------------------+
| Test sample size        | 2431                 |
+-------------------------+----------------------+
| Number of cases (test)  | 64                   |
+-------------------------+----------------------+
| Test C-index            | 0.7694479691007711   |
+-------------------------+----------------------+
| Time taken (seconds)    | 3.51                 |
+-------------------------+----------------------+
2025-02-12 21:44:44,357 - INFO - 
+-------------------------+----------------------+
| Metric                  | Value                |
+=========================+======================+
| Outcome                 | Cardiovascular death |
+-------------------------+----------------------+
| Fold                    | 3                    |
+-------------------------+----------------------+
| Train sample size       | 19689                |
+-------------------------+----------------------+
| Number of cases (train) | 465                  |
+-------------------------+----------------------+
| Test sample size        | 2431                 |
+-------------------------+----------------------+
| Number of cases (test)  | 50                   |
+-------------------------+----------------------+
| Test C-index            | 0.8439755982450314   |
+-------------------------+----------------------+
| Time taken (seconds)    | 2.98                 |
+-------------------------+----------------------+
2025-02-12 21:44:44,497 - INFO - 
+-------------------------+--------------------+
| Metric                  | Value              |
+=========================+====================+
| Outcome                 | Vein thrombosis    |
+-------------------------+--------------------+
| Fold                    | 8                  |
+-------------------------+--------------------+
| Train sample size       | 19690              |
+-------------------------+--------------------+
| Number of cases (train) | 533                |
+-------------------------+--------------------+
| Test sample size        | 2430               |
+-------------------------+--------------------+
| Number of cases (test)  | 87                 |
+-------------------------+--------------------+
| Test C-index            | 0.6460393925846297 |
+-------------------------+--------------------+
| Time taken (seconds)    | 4.11               |
+-------------------------+--------------------+
2025-02-12 21:44:44,838 - INFO - 
+-------------------------+----------------------+
| Metric                  | Value                |
+=========================+======================+
| Outcome                 | Cardiovascular death |
+-------------------------+----------------------+
| Fold                    | 4                    |
+-------------------------+----------------------+
| Train sample size       | 19689                |
+-------------------------+----------------------+
| Number of cases (train) | 456                  |
+-------------------------+----------------------+
| Test sample size        | 2431                 |
+-------------------------+----------------------+
| Number of cases (test)  | 55                   |
+-------------------------+----------------------+
| Test C-index            | 0.8237349700414311   |
+-------------------------+----------------------+
| Time taken (seconds)    | 3.12                 |
+-------------------------+----------------------+
2025-02-12 21:44:44,918 - INFO - 
+-------------------------+----------------------+
| Metric                  | Value                |
+=========================+======================+
| Outcome                 | Cardiovascular death |
+-------------------------+----------------------+
| Fold                    | 2                    |
+-------------------------+----------------------+
| Train sample size       | 19689                |
+-------------------------+----------------------+
| Number of cases (train) | 442                  |
+-------------------------+----------------------+
| Test sample size        | 2431                 |
+-------------------------+----------------------+
| Number of cases (test)  | 67                   |
+-------------------------+----------------------+
| Test C-index            | 0.772176359238616    |
+-------------------------+----------------------+
| Time taken (seconds)    | 3.67                 |
+-------------------------+----------------------+
2025-02-12 21:44:45,105 - INFO - 
+-------------------------+----------------------+
| Metric                  | Value                |
+=========================+======================+
| Outcome                 | Cardiovascular death |
+-------------------------+----------------------+
| Fold                    | 5                    |
+-------------------------+----------------------+
| Train sample size       | 19689                |
+-------------------------+----------------------+
| Number of cases (train) | 465                  |
+-------------------------+----------------------+
| Test sample size        | 2431                 |
+-------------------------+----------------------+
| Number of cases (test)  | 56                   |
+-------------------------+----------------------+
| Test C-index            | 0.8118367024636766   |
+-------------------------+----------------------+
| Time taken (seconds)    | 2.91                 |
+-------------------------+----------------------+
2025-02-12 21:44:45,128 - INFO - 
+-------------------------+----------------------+
| Metric                  | Value                |
+=========================+======================+
| Outcome                 | Cardiovascular death |
+-------------------------+----------------------+
| Fold                    | 6                    |
+-------------------------+----------------------+
| Train sample size       | 19689                |
+-------------------------+----------------------+
| Number of cases (train) | 458                  |
+-------------------------+----------------------+
| Test sample size        | 2431                 |
+-------------------------+----------------------+
| Number of cases (test)  | 51                   |
+-------------------------+----------------------+
| Test C-index            | 0.767019273323672    |
+-------------------------+----------------------+
| Time taken (seconds)    | 2.76                 |
+-------------------------+----------------------+
2025-02-12 21:44:45,200 - INFO - 
+-------------------------+----------------------+
| Metric                  | Value                |
+=========================+======================+
| Outcome                 | Cardiovascular death |
+-------------------------+----------------------+
| Fold                    | 7                    |
+-------------------------+----------------------+
| Train sample size       | 19689                |
+-------------------------+----------------------+
| Number of cases (train) | 467                  |
+-------------------------+----------------------+
| Test sample size        | 2431                 |
+-------------------------+----------------------+
| Number of cases (test)  | 55                   |
+-------------------------+----------------------+
| Test C-index            | 0.7482621843459136   |
+-------------------------+----------------------+
| Time taken (seconds)    | 2.74                 |
+-------------------------+----------------------+
2025-02-12 21:44:45,387 - INFO - 
+-------------------------+----------------------+
| Metric                  | Value                |
+=========================+======================+
| Outcome                 | Cardiovascular death |
+-------------------------+----------------------+
| Fold                    | 8                    |
+-------------------------+----------------------+
| Train sample size       | 19690                |
+-------------------------+----------------------+
| Number of cases (train) | 447                  |
+-------------------------+----------------------+
| Test sample size        | 2430                 |
+-------------------------+----------------------+
| Number of cases (test)  | 61                   |
+-------------------------+----------------------+
| Test C-index            | 0.7997880030327345   |
+-------------------------+----------------------+
| Time taken (seconds)    | 2.86                 |
+-------------------------+----------------------+
2025-02-12 21:44:45,566 - INFO - 
+-------------------------+----------------------+
| Metric                  | Value                |
+=========================+======================+
| Outcome                 | Cardiovascular death |
+-------------------------+----------------------+
| Fold                    | 9                    |
+-------------------------+----------------------+
| Train sample size       | 19690                |
+-------------------------+----------------------+
| Number of cases (train) | 465                  |
+-------------------------+----------------------+
| Test sample size        | 2430                 |
+-------------------------+----------------------+
| Number of cases (test)  | 45                   |
+-------------------------+----------------------+
| Test C-index            | 0.7886810523435362   |
+-------------------------+----------------------+
| Time taken (seconds)    | 2.83                 |
+-------------------------+----------------------+
2025-02-12 21:44:45,613 - INFO - Nested cross validation for CoxPH models completed in 21.70 seconds.

