2025-02-12 21:47:15,360 - INFO - Predictor set: ['PANEL', 'Genomics']
2025-02-12 21:47:15,361 - INFO - Nested cross validation for CoxPH models.
2025-02-12 21:47:19,492 - INFO - 
+-------------------------+--------------------+
| Metric                  | Value              |
+=========================+====================+
| Outcome                 | Stroke             |
+-------------------------+--------------------+
| Fold                    | 1                  |
+-------------------------+--------------------+
| Train sample size       | 19689              |
+-------------------------+--------------------+
| Number of cases (train) | 494                |
+-------------------------+--------------------+
| Test sample size        | 2431               |
+-------------------------+--------------------+
| Number of cases (test)  | 49                 |
+-------------------------+--------------------+
| Test C-index            | 0.7001645807711785 |
+-------------------------+--------------------+
| Time taken (seconds)    | 4.03               |
+-------------------------+--------------------+
2025-02-12 21:47:19,529 - INFO - 
+-------------------------+--------------------+
| Metric                  | Value              |
+=========================+====================+
| Outcome                 | Stroke             |
+-------------------------+--------------------+
| Fold                    | 3                  |
+-------------------------+--------------------+
| Train sample size       | 19689              |
+-------------------------+--------------------+
| Number of cases (train) | 476                |
+-------------------------+--------------------+
| Test sample size        | 2431               |
+-------------------------+--------------------+
| Number of cases (test)  | 49                 |
+-------------------------+--------------------+
| Test C-index            | 0.7158648411003643 |
+-------------------------+--------------------+
| Time taken (seconds)    | 4.02               |
+-------------------------+--------------------+
2025-02-12 21:47:19,573 - INFO - 
+-------------------------+-------------------+
| Metric                  | Value             |
+=========================+===================+
| Outcome                 | Stroke            |
+-------------------------+-------------------+
| Fold                    | 4                 |
+-------------------------+-------------------+
| Train sample size       | 19689             |
+-------------------------+-------------------+
| Number of cases (train) | 465               |
+-------------------------+-------------------+
| Test sample size        | 2431              |
+-------------------------+-------------------+
| Number of cases (test)  | 60                |
+-------------------------+-------------------+
| Test C-index            | 0.697525820248375 |
+-------------------------+-------------------+
| Time taken (seconds)    | 4.07              |
+-------------------------+-------------------+
2025-02-12 21:47:19,646 - INFO - 
+-------------------------+--------------------+
| Metric                  | Value              |
+=========================+====================+
| Outcome                 | Stroke             |
+-------------------------+--------------------+
| Fold                    | 0                  |
+-------------------------+--------------------+
| Train sample size       | 19689              |
+-------------------------+--------------------+
| Number of cases (train) | 465                |
+-------------------------+--------------------+
| Test sample size        | 2431               |
+-------------------------+--------------------+
| Number of cases (test)  | 61                 |
+-------------------------+--------------------+
| Test C-index            | 0.6769504165938356 |
+-------------------------+--------------------+
| Time taken (seconds)    | 4.15               |
+-------------------------+--------------------+
2025-02-12 21:47:19,720 - INFO - 
+-------------------------+-------------------+
| Metric                  | Value             |
+=========================+===================+
| Outcome                 | Stroke            |
+-------------------------+-------------------+
| Fold                    | 5                 |
+-------------------------+-------------------+
| Train sample size       | 19689             |
+-------------------------+-------------------+
| Number of cases (train) | 464               |
+-------------------------+-------------------+
| Test sample size        | 2431              |
+-------------------------+-------------------+
| Number of cases (test)  | 68                |
+-------------------------+-------------------+
| Test C-index            | 0.683786387543613 |
+-------------------------+-------------------+
| Time taken (seconds)    | 4.25              |
+-------------------------+-------------------+
2025-02-12 21:47:19,848 - INFO - 
+-------------------------+--------------------+
| Metric                  | Value              |
+=========================+====================+
| Outcome                 | Stroke             |
+-------------------------+--------------------+
| Fold                    | 2                  |
+-------------------------+--------------------+
| Train sample size       | 19689              |
+-------------------------+--------------------+
| Number of cases (train) | 463                |
+-------------------------+--------------------+
| Test sample size        | 2431               |
+-------------------------+--------------------+
| Number of cases (test)  | 65                 |
+-------------------------+--------------------+
| Test C-index            | 0.7166581018581126 |
+-------------------------+--------------------+
| Time taken (seconds)    | 4.37               |
+-------------------------+--------------------+
2025-02-12 21:47:21,932 - INFO - 
+-------------------------+--------------------------+
| Metric                  | Value                    |
+=========================+==========================+
| Outcome                 | Coronary artery diseases |
+-------------------------+--------------------------+
| Fold                    | 5                        |
+-------------------------+--------------------------+
| Train sample size       | 19689                    |
+-------------------------+--------------------------+
| Number of cases (train) | 1471                     |
+-------------------------+--------------------------+
| Test sample size        | 2431                     |
+-------------------------+--------------------------+
| Number of cases (test)  | 167                      |
+-------------------------+--------------------------+
| Test C-index            | 0.7419860797960984       |
+-------------------------+--------------------------+
| Time taken (seconds)    | 6.47                     |
+-------------------------+--------------------------+
2025-02-12 21:47:22,001 - INFO - 
+-------------------------+--------------------------+
| Metric                  | Value                    |
+=========================+==========================+
| Outcome                 | Coronary artery diseases |
+-------------------------+--------------------------+
| Fold                    | 6                        |
+-------------------------+--------------------------+
| Train sample size       | 19689                    |
+-------------------------+--------------------------+
| Number of cases (train) | 1431                     |
+-------------------------+--------------------------+
| Test sample size        | 2431                     |
+-------------------------+--------------------------+
| Number of cases (test)  | 194                      |
+-------------------------+--------------------------+
| Test C-index            | 0.7221960365944786       |
+-------------------------+--------------------------+
| Time taken (seconds)    | 6.52                     |
+-------------------------+--------------------------+
2025-02-12 21:47:22,206 - INFO - 
+-------------------------+--------------------------+
| Metric                  | Value                    |
+=========================+==========================+
| Outcome                 | Coronary artery diseases |
+-------------------------+--------------------------+
| Fold                    | 8                        |
+-------------------------+--------------------------+
| Train sample size       | 19690                    |
+-------------------------+--------------------------+
| Number of cases (train) | 1452                     |
+-------------------------+--------------------------+
| Test sample size        | 2430                     |
+-------------------------+--------------------------+
| Number of cases (test)  | 178                      |
+-------------------------+--------------------------+
| Test C-index            | 0.7443546669673169       |
+-------------------------+--------------------------+
| Time taken (seconds)    | 6.74                     |
+-------------------------+--------------------------+
2025-02-12 21:47:22,789 - INFO - 
+-------------------------+--------------------------+
| Metric                  | Value                    |
+=========================+==========================+
| Outcome                 | Coronary artery diseases |
+-------------------------+--------------------------+
| Fold                    | 9                        |
+-------------------------+--------------------------+
| Train sample size       | 19690                    |
+-------------------------+--------------------------+
| Number of cases (train) | 1431                     |
+-------------------------+--------------------------+
| Test sample size        | 2430                     |
+-------------------------+--------------------------+
| Number of cases (test)  | 185                      |
+-------------------------+--------------------------+
| Test C-index            | 0.74556028014007         |
+-------------------------+--------------------------+
| Time taken (seconds)    | 7.25                     |
+-------------------------+--------------------------+
2025-02-12 21:47:22,991 - INFO - 
+-------------------------+-------------------+
| Metric                  | Value             |
+=========================+===================+
| Outcome                 | Stroke            |
+-------------------------+-------------------+
| Fold                    | 6                 |
+-------------------------+-------------------+
| Train sample size       | 19689             |
+-------------------------+-------------------+
| Number of cases (train) | 489               |
+-------------------------+-------------------+
| Test sample size        | 2431              |
+-------------------------+-------------------+
| Number of cases (test)  | 56                |
+-------------------------+-------------------+
| Test C-index            | 0.756596848699614 |
+-------------------------+-------------------+
| Time taken (seconds)    | 3.47              |
+-------------------------+-------------------+
2025-02-12 21:47:23,334 - INFO - 
+-------------------------+--------------------------+
| Metric                  | Value                    |
+=========================+==========================+
| Outcome                 | Coronary artery diseases |
+-------------------------+--------------------------+
| Fold                    | 4                        |
+-------------------------+--------------------------+
| Train sample size       | 19689                    |
+-------------------------+--------------------------+
| Number of cases (train) | 1489                     |
+-------------------------+--------------------------+
| Test sample size        | 2431                     |
+-------------------------+--------------------------+
| Number of cases (test)  | 165                      |
+-------------------------+--------------------------+
| Test C-index            | 0.749369960698513        |
+-------------------------+--------------------------+
| Time taken (seconds)    | 7.86                     |
+-------------------------+--------------------------+
2025-02-12 21:47:23,400 - INFO - 
+-------------------------+--------------------------+
| Metric                  | Value                    |
+=========================+==========================+
| Outcome                 | Coronary artery diseases |
+-------------------------+--------------------------+
| Fold                    | 1                        |
+-------------------------+--------------------------+
| Train sample size       | 19689                    |
+-------------------------+--------------------------+
| Number of cases (train) | 1446                     |
+-------------------------+--------------------------+
| Test sample size        | 2431                     |
+-------------------------+--------------------------+
| Number of cases (test)  | 181                      |
+-------------------------+--------------------------+
| Test C-index            | 0.7432066594639497       |
+-------------------------+--------------------------+
| Time taken (seconds)    | 7.92                     |
+-------------------------+--------------------------+
2025-02-12 21:47:23,437 - INFO - 
+-------------------------+--------------------------+
| Metric                  | Value                    |
+=========================+==========================+
| Outcome                 | Coronary artery diseases |
+-------------------------+--------------------------+
| Fold                    | 7                        |
+-------------------------+--------------------------+
| Train sample size       | 19689                    |
+-------------------------+--------------------------+
| Number of cases (train) | 1454                     |
+-------------------------+--------------------------+
| Test sample size        | 2431                     |
+-------------------------+--------------------------+
| Number of cases (test)  | 180                      |
+-------------------------+--------------------------+
| Test C-index            | 0.7262965445191303       |
+-------------------------+--------------------------+
| Time taken (seconds)    | 7.97                     |
+-------------------------+--------------------------+
2025-02-12 21:47:23,644 - INFO - 
+-------------------------+--------------------+
| Metric                  | Value              |
+=========================+====================+
| Outcome                 | Stroke             |
+-------------------------+--------------------+
| Fold                    | 7                  |
+-------------------------+--------------------+
| Train sample size       | 19689              |
+-------------------------+--------------------+
| Number of cases (train) | 478                |
+-------------------------+--------------------+
| Test sample size        | 2431               |
+-------------------------+--------------------+
| Number of cases (test)  | 57                 |
+-------------------------+--------------------+
| Test C-index            | 0.7032967032967032 |
+-------------------------+--------------------+
| Time taken (seconds)    | 4.09               |
+-------------------------+--------------------+
2025-02-12 21:47:23,732 - INFO - 
+-------------------------+--------------------------+
| Metric                  | Value                    |
+=========================+==========================+
| Outcome                 | Coronary artery diseases |
+-------------------------+--------------------------+
| Fold                    | 0                        |
+-------------------------+--------------------------+
| Train sample size       | 19689                    |
+-------------------------+--------------------------+
| Number of cases (train) | 1464                     |
+-------------------------+--------------------------+
| Test sample size        | 2431                     |
+-------------------------+--------------------------+
| Number of cases (test)  | 181                      |
+-------------------------+--------------------------+
| Test C-index            | 0.7289349900426395       |
+-------------------------+--------------------------+
| Time taken (seconds)    | 8.27                     |
+-------------------------+--------------------------+
2025-02-12 21:47:23,741 - INFO - 
+-------------------------+--------------------+
| Metric                  | Value              |
+=========================+====================+
| Outcome                 | Stroke             |
+-------------------------+--------------------+
| Fold                    | 9                  |
+-------------------------+--------------------+
| Train sample size       | 19690              |
+-------------------------+--------------------+
| Number of cases (train) | 475                |
+-------------------------+--------------------+
| Test sample size        | 2430               |
+-------------------------+--------------------+
| Number of cases (test)  | 58                 |
+-------------------------+--------------------+
| Test C-index            | 0.7091881035615322 |
+-------------------------+--------------------+
| Time taken (seconds)    | 4.05               |
+-------------------------+--------------------+
2025-02-12 21:47:23,751 - INFO - 
+-------------------------+--------------------------+
| Metric                  | Value                    |
+=========================+==========================+
| Outcome                 | Coronary artery diseases |
+-------------------------+--------------------------+
| Fold                    | 2                        |
+-------------------------+--------------------------+
| Train sample size       | 19689                    |
+-------------------------+--------------------------+
| Number of cases (train) | 1464                     |
+-------------------------+--------------------------+
| Test sample size        | 2431                     |
+-------------------------+--------------------------+
| Number of cases (test)  | 183                      |
+-------------------------+--------------------------+
| Test C-index            | 0.7311887729974595       |
+-------------------------+--------------------------+
| Time taken (seconds)    | 8.29                     |
+-------------------------+--------------------------+
2025-02-12 21:47:23,761 - INFO - 
+-------------------------+--------------------------+
| Metric                  | Value                    |
+=========================+==========================+
| Outcome                 | Coronary artery diseases |
+-------------------------+--------------------------+
| Fold                    | 3                        |
+-------------------------+--------------------------+
| Train sample size       | 19689                    |
+-------------------------+--------------------------+
| Number of cases (train) | 1444                     |
+-------------------------+--------------------------+
| Test sample size        | 2431                     |
+-------------------------+--------------------------+
| Number of cases (test)  | 180                      |
+-------------------------+--------------------------+
| Test C-index            | 0.7376136873495633       |
+-------------------------+--------------------------+
| Time taken (seconds)    | 8.30                     |
+-------------------------+--------------------------+
2025-02-12 21:47:24,086 - INFO - 
+-------------------------+--------------------+
| Metric                  | Value              |
+=========================+====================+
| Outcome                 | Stroke             |
+-------------------------+--------------------+
| Fold                    | 8                  |
+-------------------------+--------------------+
| Train sample size       | 19690              |
+-------------------------+--------------------+
| Number of cases (train) | 465                |
+-------------------------+--------------------+
| Test sample size        | 2430               |
+-------------------------+--------------------+
| Number of cases (test)  | 60                 |
+-------------------------+--------------------+
| Test C-index            | 0.6531145477300506 |
+-------------------------+--------------------+
| Time taken (seconds)    | 4.49               |
+-------------------------+--------------------+
2025-02-12 21:47:25,147 - INFO - 
+-------------------------+------------------+
| Metric                  | Value            |
+=========================+==================+
| Outcome                 | Heart failure    |
+-------------------------+------------------+
| Fold                    | 0                |
+-------------------------+------------------+
| Train sample size       | 19689            |
+-------------------------+------------------+
| Number of cases (train) | 654              |
+-------------------------+------------------+
| Test sample size        | 2431             |
+-------------------------+------------------+
| Number of cases (test)  | 78               |
+-------------------------+------------------+
| Test C-index            | 0.71809896204422 |
+-------------------------+------------------+
| Time taken (seconds)    | 5.42             |
+-------------------------+------------------+
2025-02-12 21:47:26,606 - INFO - 
+-------------------------+--------------------+
| Metric                  | Value              |
+=========================+====================+
| Outcome                 | Heart failure      |
+-------------------------+--------------------+
| Fold                    | 1                  |
+-------------------------+--------------------+
| Train sample size       | 19689              |
+-------------------------+--------------------+
| Number of cases (train) | 658                |
+-------------------------+--------------------+
| Test sample size        | 2431               |
+-------------------------+--------------------+
| Number of cases (test)  | 77                 |
+-------------------------+--------------------+
| Test C-index            | 0.7655755923193255 |
+-------------------------+--------------------+
| Time taken (seconds)    | 6.70               |
+-------------------------+--------------------+
2025-02-12 21:47:26,962 - INFO - 
+-------------------------+--------------------+
| Metric                  | Value              |
+=========================+====================+
| Outcome                 | Heart failure      |
+-------------------------+--------------------+
| Fold                    | 3                  |
+-------------------------+--------------------+
| Train sample size       | 19689              |
+-------------------------+--------------------+
| Number of cases (train) | 641                |
+-------------------------+--------------------+
| Test sample size        | 2431               |
+-------------------------+--------------------+
| Number of cases (test)  | 80                 |
+-------------------------+--------------------+
| Test C-index            | 0.7332030146802302 |
+-------------------------+--------------------+
| Time taken (seconds)    | 4.95               |
+-------------------------+--------------------+
2025-02-12 21:47:28,654 - INFO - 
+-------------------------+-------------------+
| Metric                  | Value             |
+=========================+===================+
| Outcome                 | Heart failure     |
+-------------------------+-------------------+
| Fold                    | 6                 |
+-------------------------+-------------------+
| Train sample size       | 19689             |
+-------------------------+-------------------+
| Number of cases (train) | 634               |
+-------------------------+-------------------+
| Test sample size        | 2431              |
+-------------------------+-------------------+
| Number of cases (test)  | 85                |
+-------------------------+-------------------+
| Test C-index            | 0.785642651147081 |
+-------------------------+-------------------+
| Time taken (seconds)    | 5.66              |
+-------------------------+-------------------+
2025-02-12 21:47:28,804 - INFO - 
+-------------------------+--------------------+
| Metric                  | Value              |
+=========================+====================+
| Outcome                 | Heart failure      |
+-------------------------+--------------------+
| Fold                    | 2                  |
+-------------------------+--------------------+
| Train sample size       | 19689              |
+-------------------------+--------------------+
| Number of cases (train) | 630                |
+-------------------------+--------------------+
| Test sample size        | 2431               |
+-------------------------+--------------------+
| Number of cases (test)  | 99                 |
+-------------------------+--------------------+
| Test C-index            | 0.7872473821116521 |
+-------------------------+--------------------+
| Time taken (seconds)    | 6.85               |
+-------------------------+--------------------+
2025-02-12 21:47:28,881 - INFO - 
+-------------------------+--------------------+
| Metric                  | Value              |
+=========================+====================+
| Outcome                 | Heart failure      |
+-------------------------+--------------------+
| Fold                    | 7                  |
+-------------------------+--------------------+
| Train sample size       | 19689              |
+-------------------------+--------------------+
| Number of cases (train) | 679                |
+-------------------------+--------------------+
| Test sample size        | 2431               |
+-------------------------+--------------------+
| Number of cases (test)  | 58                 |
+-------------------------+--------------------+
| Test C-index            | 0.7755796751403901 |
+-------------------------+--------------------+
| Time taken (seconds)    | 5.54               |
+-------------------------+--------------------+
2025-02-12 21:47:28,897 - INFO - 
+-------------------------+--------------------+
| Metric                  | Value              |
+=========================+====================+
| Outcome                 | Heart failure      |
+-------------------------+--------------------+
| Fold                    | 4                  |
+-------------------------+--------------------+
| Train sample size       | 19689              |
+-------------------------+--------------------+
| Number of cases (train) | 662                |
+-------------------------+--------------------+
| Test sample size        | 2431               |
+-------------------------+--------------------+
| Number of cases (test)  | 70                 |
+-------------------------+--------------------+
| Test C-index            | 0.7726297833912378 |
+-------------------------+--------------------+
| Time taken (seconds)    | 6.65               |
+-------------------------+--------------------+
2025-02-12 21:47:28,904 - INFO - 
+-------------------------+--------------------+
| Metric                  | Value              |
+=========================+====================+
| Outcome                 | Heart failure      |
+-------------------------+--------------------+
| Fold                    | 5                  |
+-------------------------+--------------------+
| Train sample size       | 19689              |
+-------------------------+--------------------+
| Number of cases (train) | 661                |
+-------------------------+--------------------+
| Test sample size        | 2431               |
+-------------------------+--------------------+
| Number of cases (test)  | 77                 |
+-------------------------+--------------------+
| Test C-index            | 0.7442222247735388 |
+-------------------------+--------------------+
| Time taken (seconds)    | 6.07               |
+-------------------------+--------------------+
2025-02-12 21:47:28,955 - INFO - 
+-------------------------+--------------------+
| Metric                  | Value              |
+=========================+====================+
| Outcome                 | Heart failure      |
+-------------------------+--------------------+
| Fold                    | 8                  |
+-------------------------+--------------------+
| Train sample size       | 19690              |
+-------------------------+--------------------+
| Number of cases (train) | 618                |
+-------------------------+--------------------+
| Test sample size        | 2430               |
+-------------------------+--------------------+
| Number of cases (test)  | 96                 |
+-------------------------+--------------------+
| Test C-index            | 0.7540289405060172 |
+-------------------------+--------------------+
| Time taken (seconds)    | 5.55               |
+-------------------------+--------------------+
2025-02-12 21:47:29,310 - INFO - 
+-------------------------+--------------------+
| Metric                  | Value              |
+=========================+====================+
| Outcome                 | Heart failure      |
+-------------------------+--------------------+
| Fold                    | 9                  |
+-------------------------+--------------------+
| Train sample size       | 19690              |
+-------------------------+--------------------+
| Number of cases (train) | 638                |
+-------------------------+--------------------+
| Test sample size        | 2430               |
+-------------------------+--------------------+
| Number of cases (test)  | 79                 |
+-------------------------+--------------------+
| Test C-index            | 0.7447303231618061 |
+-------------------------+--------------------+
| Time taken (seconds)    | 5.86               |
+-------------------------+--------------------+
2025-02-12 21:47:30,448 - INFO - 
+-------------------------+---------------------+
| Metric                  | Value               |
+=========================+=====================+
| Outcome                 | Atrial fibrillation |
+-------------------------+---------------------+
| Fold                    | 0                   |
+-------------------------+---------------------+
| Train sample size       | 19689               |
+-------------------------+---------------------+
| Number of cases (train) | 1238                |
+-------------------------+---------------------+
| Test sample size        | 2431                |
+-------------------------+---------------------+
| Number of cases (test)  | 155                 |
+-------------------------+---------------------+
| Test C-index            | 0.7277022849172454  |
+-------------------------+---------------------+
| Time taken (seconds)    | 6.79                |
+-------------------------+---------------------+
2025-02-12 21:47:30,772 - INFO - 
+-------------------------+---------------------+
| Metric                  | Value               |
+=========================+=====================+
| Outcome                 | Atrial fibrillation |
+-------------------------+---------------------+
| Fold                    | 2                   |
+-------------------------+---------------------+
| Train sample size       | 19689               |
+-------------------------+---------------------+
| Number of cases (train) | 1245                |
+-------------------------+---------------------+
| Test sample size        | 2431                |
+-------------------------+---------------------+
| Number of cases (test)  | 157                 |
+-------------------------+---------------------+
| Test C-index            | 0.7953057030845895  |
+-------------------------+---------------------+
| Time taken (seconds)    | 6.97                |
+-------------------------+---------------------+
2025-02-12 21:47:30,946 - INFO - 
+-------------------------+---------------------+
| Metric                  | Value               |
+=========================+=====================+
| Outcome                 | Atrial fibrillation |
+-------------------------+---------------------+
| Fold                    | 5                   |
+-------------------------+---------------------+
| Train sample size       | 19689               |
+-------------------------+---------------------+
| Number of cases (train) | 1230                |
+-------------------------+---------------------+
| Test sample size        | 2431                |
+-------------------------+---------------------+
| Number of cases (test)  | 177                 |
+-------------------------+---------------------+
| Test C-index            | 0.7829086273185825  |
+-------------------------+---------------------+
| Time taken (seconds)    | 6.80                |
+-------------------------+---------------------+
2025-02-12 21:47:31,344 - INFO - 
+-------------------------+---------------------+
| Metric                  | Value               |
+=========================+=====================+
| Outcome                 | Atrial fibrillation |
+-------------------------+---------------------+
| Fold                    | 1                   |
+-------------------------+---------------------+
| Train sample size       | 19689               |
+-------------------------+---------------------+
| Number of cases (train) | 1255                |
+-------------------------+---------------------+
| Test sample size        | 2431                |
+-------------------------+---------------------+
| Number of cases (test)  | 143                 |
+-------------------------+---------------------+
| Test C-index            | 0.7639518992555243  |
+-------------------------+---------------------+
| Time taken (seconds)    | 7.61                |
+-------------------------+---------------------+
2025-02-12 21:47:31,420 - INFO - 
+-------------------------+---------------------+
| Metric                  | Value               |
+=========================+=====================+
| Outcome                 | Atrial fibrillation |
+-------------------------+---------------------+
| Fold                    | 3                   |
+-------------------------+---------------------+
| Train sample size       | 19689               |
+-------------------------+---------------------+
| Number of cases (train) | 1210                |
+-------------------------+---------------------+
| Test sample size        | 2431                |
+-------------------------+---------------------+
| Number of cases (test)  | 150                 |
+-------------------------+---------------------+
| Test C-index            | 0.7515938014851603  |
+-------------------------+---------------------+
| Time taken (seconds)    | 7.66                |
+-------------------------+---------------------+
2025-02-12 21:47:31,721 - INFO - 
+-------------------------+---------------------+
| Metric                  | Value               |
+=========================+=====================+
| Outcome                 | Atrial fibrillation |
+-------------------------+---------------------+
| Fold                    | 6                   |
+-------------------------+---------------------+
| Train sample size       | 19689               |
+-------------------------+---------------------+
| Number of cases (train) | 1249                |
+-------------------------+---------------------+
| Test sample size        | 2431                |
+-------------------------+---------------------+
| Number of cases (test)  | 153                 |
+-------------------------+---------------------+
| Test C-index            | 0.7554724698814431  |
+-------------------------+---------------------+
| Time taken (seconds)    | 6.54                |
+-------------------------+---------------------+
2025-02-12 21:47:32,597 - INFO - 
+-------------------------+-------------------------+
| Metric                  | Value                   |
+=========================+=========================+
| Outcome                 | Ventricular arrhythmias |
+-------------------------+-------------------------+
| Fold                    | 2                       |
+-------------------------+-------------------------+
| Train sample size       | 19689                   |
+-------------------------+-------------------------+
| Number of cases (train) | 187                     |
+-------------------------+-------------------------+
| Test sample size        | 2431                    |
+-------------------------+-------------------------+
| Number of cases (test)  | 22                      |
+-------------------------+-------------------------+
| Test C-index            | 0.6989365310560864      |
+-------------------------+-------------------------+
| Time taken (seconds)    | 3.65                    |
+-------------------------+-------------------------+
2025-02-12 21:47:32,984 - INFO - 
+-------------------------+---------------------+
| Metric                  | Value               |
+=========================+=====================+
| Outcome                 | Atrial fibrillation |
+-------------------------+---------------------+
| Fold                    | 4                   |
+-------------------------+---------------------+
| Train sample size       | 19689               |
+-------------------------+---------------------+
| Number of cases (train) | 1242                |
+-------------------------+---------------------+
| Test sample size        | 2431                |
+-------------------------+---------------------+
| Number of cases (test)  | 154                 |
+-------------------------+---------------------+
| Test C-index            | 0.7733826428843205  |
+-------------------------+---------------------+
| Time taken (seconds)    | 9.17                |
+-------------------------+---------------------+
2025-02-12 21:47:33,054 - INFO - 
+-------------------------+-------------------------+
| Metric                  | Value                   |
+=========================+=========================+
| Outcome                 | Ventricular arrhythmias |
+-------------------------+-------------------------+
| Fold                    | 4                       |
+-------------------------+-------------------------+
| Train sample size       | 19689                   |
+-------------------------+-------------------------+
| Number of cases (train) | 190                     |
+-------------------------+-------------------------+
| Test sample size        | 2431                    |
+-------------------------+-------------------------+
| Number of cases (test)  | 23                      |
+-------------------------+-------------------------+
| Test C-index            | 0.7301684249491023      |
+-------------------------+-------------------------+
| Time taken (seconds)    | 4.07                    |
+-------------------------+-------------------------+
2025-02-12 21:47:33,600 - INFO - 
+-------------------------+-------------------------+
| Metric                  | Value                   |
+=========================+=========================+
| Outcome                 | Ventricular arrhythmias |
+-------------------------+-------------------------+
| Fold                    | 0                       |
+-------------------------+-------------------------+
| Train sample size       | 19689                   |
+-------------------------+-------------------------+
| Number of cases (train) | 190                     |
+-------------------------+-------------------------+
| Test sample size        | 2431                    |
+-------------------------+-------------------------+
| Number of cases (test)  | 26                      |
+-------------------------+-------------------------+
| Test C-index            | 0.7059124352502557      |
+-------------------------+-------------------------+
| Time taken (seconds)    | 4.79                    |
+-------------------------+-------------------------+
2025-02-12 21:47:33,681 - INFO - 
+-------------------------+-------------------------+
| Metric                  | Value                   |
+=========================+=========================+
| Outcome                 | Ventricular arrhythmias |
+-------------------------+-------------------------+
| Fold                    | 3                       |
+-------------------------+-------------------------+
| Train sample size       | 19689                   |
+-------------------------+-------------------------+
| Number of cases (train) | 187                     |
+-------------------------+-------------------------+
| Test sample size        | 2431                    |
+-------------------------+-------------------------+
| Number of cases (test)  | 20                      |
+-------------------------+-------------------------+
| Test C-index            | 0.6377005916656024      |
+-------------------------+-------------------------+
| Time taken (seconds)    | 4.76                    |
+-------------------------+-------------------------+
2025-02-12 21:47:33,800 - INFO - 
+-------------------------+---------------------+
| Metric                  | Value               |
+=========================+=====================+
| Outcome                 | Atrial fibrillation |
+-------------------------+---------------------+
| Fold                    | 7                   |
+-------------------------+---------------------+
| Train sample size       | 19689               |
+-------------------------+---------------------+
| Number of cases (train) | 1274                |
+-------------------------+---------------------+
| Test sample size        | 2431                |
+-------------------------+---------------------+
| Number of cases (test)  | 129                 |
+-------------------------+---------------------+
| Test C-index            | 0.7419431812758647  |
+-------------------------+---------------------+
| Time taken (seconds)    | 7.19                |
+-------------------------+---------------------+
2025-02-12 21:47:34,029 - INFO - 
+-------------------------+-------------------------+
| Metric                  | Value                   |
+=========================+=========================+
| Outcome                 | Ventricular arrhythmias |
+-------------------------+-------------------------+
| Fold                    | 1                       |
+-------------------------+-------------------------+
| Train sample size       | 19689                   |
+-------------------------+-------------------------+
| Number of cases (train) | 191                     |
+-------------------------+-------------------------+
| Test sample size        | 2431                    |
+-------------------------+-------------------------+
| Number of cases (test)  | 24                      |
+-------------------------+-------------------------+
| Test C-index            | 0.6439699629059984      |
+-------------------------+-------------------------+
| Time taken (seconds)    | 5.09                    |
+-------------------------+-------------------------+
2025-02-12 21:47:34,033 - INFO - 
+-------------------------+-------------------------+
| Metric                  | Value                   |
+=========================+=========================+
| Outcome                 | Ventricular arrhythmias |
+-------------------------+-------------------------+
| Fold                    | 5                       |
+-------------------------+-------------------------+
| Train sample size       | 19689                   |
+-------------------------+-------------------------+
| Number of cases (train) | 191                     |
+-------------------------+-------------------------+
| Test sample size        | 2431                    |
+-------------------------+-------------------------+
| Number of cases (test)  | 23                      |
+-------------------------+-------------------------+
| Test C-index            | 0.6524762908324553      |
+-------------------------+-------------------------+
| Time taken (seconds)    | 4.70                    |
+-------------------------+-------------------------+
2025-02-12 21:47:34,685 - INFO - 
+-------------------------+-------------------------+
| Metric                  | Value                   |
+=========================+=========================+
| Outcome                 | Ventricular arrhythmias |
+-------------------------+-------------------------+
| Fold                    | 6                       |
+-------------------------+-------------------------+
| Train sample size       | 19689                   |
+-------------------------+-------------------------+
| Number of cases (train) | 192                     |
+-------------------------+-------------------------+
| Test sample size        | 2431                    |
+-------------------------+-------------------------+
| Number of cases (test)  | 23                      |
+-------------------------+-------------------------+
| Test C-index            | 0.6991526234243195      |
+-------------------------+-------------------------+
| Time taken (seconds)    | 4.23                    |
+-------------------------+-------------------------+
2025-02-12 21:47:34,763 - INFO - 
+-------------------------+---------------------+
| Metric                  | Value               |
+=========================+=====================+
| Outcome                 | Atrial fibrillation |
+-------------------------+---------------------+
| Fold                    | 8                   |
+-------------------------+---------------------+
| Train sample size       | 19690               |
+-------------------------+---------------------+
| Number of cases (train) | 1229                |
+-------------------------+---------------------+
| Test sample size        | 2430                |
+-------------------------+---------------------+
| Number of cases (test)  | 157                 |
+-------------------------+---------------------+
| Test C-index            | 0.7730869817215398  |
+-------------------------+---------------------+
| Time taken (seconds)    | 7.77                |
+-------------------------+---------------------+
2025-02-12 21:47:35,830 - INFO - 
+-------------------------+-------------------------+
| Metric                  | Value                   |
+=========================+=========================+
| Outcome                 | Ventricular arrhythmias |
+-------------------------+-------------------------+
| Fold                    | 8                       |
+-------------------------+-------------------------+
| Train sample size       | 19690                   |
+-------------------------+-------------------------+
| Number of cases (train) | 182                     |
+-------------------------+-------------------------+
| Test sample size        | 2430                    |
+-------------------------+-------------------------+
| Number of cases (test)  | 25                      |
+-------------------------+-------------------------+
| Test C-index            | 0.6736494888090633      |
+-------------------------+-------------------------+
| Time taken (seconds)    | 4.87                    |
+-------------------------+-------------------------+
2025-02-12 21:47:36,133 - INFO - 
+-------------------------+---------------------+
| Metric                  | Value               |
+=========================+=====================+
| Outcome                 | Atrial fibrillation |
+-------------------------+---------------------+
| Fold                    | 9                   |
+-------------------------+---------------------+
| Train sample size       | 19690               |
+-------------------------+---------------------+
| Number of cases (train) | 1219                |
+-------------------------+---------------------+
| Test sample size        | 2430                |
+-------------------------+---------------------+
| Number of cases (test)  | 152                 |
+-------------------------+---------------------+
| Test C-index            | 0.7802650931503011  |
+-------------------------+---------------------+
| Time taken (seconds)    | 7.47                |
+-------------------------+---------------------+
2025-02-12 21:47:36,240 - INFO - 
+-------------------------+---------------------------+
| Metric                  | Value                     |
+=========================+===========================+
| Outcome                 | Abdominal aortic aneurysm |
+-------------------------+---------------------------+
| Fold                    | 0                         |
+-------------------------+---------------------------+
| Train sample size       | 19689                     |
+-------------------------+---------------------------+
| Number of cases (train) | 99                        |
+-------------------------+---------------------------+
| Test sample size        | 2431                      |
+-------------------------+---------------------------+
| Number of cases (test)  | 10                        |
+-------------------------+---------------------------+
| Test C-index            | 0.5805559273635836        |
+-------------------------+---------------------------+
| Time taken (seconds)    | 4.81                      |
+-------------------------+---------------------------+
2025-02-12 21:47:36,504 - INFO - 
+-------------------------+-------------------------+
| Metric                  | Value                   |
+=========================+=========================+
| Outcome                 | Ventricular arrhythmias |
+-------------------------+-------------------------+
| Fold                    | 7                       |
+-------------------------+-------------------------+
| Train sample size       | 19689                   |
+-------------------------+-------------------------+
| Number of cases (train) | 195                     |
+-------------------------+-------------------------+
| Test sample size        | 2431                    |
+-------------------------+-------------------------+
| Number of cases (test)  | 24                      |
+-------------------------+-------------------------+
| Test C-index            | 0.7151484919206855      |
+-------------------------+-------------------------+
| Time taken (seconds)    | 5.73                    |
+-------------------------+-------------------------+
2025-02-12 21:47:36,707 - INFO - 
+-------------------------+---------------------------+
| Metric                  | Value                     |
+=========================+===========================+
| Outcome                 | Abdominal aortic aneurysm |
+-------------------------+---------------------------+
| Fold                    | 1                         |
+-------------------------+---------------------------+
| Train sample size       | 19689                     |
+-------------------------+---------------------------+
| Number of cases (train) | 101                       |
+-------------------------+---------------------------+
| Test sample size        | 2431                      |
+-------------------------+---------------------------+
| Number of cases (test)  | 10                        |
+-------------------------+---------------------------+
| Test C-index            | 0.7688190459878393        |
+-------------------------+---------------------------+
| Time taken (seconds)    | 4.98                      |
+-------------------------+---------------------------+
2025-02-12 21:47:36,914 - INFO - 
+-------------------------+-------------------------+
| Metric                  | Value                   |
+=========================+=========================+
| Outcome                 | Ventricular arrhythmias |
+-------------------------+-------------------------+
| Fold                    | 9                       |
+-------------------------+-------------------------+
| Train sample size       | 19690                   |
+-------------------------+-------------------------+
| Number of cases (train) | 187                     |
+-------------------------+-------------------------+
| Test sample size        | 2430                    |
+-------------------------+-------------------------+
| Number of cases (test)  | 22                      |
+-------------------------+-------------------------+
| Test C-index            | 0.6243459213888776      |
+-------------------------+-------------------------+
| Time taken (seconds)    | 5.52                    |
+-------------------------+-------------------------+
2025-02-12 21:47:37,723 - INFO - 
+-------------------------+---------------------------+
| Metric                  | Value                     |
+=========================+===========================+
| Outcome                 | Abdominal aortic aneurysm |
+-------------------------+---------------------------+
| Fold                    | 5                         |
+-------------------------+---------------------------+
| Train sample size       | 19689                     |
+-------------------------+---------------------------+
| Number of cases (train) | 99                        |
+-------------------------+---------------------------+
| Test sample size        | 2431                      |
+-------------------------+---------------------------+
| Number of cases (test)  | 12                        |
+-------------------------+---------------------------+
| Test C-index            | 0.7527309193796784        |
+-------------------------+---------------------------+
| Time taken (seconds)    | 4.12                      |
+-------------------------+---------------------------+
2025-02-12 21:47:37,801 - INFO - 
+-------------------------+---------------------------+
| Metric                  | Value                     |
+=========================+===========================+
| Outcome                 | Abdominal aortic aneurysm |
+-------------------------+---------------------------+
| Fold                    | 9                         |
+-------------------------+---------------------------+
| Train sample size       | 19690                     |
+-------------------------+---------------------------+
| Number of cases (train) | 98                        |
+-------------------------+---------------------------+
| Test sample size        | 2430                      |
+-------------------------+---------------------------+
| Number of cases (test)  | 10                        |
+-------------------------+---------------------------+
| Test C-index            | 0.9030402629416598        |
+-------------------------+---------------------------+
| Time taken (seconds)    | 3.72                      |
+-------------------------+---------------------------+
2025-02-12 21:47:38,193 - INFO - 
+-------------------------+---------------------------+
| Metric                  | Value                     |
+=========================+===========================+
| Outcome                 | Abdominal aortic aneurysm |
+-------------------------+---------------------------+
| Fold                    | 3                         |
+-------------------------+---------------------------+
| Train sample size       | 19689                     |
+-------------------------+---------------------------+
| Number of cases (train) | 95                        |
+-------------------------+---------------------------+
| Test sample size        | 2431                      |
+-------------------------+---------------------------+
| Number of cases (test)  | 16                        |
+-------------------------+---------------------------+
| Test C-index            | 0.8431227983943639        |
+-------------------------+---------------------------+
| Time taken (seconds)    | 5.16                      |
+-------------------------+---------------------------+
2025-02-12 21:47:38,209 - INFO - 
+-------------------------+---------------------------+
| Metric                  | Value                     |
+=========================+===========================+
| Outcome                 | Abdominal aortic aneurysm |
+-------------------------+---------------------------+
| Fold                    | 2                         |
+-------------------------+---------------------------+
| Train sample size       | 19689                     |
+-------------------------+---------------------------+
| Number of cases (train) | 102                       |
+-------------------------+---------------------------+
| Test sample size        | 2431                      |
+-------------------------+---------------------------+
| Number of cases (test)  | 13                        |
+-------------------------+---------------------------+
| Test C-index            | 0.8941279343512477        |
+-------------------------+---------------------------+
| Time taken (seconds)    | 5.59                      |
+-------------------------+---------------------------+
2025-02-12 21:47:38,332 - INFO - 
+-------------------------+---------------------------+
| Metric                  | Value                     |
+=========================+===========================+
| Outcome                 | Abdominal aortic aneurysm |
+-------------------------+---------------------------+
| Fold                    | 4                         |
+-------------------------+---------------------------+
| Train sample size       | 19689                     |
+-------------------------+---------------------------+
| Number of cases (train) | 101                       |
+-------------------------+---------------------------+
| Test sample size        | 2431                      |
+-------------------------+---------------------------+
| Number of cases (test)  | 15                        |
+-------------------------+---------------------------+
| Test C-index            | 0.8687105552660529        |
+-------------------------+---------------------------+
| Time taken (seconds)    | 5.24                      |
+-------------------------+---------------------------+
2025-02-12 21:47:38,723 - INFO - 
+-------------------------+---------------------------+
| Metric                  | Value                     |
+=========================+===========================+
| Outcome                 | Abdominal aortic aneurysm |
+-------------------------+---------------------------+
| Fold                    | 8                         |
+-------------------------+---------------------------+
| Train sample size       | 19690                     |
+-------------------------+---------------------------+
| Number of cases (train) | 101                       |
+-------------------------+---------------------------+
| Test sample size        | 2430                      |
+-------------------------+---------------------------+
| Number of cases (test)  | 10                        |
+-------------------------+---------------------------+
| Test C-index            | 0.8099634135965286        |
+-------------------------+---------------------------+
| Time taken (seconds)    | 4.68                      |
+-------------------------+---------------------------+
2025-02-12 21:47:38,867 - INFO - 
+-------------------------+---------------------------+
| Metric                  | Value                     |
+=========================+===========================+
| Outcome                 | Abdominal aortic aneurysm |
+-------------------------+---------------------------+
| Fold                    | 7                         |
+-------------------------+---------------------------+
| Train sample size       | 19689                     |
+-------------------------+---------------------------+
| Number of cases (train) | 105                       |
+-------------------------+---------------------------+
| Test sample size        | 2431                      |
+-------------------------+---------------------------+
| Number of cases (test)  | 10                        |
+-------------------------+---------------------------+
| Test C-index            | 0.7414440273791124        |
+-------------------------+---------------------------+
| Time taken (seconds)    | 5.05                      |
+-------------------------+---------------------------+
2025-02-12 21:47:39,018 - INFO - 
+-------------------------+---------------------------+
| Metric                  | Value                     |
+=========================+===========================+
| Outcome                 | Abdominal aortic aneurysm |
+-------------------------+---------------------------+
| Fold                    | 6                         |
+-------------------------+---------------------------+
| Train sample size       | 19689                     |
+-------------------------+---------------------------+
| Number of cases (train) | 98                        |
+-------------------------+---------------------------+
| Test sample size        | 2431                      |
+-------------------------+---------------------------+
| Number of cases (test)  | 17                        |
+-------------------------+---------------------------+
| Test C-index            | 0.7482254805450494        |
+-------------------------+---------------------------+
| Time taken (seconds)    | 5.30                      |
+-------------------------+---------------------------+
2025-02-12 21:47:40,639 - INFO - 
+-------------------------+----------------------------+
| Metric                  | Value                      |
+=========================+============================+
| Outcome                 | Peripheral artery diseases |
+-------------------------+----------------------------+
| Fold                    | 6                          |
+-------------------------+----------------------------+
| Train sample size       | 19689                      |
+-------------------------+----------------------------+
| Number of cases (train) | 261                        |
+-------------------------+----------------------------+
| Test sample size        | 2431                       |
+-------------------------+----------------------------+
| Number of cases (test)  | 34                         |
+-------------------------+----------------------------+
| Test C-index            | 0.8015418418278573         |
+-------------------------+----------------------------+
| Time taken (seconds)    | 3.90                       |
+-------------------------+----------------------------+
2025-02-12 21:47:42,217 - INFO - 
+-------------------------+----------------------------+
| Metric                  | Value                      |
+=========================+============================+
| Outcome                 | Peripheral artery diseases |
+-------------------------+----------------------------+
| Fold                    | 0                          |
+-------------------------+----------------------------+
| Train sample size       | 19689                      |
+-------------------------+----------------------------+
| Number of cases (train) | 268                        |
+-------------------------+----------------------------+
| Test sample size        | 2431                       |
+-------------------------+----------------------------+
| Number of cases (test)  | 26                         |
+-------------------------+----------------------------+
| Test C-index            | 0.7783710253358272         |
+-------------------------+----------------------------+
| Time taken (seconds)    | 7.46                       |
+-------------------------+----------------------------+
2025-02-12 21:47:42,240 - INFO - 
+-------------------------+----------------------------+
| Metric                  | Value                      |
+=========================+============================+
| Outcome                 | Peripheral artery diseases |
+-------------------------+----------------------------+
| Fold                    | 3                          |
+-------------------------+----------------------------+
| Train sample size       | 19689                      |
+-------------------------+----------------------------+
| Number of cases (train) | 258                        |
+-------------------------+----------------------------+
| Test sample size        | 2431                       |
+-------------------------+----------------------------+
| Number of cases (test)  | 31                         |
+-------------------------+----------------------------+
| Test C-index            | 0.8040089086859689         |
+-------------------------+----------------------------+
| Time taken (seconds)    | 6.03                       |
+-------------------------+----------------------------+
2025-02-12 21:47:42,291 - INFO - 
+-------------------------+----------------------------+
| Metric                  | Value                      |
+=========================+============================+
| Outcome                 | Peripheral artery diseases |
+-------------------------+----------------------------+
| Fold                    | 2                          |
+-------------------------+----------------------------+
| Train sample size       | 19689                      |
+-------------------------+----------------------------+
| Number of cases (train) | 260                        |
+-------------------------+----------------------------+
| Test sample size        | 2431                       |
+-------------------------+----------------------------+
| Number of cases (test)  | 28                         |
+-------------------------+----------------------------+
| Test C-index            | 0.7681242337556191         |
+-------------------------+----------------------------+
| Time taken (seconds)    | 6.43                       |
+-------------------------+----------------------------+
2025-02-12 21:47:42,425 - INFO - 
+-------------------------+----------------------------+
| Metric                  | Value                      |
+=========================+============================+
| Outcome                 | Peripheral artery diseases |
+-------------------------+----------------------------+
| Fold                    | 5                          |
+-------------------------+----------------------------+
| Train sample size       | 19689                      |
+-------------------------+----------------------------+
| Number of cases (train) | 261                        |
+-------------------------+----------------------------+
| Test sample size        | 2431                       |
+-------------------------+----------------------------+
| Number of cases (test)  | 37                         |
+-------------------------+----------------------------+
| Test C-index            | 0.8414942963979741         |
+-------------------------+----------------------------+
| Time taken (seconds)    | 5.90                       |
+-------------------------+----------------------------+
2025-02-12 21:47:42,820 - INFO - 
+-------------------------+----------------------------+
| Metric                  | Value                      |
+=========================+============================+
| Outcome                 | Peripheral artery diseases |
+-------------------------+----------------------------+
| Fold                    | 4                          |
+-------------------------+----------------------------+
| Train sample size       | 19689                      |
+-------------------------+----------------------------+
| Number of cases (train) | 255                        |
+-------------------------+----------------------------+
| Test sample size        | 2431                       |
+-------------------------+----------------------------+
| Number of cases (test)  | 38                         |
+-------------------------+----------------------------+
| Test C-index            | 0.7896880846931766         |
+-------------------------+----------------------------+
| Time taken (seconds)    | 6.53                       |
+-------------------------+----------------------------+
2025-02-12 21:47:42,912 - INFO - 
+-------------------------+----------------------------+
| Metric                  | Value                      |
+=========================+============================+
| Outcome                 | Peripheral artery diseases |
+-------------------------+----------------------------+
| Fold                    | 7                          |
+-------------------------+----------------------------+
| Train sample size       | 19689                      |
+-------------------------+----------------------------+
| Number of cases (train) | 268                        |
+-------------------------+----------------------------+
| Test sample size        | 2431                       |
+-------------------------+----------------------------+
| Number of cases (test)  | 25                         |
+-------------------------+----------------------------+
| Test C-index            | 0.7938343644544432         |
+-------------------------+----------------------------+
| Time taken (seconds)    | 5.99                       |
+-------------------------+----------------------------+
2025-02-12 21:47:42,919 - INFO - 
+-------------------------+----------------------------+
| Metric                  | Value                      |
+=========================+============================+
| Outcome                 | Peripheral artery diseases |
+-------------------------+----------------------------+
| Fold                    | 1                          |
+-------------------------+----------------------------+
| Train sample size       | 19689                      |
+-------------------------+----------------------------+
| Number of cases (train) | 266                        |
+-------------------------+----------------------------+
| Test sample size        | 2431                       |
+-------------------------+----------------------------+
| Number of cases (test)  | 33                         |
+-------------------------+----------------------------+
| Test C-index            | 0.7745551577564128         |
+-------------------------+----------------------------+
| Time taken (seconds)    | 8.12                       |
+-------------------------+----------------------------+
2025-02-12 21:47:43,220 - INFO - 
+-------------------------+----------------------------+
| Metric                  | Value                      |
+=========================+============================+
| Outcome                 | Peripheral artery diseases |
+-------------------------+----------------------------+
| Fold                    | 8                          |
+-------------------------+----------------------------+
| Train sample size       | 19690                      |
+-------------------------+----------------------------+
| Number of cases (train) | 258                        |
+-------------------------+----------------------------+
| Test sample size        | 2430                       |
+-------------------------+----------------------------+
| Number of cases (test)  | 40                         |
+-------------------------+----------------------------+
| Test C-index            | 0.7496118995452894         |
+-------------------------+----------------------------+
| Time taken (seconds)    | 5.49                       |
+-------------------------+----------------------------+
2025-02-12 21:47:43,709 - INFO - 
+-------------------------+----------------------------+
| Metric                  | Value                      |
+=========================+============================+
| Outcome                 | Peripheral artery diseases |
+-------------------------+----------------------------+
| Fold                    | 9                          |
+-------------------------+----------------------------+
| Train sample size       | 19690                      |
+-------------------------+----------------------------+
| Number of cases (train) | 261                        |
+-------------------------+----------------------------+
| Test sample size        | 2430                       |
+-------------------------+----------------------------+
| Number of cases (test)  | 29                         |
+-------------------------+----------------------------+
| Test C-index            | 0.7711231401959598         |
+-------------------------+----------------------------+
| Time taken (seconds)    | 5.89                       |
+-------------------------+----------------------------+
2025-02-12 21:47:44,786 - INFO - 
+-------------------------+--------------------+
| Metric                  | Value              |
+=========================+====================+
| Outcome                 | Vein thrombosis    |
+-------------------------+--------------------+
| Fold                    | 4                  |
+-------------------------+--------------------+
| Train sample size       | 19689              |
+-------------------------+--------------------+
| Number of cases (train) | 564                |
+-------------------------+--------------------+
| Test sample size        | 2431               |
+-------------------------+--------------------+
| Number of cases (test)  | 59                 |
+-------------------------+--------------------+
| Test C-index            | 0.6649463543942008 |
+-------------------------+--------------------+
| Time taken (seconds)    | 5.88               |
+-------------------------+--------------------+
2025-02-12 21:47:45,158 - INFO - 
+-------------------------+--------------------+
| Metric                  | Value              |
+=========================+====================+
| Outcome                 | Vein thrombosis    |
+-------------------------+--------------------+
| Fold                    | 5                  |
+-------------------------+--------------------+
| Train sample size       | 19689              |
+-------------------------+--------------------+
| Number of cases (train) | 560                |
+-------------------------+--------------------+
| Test sample size        | 2431               |
+-------------------------+--------------------+
| Number of cases (test)  | 69                 |
+-------------------------+--------------------+
| Test C-index            | 0.6744285516599364 |
+-------------------------+--------------------+
| Time taken (seconds)    | 6.11               |
+-------------------------+--------------------+
2025-02-12 21:47:47,073 - INFO - 
+-------------------------+--------------------+
| Metric                  | Value              |
+=========================+====================+
| Outcome                 | Vein thrombosis    |
+-------------------------+--------------------+
| Fold                    | 8                  |
+-------------------------+--------------------+
| Train sample size       | 19690              |
+-------------------------+--------------------+
| Number of cases (train) | 533                |
+-------------------------+--------------------+
| Test sample size        | 2430               |
+-------------------------+--------------------+
| Number of cases (test)  | 87                 |
+-------------------------+--------------------+
| Test C-index            | 0.6646305626579194 |
+-------------------------+--------------------+
| Time taken (seconds)    | 4.77               |
+-------------------------+--------------------+
2025-02-12 21:47:47,093 - INFO - 
+-------------------------+--------------------+
| Metric                  | Value              |
+=========================+====================+
| Outcome                 | Vein thrombosis    |
+-------------------------+--------------------+
| Fold                    | 1                  |
+-------------------------+--------------------+
| Train sample size       | 19689              |
+-------------------------+--------------------+
| Number of cases (train) | 555                |
+-------------------------+--------------------+
| Test sample size        | 2431               |
+-------------------------+--------------------+
| Number of cases (test)  | 69                 |
+-------------------------+--------------------+
| Test C-index            | 0.6562418770961054 |
+-------------------------+--------------------+
| Time taken (seconds)    | 8.85               |
+-------------------------+--------------------+
2025-02-12 21:47:47,178 - INFO - 
+-------------------------+--------------------+
| Metric                  | Value              |
+=========================+====================+
| Outcome                 | Vein thrombosis    |
+-------------------------+--------------------+
| Fold                    | 2                  |
+-------------------------+--------------------+
| Train sample size       | 19689              |
+-------------------------+--------------------+
| Number of cases (train) | 555                |
+-------------------------+--------------------+
| Test sample size        | 2431               |
+-------------------------+--------------------+
| Number of cases (test)  | 74                 |
+-------------------------+--------------------+
| Test C-index            | 0.6424074151144195 |
+-------------------------+--------------------+
| Time taken (seconds)    | 8.80               |
+-------------------------+--------------------+
2025-02-12 21:47:47,979 - INFO - 
+-------------------------+--------------------+
| Metric                  | Value              |
+=========================+====================+
| Outcome                 | Vein thrombosis    |
+-------------------------+--------------------+
| Fold                    | 0                  |
+-------------------------+--------------------+
| Train sample size       | 19689              |
+-------------------------+--------------------+
| Number of cases (train) | 554                |
+-------------------------+--------------------+
| Test sample size        | 2431               |
+-------------------------+--------------------+
| Number of cases (test)  | 60                 |
+-------------------------+--------------------+
| Test C-index            | 0.7243396881418693 |
+-------------------------+--------------------+
| Time taken (seconds)    | 9.78               |
+-------------------------+--------------------+
2025-02-12 21:47:48,289 - INFO - 
+-------------------------+----------------------+
| Metric                  | Value                |
+=========================+======================+
| Outcome                 | Cardiovascular death |
+-------------------------+----------------------+
| Fold                    | 3                    |
+-------------------------+----------------------+
| Train sample size       | 19689                |
+-------------------------+----------------------+
| Number of cases (train) | 465                  |
+-------------------------+----------------------+
| Test sample size        | 2431                 |
+-------------------------+----------------------+
| Number of cases (test)  | 50                   |
+-------------------------+----------------------+
| Test C-index            | 0.8398154136586901   |
+-------------------------+----------------------+
| Time taken (seconds)    | 5.34                 |
+-------------------------+----------------------+
2025-02-12 21:47:48,484 - INFO - 
+-------------------------+--------------------+
| Metric                  | Value              |
+=========================+====================+
| Outcome                 | Vein thrombosis    |
+-------------------------+--------------------+
| Fold                    | 3                  |
+-------------------------+--------------------+
| Train sample size       | 19689              |
+-------------------------+--------------------+
| Number of cases (train) | 557                |
+-------------------------+--------------------+
| Test sample size        | 2431               |
+-------------------------+--------------------+
| Number of cases (test)  | 69                 |
+-------------------------+--------------------+
| Test C-index            | 0.7163865943330245 |
+-------------------------+--------------------+
| Time taken (seconds)    | 9.74               |
+-------------------------+--------------------+
2025-02-12 21:47:48,846 - INFO - 
+-------------------------+----------------------+
| Metric                  | Value                |
+=========================+======================+
| Outcome                 | Cardiovascular death |
+-------------------------+----------------------+
| Fold                    | 1                    |
+-------------------------+----------------------+
| Train sample size       | 19689                |
+-------------------------+----------------------+
| Number of cases (train) | 457                  |
+-------------------------+----------------------+
| Test sample size        | 2431                 |
+-------------------------+----------------------+
| Number of cases (test)  | 64                   |
+-------------------------+----------------------+
| Test C-index            | 0.7651672546258209   |
+-------------------------+----------------------+
| Time taken (seconds)    | 6.02                 |
+-------------------------+----------------------+
2025-02-12 21:47:48,904 - INFO - 
+-------------------------+----------------------+
| Metric                  | Value                |
+=========================+======================+
| Outcome                 | Cardiovascular death |
+-------------------------+----------------------+
| Fold                    | 0                    |
+-------------------------+----------------------+
| Train sample size       | 19689                |
+-------------------------+----------------------+
| Number of cases (train) | 463                  |
+-------------------------+----------------------+
| Test sample size        | 2431                 |
+-------------------------+----------------------+
| Number of cases (test)  | 59                   |
+-------------------------+----------------------+
| Test C-index            | 0.7914090072697656   |
+-------------------------+----------------------+
| Time taken (seconds)    | 6.46                 |
+-------------------------+----------------------+
2025-02-12 21:47:49,046 - INFO - 
+-------------------------+--------------------+
| Metric                  | Value              |
+=========================+====================+
| Outcome                 | Vein thrombosis    |
+-------------------------+--------------------+
| Fold                    | 6                  |
+-------------------------+--------------------+
| Train sample size       | 19689              |
+-------------------------+--------------------+
| Number of cases (train) | 560                |
+-------------------------+--------------------+
| Test sample size        | 2431               |
+-------------------------+--------------------+
| Number of cases (test)  | 70                 |
+-------------------------+--------------------+
| Test C-index            | 0.6506281776282464 |
+-------------------------+--------------------+
| Time taken (seconds)    | 8.40               |
+-------------------------+--------------------+
2025-02-12 21:47:49,259 - INFO - 
+-------------------------+----------------------+
| Metric                  | Value                |
+=========================+======================+
| Outcome                 | Cardiovascular death |
+-------------------------+----------------------+
| Fold                    | 2                    |
+-------------------------+----------------------+
| Train sample size       | 19689                |
+-------------------------+----------------------+
| Number of cases (train) | 442                  |
+-------------------------+----------------------+
| Test sample size        | 2431                 |
+-------------------------+----------------------+
| Number of cases (test)  | 67                   |
+-------------------------+----------------------+
| Test C-index            | 0.7661754653486171   |
+-------------------------+----------------------+
| Time taken (seconds)    | 6.31                 |
+-------------------------+----------------------+
2025-02-12 21:47:49,631 - INFO - 
+-------------------------+----------------------+
| Metric                  | Value                |
+=========================+======================+
| Outcome                 | Cardiovascular death |
+-------------------------+----------------------+
| Fold                    | 4                    |
+-------------------------+----------------------+
| Train sample size       | 19689                |
+-------------------------+----------------------+
| Number of cases (train) | 456                  |
+-------------------------+----------------------+
| Test sample size        | 2431                 |
+-------------------------+----------------------+
| Number of cases (test)  | 55                   |
+-------------------------+----------------------+
| Test C-index            | 0.7979195213115285   |
+-------------------------+----------------------+
| Time taken (seconds)    | 6.39                 |
+-------------------------+----------------------+
2025-02-12 21:47:49,943 - INFO - 
+-------------------------+----------------------+
| Metric                  | Value                |
+=========================+======================+
| Outcome                 | Cardiovascular death |
+-------------------------+----------------------+
| Fold                    | 5                    |
+-------------------------+----------------------+
| Train sample size       | 19689                |
+-------------------------+----------------------+
| Number of cases (train) | 465                  |
+-------------------------+----------------------+
| Test sample size        | 2431                 |
+-------------------------+----------------------+
| Number of cases (test)  | 56                   |
+-------------------------+----------------------+
| Test C-index            | 0.8076279216677196   |
+-------------------------+----------------------+
| Time taken (seconds)    | 6.21                 |
+-------------------------+----------------------+
2025-02-12 21:47:49,983 - INFO - 
+-------------------------+----------------------+
| Metric                  | Value                |
+=========================+======================+
| Outcome                 | Cardiovascular death |
+-------------------------+----------------------+
| Fold                    | 9                    |
+-------------------------+----------------------+
| Train sample size       | 19690                |
+-------------------------+----------------------+
| Number of cases (train) | 465                  |
+-------------------------+----------------------+
| Test sample size        | 2430                 |
+-------------------------+----------------------+
| Number of cases (test)  | 45                   |
+-------------------------+----------------------+
| Test C-index            | 0.7956784332121496   |
+-------------------------+----------------------+
| Time taken (seconds)    | 2.85                 |
+-------------------------+----------------------+
2025-02-12 21:47:50,021 - INFO - 
+-------------------------+----------------------+
| Metric                  | Value                |
+=========================+======================+
| Outcome                 | Cardiovascular death |
+-------------------------+----------------------+
| Fold                    | 6                    |
+-------------------------+----------------------+
| Train sample size       | 19689                |
+-------------------------+----------------------+
| Number of cases (train) | 458                  |
+-------------------------+----------------------+
| Test sample size        | 2431                 |
+-------------------------+----------------------+
| Number of cases (test)  | 51                   |
+-------------------------+----------------------+
| Test C-index            | 0.7638518878485209   |
+-------------------------+----------------------+
| Time taken (seconds)    | 5.23                 |
+-------------------------+----------------------+
2025-02-12 21:47:50,473 - INFO - 
+-------------------------+----------------------+
| Metric                  | Value                |
+=========================+======================+
| Outcome                 | Cardiovascular death |
+-------------------------+----------------------+
| Fold                    | 7                    |
+-------------------------+----------------------+
| Train sample size       | 19689                |
+-------------------------+----------------------+
| Number of cases (train) | 467                  |
+-------------------------+----------------------+
| Test sample size        | 2431                 |
+-------------------------+----------------------+
| Number of cases (test)  | 55                   |
+-------------------------+----------------------+
| Test C-index            | 0.7382397989239289   |
+-------------------------+----------------------+
| Time taken (seconds)    | 5.31                 |
+-------------------------+----------------------+
2025-02-12 21:47:50,547 - INFO - 
+-------------------------+----------------------+
| Metric                  | Value                |
+=========================+======================+
| Outcome                 | Cardiovascular death |
+-------------------------+----------------------+
| Fold                    | 8                    |
+-------------------------+----------------------+
| Train sample size       | 19690                |
+-------------------------+----------------------+
| Number of cases (train) | 447                  |
+-------------------------+----------------------+
| Test sample size        | 2430                 |
+-------------------------+----------------------+
| Number of cases (test)  | 61                   |
+-------------------------+----------------------+
| Test C-index            | 0.8000382772302007   |
+-------------------------+----------------------+
| Time taken (seconds)    | 3.46                 |
+-------------------------+----------------------+
2025-02-12 21:47:50,594 - INFO - 
+-------------------------+--------------------+
| Metric                  | Value              |
+=========================+====================+
| Outcome                 | Vein thrombosis    |
+-------------------------+--------------------+
| Fold                    | 7                  |
+-------------------------+--------------------+
| Train sample size       | 19689              |
+-------------------------+--------------------+
| Number of cases (train) | 558                |
+-------------------------+--------------------+
| Test sample size        | 2431               |
+-------------------------+--------------------+
| Number of cases (test)  | 62                 |
+-------------------------+--------------------+
| Test C-index            | 0.6345737492916406 |
+-------------------------+--------------------+
| Time taken (seconds)    | 8.33               |
+-------------------------+--------------------+
2025-02-12 21:47:51,378 - INFO - 
+-------------------------+--------------------+
| Metric                  | Value              |
+=========================+====================+
| Outcome                 | Vein thrombosis    |
+-------------------------+--------------------+
| Fold                    | 9                  |
+-------------------------+--------------------+
| Train sample size       | 19690              |
+-------------------------+--------------------+
| Number of cases (train) | 555                |
+-------------------------+--------------------+
| Test sample size        | 2430               |
+-------------------------+--------------------+
| Number of cases (test)  | 63                 |
+-------------------------+--------------------+
| Test C-index            | 0.7310483843227364 |
+-------------------------+--------------------+
| Time taken (seconds)    | 9.05               |
+-------------------------+--------------------+
2025-02-12 21:47:51,437 - INFO - Nested cross validation for CoxPH models completed in 36.08 seconds.

