2025-02-13 03:35:58,572 - INFO - Predictor set: ['PANEL', 'Creatinine']
2025-02-13 03:35:58,572 - INFO - Nested cross validation for CoxPH models.
2025-02-13 03:36:10,095 - INFO - 
+-------------------------+--------------------+
| Metric                  | Value              |
+=========================+====================+
| Outcome                 | Stroke             |
+-------------------------+--------------------+
| Fold                    | 0                  |
+-------------------------+--------------------+
| Train sample size       | 18417              |
+-------------------------+--------------------+
| Number of cases (train) | 465                |
+-------------------------+--------------------+
| Test sample size        | 2277               |
+-------------------------+--------------------+
| Number of cases (test)  | 61                 |
+-------------------------+--------------------+
| Test C-index            | 0.6860771941325903 |
+-------------------------+--------------------+
| Time taken (seconds)    | 11.46              |
+-------------------------+--------------------+
2025-02-13 03:36:10,294 - INFO - 
+-------------------------+--------------------------+
| Metric                  | Value                    |
+=========================+==========================+
| Outcome                 | Coronary artery diseases |
+-------------------------+--------------------------+
| Fold                    | 9                        |
+-------------------------+--------------------------+
| Train sample size       | 18429                    |
+-------------------------+--------------------------+
| Number of cases (train) | 1431                     |
+-------------------------+--------------------------+
| Test sample size        | 2274                     |
+-------------------------+--------------------------+
| Number of cases (test)  | 185                      |
+-------------------------+--------------------------+
| Test C-index            | 0.7249026633908238       |
+-------------------------+--------------------------+
| Time taken (seconds)    | 11.66                    |
+-------------------------+--------------------------+
2025-02-13 03:36:10,376 - INFO - 
+-------------------------+--------------------+
| Metric                  | Value              |
+=========================+====================+
| Outcome                 | Stroke             |
+-------------------------+--------------------+
| Fold                    | 2                  |
+-------------------------+--------------------+
| Train sample size       | 18422              |
+-------------------------+--------------------+
| Number of cases (train) | 463                |
+-------------------------+--------------------+
| Test sample size        | 2283               |
+-------------------------+--------------------+
| Number of cases (test)  | 65                 |
+-------------------------+--------------------+
| Test C-index            | 0.7245753915470433 |
+-------------------------+--------------------+
| Time taken (seconds)    | 11.74              |
+-------------------------+--------------------+
2025-02-13 03:36:10,590 - INFO - 
+-------------------------+--------------------+
| Metric                  | Value              |
+=========================+====================+
| Outcome                 | Stroke             |
+-------------------------+--------------------+
| Fold                    | 4                  |
+-------------------------+--------------------+
| Train sample size       | 18452              |
+-------------------------+--------------------+
| Number of cases (train) | 465                |
+-------------------------+--------------------+
| Test sample size        | 2272               |
+-------------------------+--------------------+
| Number of cases (test)  | 60                 |
+-------------------------+--------------------+
| Test C-index            | 0.6892348824408272 |
+-------------------------+--------------------+
| Time taken (seconds)    | 11.95              |
+-------------------------+--------------------+
2025-02-13 03:36:10,645 - INFO - 
+-------------------------+--------------------------+
| Metric                  | Value                    |
+=========================+==========================+
| Outcome                 | Coronary artery diseases |
+-------------------------+--------------------------+
| Fold                    | 0                        |
+-------------------------+--------------------------+
| Train sample size       | 18417                    |
+-------------------------+--------------------------+
| Number of cases (train) | 1464                     |
+-------------------------+--------------------------+
| Test sample size        | 2277                     |
+-------------------------+--------------------------+
| Number of cases (test)  | 181                      |
+-------------------------+--------------------------+
| Test C-index            | 0.7068338211992684       |
+-------------------------+--------------------------+
| Time taken (seconds)    | 12.01                    |
+-------------------------+--------------------------+
2025-02-13 03:36:10,802 - INFO - 
+-------------------------+--------------------------+
| Metric                  | Value                    |
+=========================+==========================+
| Outcome                 | Coronary artery diseases |
+-------------------------+--------------------------+
| Fold                    | 2                        |
+-------------------------+--------------------------+
| Train sample size       | 18422                    |
+-------------------------+--------------------------+
| Number of cases (train) | 1464                     |
+-------------------------+--------------------------+
| Test sample size        | 2283                     |
+-------------------------+--------------------------+
| Number of cases (test)  | 183                      |
+-------------------------+--------------------------+
| Test C-index            | 0.702741710861339        |
+-------------------------+--------------------------+
| Time taken (seconds)    | 12.17                    |
+-------------------------+--------------------------+
2025-02-13 03:36:10,838 - INFO - 
+-------------------------+--------------------------+
| Metric                  | Value                    |
+=========================+==========================+
| Outcome                 | Coronary artery diseases |
+-------------------------+--------------------------+
| Fold                    | 4                        |
+-------------------------+--------------------------+
| Train sample size       | 18452                    |
+-------------------------+--------------------------+
| Number of cases (train) | 1489                     |
+-------------------------+--------------------------+
| Test sample size        | 2272                     |
+-------------------------+--------------------------+
| Number of cases (test)  | 165                      |
+-------------------------+--------------------------+
| Test C-index            | 0.7460493729501463       |
+-------------------------+--------------------------+
| Time taken (seconds)    | 12.20                    |
+-------------------------+--------------------------+
2025-02-13 03:36:10,869 - INFO - 
+-------------------------+--------------------------+
| Metric                  | Value                    |
+=========================+==========================+
| Outcome                 | Coronary artery diseases |
+-------------------------+--------------------------+
| Fold                    | 5                        |
+-------------------------+--------------------------+
| Train sample size       | 18427                    |
+-------------------------+--------------------------+
| Number of cases (train) | 1471                     |
+-------------------------+--------------------------+
| Test sample size        | 2281                     |
+-------------------------+--------------------------+
| Number of cases (test)  | 167                      |
+-------------------------+--------------------------+
| Test C-index            | 0.7244965976142727       |
+-------------------------+--------------------------+
| Time taken (seconds)    | 12.23                    |
+-------------------------+--------------------------+
2025-02-13 03:36:10,955 - INFO - 
+-------------------------+--------------------+
| Metric                  | Value              |
+=========================+====================+
| Outcome                 | Stroke             |
+-------------------------+--------------------+
| Fold                    | 5                  |
+-------------------------+--------------------+
| Train sample size       | 18427              |
+-------------------------+--------------------+
| Number of cases (train) | 464                |
+-------------------------+--------------------+
| Test sample size        | 2281               |
+-------------------------+--------------------+
| Number of cases (test)  | 68                 |
+-------------------------+--------------------+
| Test C-index            | 0.6652417980553049 |
+-------------------------+--------------------+
| Time taken (seconds)    | 12.32              |
+-------------------------+--------------------+
2025-02-13 03:36:11,091 - INFO - 
+-------------------------+--------------------+
| Metric                  | Value              |
+=========================+====================+
| Outcome                 | Stroke             |
+-------------------------+--------------------+
| Fold                    | 3                  |
+-------------------------+--------------------+
| Train sample size       | 18434              |
+-------------------------+--------------------+
| Number of cases (train) | 476                |
+-------------------------+--------------------+
| Test sample size        | 2272               |
+-------------------------+--------------------+
| Number of cases (test)  | 49                 |
+-------------------------+--------------------+
| Test C-index            | 0.7143880444701749 |
+-------------------------+--------------------+
| Time taken (seconds)    | 12.45              |
+-------------------------+--------------------+
2025-02-13 03:36:11,181 - INFO - 
+-------------------------+--------------------+
| Metric                  | Value              |
+=========================+====================+
| Outcome                 | Stroke             |
+-------------------------+--------------------+
| Fold                    | 1                  |
+-------------------------+--------------------+
| Train sample size       | 18442              |
+-------------------------+--------------------+
| Number of cases (train) | 494                |
+-------------------------+--------------------+
| Test sample size        | 2270               |
+-------------------------+--------------------+
| Number of cases (test)  | 49                 |
+-------------------------+--------------------+
| Test C-index            | 0.6856687898089172 |
+-------------------------+--------------------+
| Time taken (seconds)    | 12.54              |
+-------------------------+--------------------+
2025-02-13 03:36:11,356 - INFO - 
+-------------------------+--------------------------+
| Metric                  | Value                    |
+=========================+==========================+
| Outcome                 | Coronary artery diseases |
+-------------------------+--------------------------+
| Fold                    | 8                        |
+-------------------------+--------------------------+
| Train sample size       | 18399                    |
+-------------------------+--------------------------+
| Number of cases (train) | 1452                     |
+-------------------------+--------------------------+
| Test sample size        | 2283                     |
+-------------------------+--------------------------+
| Number of cases (test)  | 178                      |
+-------------------------+--------------------------+
| Test C-index            | 0.7353973889463532       |
+-------------------------+--------------------------+
| Time taken (seconds)    | 12.72                    |
+-------------------------+--------------------------+
2025-02-13 03:36:11,664 - INFO - 
+-------------------------+--------------------------+
| Metric                  | Value                    |
+=========================+==========================+
| Outcome                 | Coronary artery diseases |
+-------------------------+--------------------------+
| Fold                    | 7                        |
+-------------------------+--------------------------+
| Train sample size       | 18422                    |
+-------------------------+--------------------------+
| Number of cases (train) | 1454                     |
+-------------------------+--------------------------+
| Test sample size        | 2273                     |
+-------------------------+--------------------------+
| Number of cases (test)  | 180                      |
+-------------------------+--------------------------+
| Test C-index            | 0.7138097423275347       |
+-------------------------+--------------------------+
| Time taken (seconds)    | 13.03                    |
+-------------------------+--------------------------+
2025-02-13 03:36:11,725 - INFO - 
+-------------------------+--------------------------+
| Metric                  | Value                    |
+=========================+==========================+
| Outcome                 | Coronary artery diseases |
+-------------------------+--------------------------+
| Fold                    | 3                        |
+-------------------------+--------------------------+
| Train sample size       | 18434                    |
+-------------------------+--------------------------+
| Number of cases (train) | 1444                     |
+-------------------------+--------------------------+
| Test sample size        | 2272                     |
+-------------------------+--------------------------+
| Number of cases (test)  | 180                      |
+-------------------------+--------------------------+
| Test C-index            | 0.7396031553092857       |
+-------------------------+--------------------------+
| Time taken (seconds)    | 13.09                    |
+-------------------------+--------------------------+
2025-02-13 03:36:11,941 - INFO - 
+-------------------------+--------------------------+
| Metric                  | Value                    |
+=========================+==========================+
| Outcome                 | Coronary artery diseases |
+-------------------------+--------------------------+
| Fold                    | 1                        |
+-------------------------+--------------------------+
| Train sample size       | 18442                    |
+-------------------------+--------------------------+
| Number of cases (train) | 1446                     |
+-------------------------+--------------------------+
| Test sample size        | 2270                     |
+-------------------------+--------------------------+
| Number of cases (test)  | 181                      |
+-------------------------+--------------------------+
| Test C-index            | 0.7298386065790333       |
+-------------------------+--------------------------+
| Time taken (seconds)    | 13.31                    |
+-------------------------+--------------------------+
2025-02-13 03:36:12,463 - INFO - 
+-------------------------+--------------------------+
| Metric                  | Value                    |
+=========================+==========================+
| Outcome                 | Coronary artery diseases |
+-------------------------+--------------------------+
| Fold                    | 6                        |
+-------------------------+--------------------------+
| Train sample size       | 18427                    |
+-------------------------+--------------------------+
| Number of cases (train) | 1431                     |
+-------------------------+--------------------------+
| Test sample size        | 2270                     |
+-------------------------+--------------------------+
| Number of cases (test)  | 194                      |
+-------------------------+--------------------------+
| Test C-index            | 0.7124719295215063       |
+-------------------------+--------------------------+
| Time taken (seconds)    | 13.83                    |
+-------------------------+--------------------------+
2025-02-13 03:36:21,945 - INFO - 
+-------------------------+--------------------+
| Metric                  | Value              |
+=========================+====================+
| Outcome                 | Stroke             |
+-------------------------+--------------------+
| Fold                    | 7                  |
+-------------------------+--------------------+
| Train sample size       | 18422              |
+-------------------------+--------------------+
| Number of cases (train) | 478                |
+-------------------------+--------------------+
| Test sample size        | 2273               |
+-------------------------+--------------------+
| Number of cases (test)  | 57                 |
+-------------------------+--------------------+
| Test C-index            | 0.6950091916783459 |
+-------------------------+--------------------+
| Time taken (seconds)    | 11.65              |
+-------------------------+--------------------+
2025-02-13 03:36:22,107 - INFO - 
+-------------------------+--------------------+
| Metric                  | Value              |
+=========================+====================+
| Outcome                 | Stroke             |
+-------------------------+--------------------+
| Fold                    | 6                  |
+-------------------------+--------------------+
| Train sample size       | 18427              |
+-------------------------+--------------------+
| Number of cases (train) | 489                |
+-------------------------+--------------------+
| Test sample size        | 2270               |
+-------------------------+--------------------+
| Number of cases (test)  | 56                 |
+-------------------------+--------------------+
| Test C-index            | 0.7649869121927111 |
+-------------------------+--------------------+
| Time taken (seconds)    | 12.01              |
+-------------------------+--------------------+
2025-02-13 03:36:22,725 - INFO - 
+-------------------------+-------------------+
| Metric                  | Value             |
+=========================+===================+
| Outcome                 | Heart failure     |
+-------------------------+-------------------+
| Fold                    | 0                 |
+-------------------------+-------------------+
| Train sample size       | 18417             |
+-------------------------+-------------------+
| Number of cases (train) | 654               |
+-------------------------+-------------------+
| Test sample size        | 2277              |
+-------------------------+-------------------+
| Number of cases (test)  | 78                |
+-------------------------+-------------------+
| Test C-index            | 0.722380986479361 |
+-------------------------+-------------------+
| Time taken (seconds)    | 12.07             |
+-------------------------+-------------------+
2025-02-13 03:36:22,966 - INFO - 
+-------------------------+--------------------+
| Metric                  | Value              |
+=========================+====================+
| Outcome                 | Stroke             |
+-------------------------+--------------------+
| Fold                    | 9                  |
+-------------------------+--------------------+
| Train sample size       | 18429              |
+-------------------------+--------------------+
| Number of cases (train) | 475                |
+-------------------------+--------------------+
| Test sample size        | 2274               |
+-------------------------+--------------------+
| Number of cases (test)  | 58                 |
+-------------------------+--------------------+
| Test C-index            | 0.7101448041610978 |
+-------------------------+--------------------+
| Time taken (seconds)    | 12.36              |
+-------------------------+--------------------+
2025-02-13 03:36:23,080 - INFO - 
+-------------------------+--------------------+
| Metric                  | Value              |
+=========================+====================+
| Outcome                 | Heart failure      |
+-------------------------+--------------------+
| Fold                    | 2                  |
+-------------------------+--------------------+
| Train sample size       | 18422              |
+-------------------------+--------------------+
| Number of cases (train) | 630                |
+-------------------------+--------------------+
| Test sample size        | 2283               |
+-------------------------+--------------------+
| Number of cases (test)  | 99                 |
+-------------------------+--------------------+
| Test C-index            | 0.7964882218139027 |
+-------------------------+--------------------+
| Time taken (seconds)    | 12.24              |
+-------------------------+--------------------+
2025-02-13 03:36:23,137 - INFO - 
+-------------------------+--------------------+
| Metric                  | Value              |
+=========================+====================+
| Outcome                 | Heart failure      |
+-------------------------+--------------------+
| Fold                    | 1                  |
+-------------------------+--------------------+
| Train sample size       | 18442              |
+-------------------------+--------------------+
| Number of cases (train) | 658                |
+-------------------------+--------------------+
| Test sample size        | 2270               |
+-------------------------+--------------------+
| Number of cases (test)  | 77                 |
+-------------------------+--------------------+
| Test C-index            | 0.7586199934041823 |
+-------------------------+--------------------+
| Time taken (seconds)    | 12.33              |
+-------------------------+--------------------+
2025-02-13 03:36:23,279 - INFO - 
+-------------------------+--------------------+
| Metric                  | Value              |
+=========================+====================+
| Outcome                 | Heart failure      |
+-------------------------+--------------------+
| Fold                    | 3                  |
+-------------------------+--------------------+
| Train sample size       | 18434              |
+-------------------------+--------------------+
| Number of cases (train) | 641                |
+-------------------------+--------------------+
| Test sample size        | 2272               |
+-------------------------+--------------------+
| Number of cases (test)  | 80                 |
+-------------------------+--------------------+
| Test C-index            | 0.7414269413248453 |
+-------------------------+--------------------+
| Time taken (seconds)    | 12.40              |
+-------------------------+--------------------+
2025-02-13 03:36:23,378 - INFO - 
+-------------------------+--------------------+
| Metric                  | Value              |
+=========================+====================+
| Outcome                 | Heart failure      |
+-------------------------+--------------------+
| Fold                    | 5                  |
+-------------------------+--------------------+
| Train sample size       | 18427              |
+-------------------------+--------------------+
| Number of cases (train) | 661                |
+-------------------------+--------------------+
| Test sample size        | 2281               |
+-------------------------+--------------------+
| Number of cases (test)  | 77                 |
+-------------------------+--------------------+
| Test C-index            | 0.7437875701099121 |
+-------------------------+--------------------+
| Time taken (seconds)    | 12.28              |
+-------------------------+--------------------+
2025-02-13 03:36:23,540 - INFO - 
+-------------------------+--------------------+
| Metric                  | Value              |
+=========================+====================+
| Outcome                 | Stroke             |
+-------------------------+--------------------+
| Fold                    | 8                  |
+-------------------------+--------------------+
| Train sample size       | 18399              |
+-------------------------+--------------------+
| Number of cases (train) | 465                |
+-------------------------+--------------------+
| Test sample size        | 2283               |
+-------------------------+--------------------+
| Number of cases (test)  | 60                 |
+-------------------------+--------------------+
| Test C-index            | 0.6454029379060104 |
+-------------------------+--------------------+
| Time taken (seconds)    | 13.16              |
+-------------------------+--------------------+
2025-02-13 03:36:23,634 - INFO - 
+-------------------------+--------------------+
| Metric                  | Value              |
+=========================+====================+
| Outcome                 | Heart failure      |
+-------------------------+--------------------+
| Fold                    | 6                  |
+-------------------------+--------------------+
| Train sample size       | 18427              |
+-------------------------+--------------------+
| Number of cases (train) | 634                |
+-------------------------+--------------------+
| Test sample size        | 2270               |
+-------------------------+--------------------+
| Number of cases (test)  | 85                 |
+-------------------------+--------------------+
| Test C-index            | 0.7872471163805967 |
+-------------------------+--------------------+
| Time taken (seconds)    | 12.45              |
+-------------------------+--------------------+
2025-02-13 03:36:24,033 - INFO - 
+-------------------------+--------------------+
| Metric                  | Value              |
+=========================+====================+
| Outcome                 | Heart failure      |
+-------------------------+--------------------+
| Fold                    | 9                  |
+-------------------------+--------------------+
| Train sample size       | 18429              |
+-------------------------+--------------------+
| Number of cases (train) | 638                |
+-------------------------+--------------------+
| Test sample size        | 2274               |
+-------------------------+--------------------+
| Number of cases (test)  | 79                 |
+-------------------------+--------------------+
| Test C-index            | 0.7507529642008413 |
+-------------------------+--------------------+
| Time taken (seconds)    | 12.29              |
+-------------------------+--------------------+
2025-02-13 03:36:24,192 - INFO - 
+-------------------------+--------------------+
| Metric                  | Value              |
+=========================+====================+
| Outcome                 | Heart failure      |
+-------------------------+--------------------+
| Fold                    | 7                  |
+-------------------------+--------------------+
| Train sample size       | 18422              |
+-------------------------+--------------------+
| Number of cases (train) | 679                |
+-------------------------+--------------------+
| Test sample size        | 2273               |
+-------------------------+--------------------+
| Number of cases (test)  | 58                 |
+-------------------------+--------------------+
| Test C-index            | 0.7799006191374591 |
+-------------------------+--------------------+
| Time taken (seconds)    | 12.82              |
+-------------------------+--------------------+
2025-02-13 03:36:24,315 - INFO - 
+-------------------------+--------------------+
| Metric                  | Value              |
+=========================+====================+
| Outcome                 | Heart failure      |
+-------------------------+--------------------+
| Fold                    | 4                  |
+-------------------------+--------------------+
| Train sample size       | 18452              |
+-------------------------+--------------------+
| Number of cases (train) | 662                |
+-------------------------+--------------------+
| Test sample size        | 2272               |
+-------------------------+--------------------+
| Number of cases (test)  | 70                 |
+-------------------------+--------------------+
| Test C-index            | 0.7612158624840774 |
+-------------------------+--------------------+
| Time taken (seconds)    | 13.35              |
+-------------------------+--------------------+
2025-02-13 03:36:24,510 - INFO - 
+-------------------------+---------------------+
| Metric                  | Value               |
+=========================+=====================+
| Outcome                 | Atrial fibrillation |
+-------------------------+---------------------+
| Fold                    | 0                   |
+-------------------------+---------------------+
| Train sample size       | 18417               |
+-------------------------+---------------------+
| Number of cases (train) | 1238                |
+-------------------------+---------------------+
| Test sample size        | 2277                |
+-------------------------+---------------------+
| Number of cases (test)  | 155                 |
+-------------------------+---------------------+
| Test C-index            | 0.7259983262541252  |
+-------------------------+---------------------+
| Time taken (seconds)    | 12.56               |
+-------------------------+---------------------+
2025-02-13 03:36:24,732 - INFO - 
+-------------------------+--------------------+
| Metric                  | Value              |
+=========================+====================+
| Outcome                 | Heart failure      |
+-------------------------+--------------------+
| Fold                    | 8                  |
+-------------------------+--------------------+
| Train sample size       | 18399              |
+-------------------------+--------------------+
| Number of cases (train) | 618                |
+-------------------------+--------------------+
| Test sample size        | 2283               |
+-------------------------+--------------------+
| Number of cases (test)  | 96                 |
+-------------------------+--------------------+
| Test C-index            | 0.7520723474204365 |
+-------------------------+--------------------+
| Time taken (seconds)    | 13.06              |
+-------------------------+--------------------+
2025-02-13 03:36:25,509 - INFO - 
+-------------------------+---------------------+
| Metric                  | Value               |
+=========================+=====================+
| Outcome                 | Atrial fibrillation |
+-------------------------+---------------------+
| Fold                    | 1                   |
+-------------------------+---------------------+
| Train sample size       | 18442               |
+-------------------------+---------------------+
| Number of cases (train) | 1255                |
+-------------------------+---------------------+
| Test sample size        | 2270                |
+-------------------------+---------------------+
| Number of cases (test)  | 143                 |
+-------------------------+---------------------+
| Test C-index            | 0.7230408423629905  |
+-------------------------+---------------------+
| Time taken (seconds)    | 13.04               |
+-------------------------+---------------------+
2025-02-13 03:36:33,941 - INFO - 
+-------------------------+---------------------+
| Metric                  | Value               |
+=========================+=====================+
| Outcome                 | Atrial fibrillation |
+-------------------------+---------------------+
| Fold                    | 2                   |
+-------------------------+---------------------+
| Train sample size       | 18422               |
+-------------------------+---------------------+
| Number of cases (train) | 1245                |
+-------------------------+---------------------+
| Test sample size        | 2283                |
+-------------------------+---------------------+
| Number of cases (test)  | 157                 |
+-------------------------+---------------------+
| Test C-index            | 0.7666549391153274  |
+-------------------------+---------------------+
| Time taken (seconds)    | 11.99               |
+-------------------------+---------------------+
2025-02-13 03:36:34,410 - INFO - 
+-------------------------+---------------------+
| Metric                  | Value               |
+=========================+=====================+
| Outcome                 | Atrial fibrillation |
+-------------------------+---------------------+
| Fold                    | 3                   |
+-------------------------+---------------------+
| Train sample size       | 18434               |
+-------------------------+---------------------+
| Number of cases (train) | 1210                |
+-------------------------+---------------------+
| Test sample size        | 2272                |
+-------------------------+---------------------+
| Number of cases (test)  | 150                 |
+-------------------------+---------------------+
| Test C-index            | 0.7344917575737928  |
+-------------------------+---------------------+
| Time taken (seconds)    | 12.30               |
+-------------------------+---------------------+
2025-02-13 03:36:35,244 - INFO - 
+-------------------------+---------------------+
| Metric                  | Value               |
+=========================+=====================+
| Outcome                 | Atrial fibrillation |
+-------------------------+---------------------+
| Fold                    | 6                   |
+-------------------------+---------------------+
| Train sample size       | 18427               |
+-------------------------+---------------------+
| Number of cases (train) | 1249                |
+-------------------------+---------------------+
| Test sample size        | 2270                |
+-------------------------+---------------------+
| Number of cases (test)  | 153                 |
+-------------------------+---------------------+
| Test C-index            | 0.7246351275952192  |
+-------------------------+---------------------+
| Time taken (seconds)    | 12.16               |
+-------------------------+---------------------+
2025-02-13 03:36:35,344 - INFO - 
+-------------------------+---------------------+
| Metric                  | Value               |
+=========================+=====================+
| Outcome                 | Atrial fibrillation |
+-------------------------+---------------------+
| Fold                    | 9                   |
+-------------------------+---------------------+
| Train sample size       | 18429               |
+-------------------------+---------------------+
| Number of cases (train) | 1219                |
+-------------------------+---------------------+
| Test sample size        | 2274                |
+-------------------------+---------------------+
| Number of cases (test)  | 152                 |
+-------------------------+---------------------+
| Test C-index            | 0.7543325386802882  |
+-------------------------+---------------------+
| Time taken (seconds)    | 11.96               |
+-------------------------+---------------------+
2025-02-13 03:36:35,541 - INFO - 
+-------------------------+-------------------------+
| Metric                  | Value                   |
+=========================+=========================+
| Outcome                 | Ventricular arrhythmias |
+-------------------------+-------------------------+
| Fold                    | 0                       |
+-------------------------+-------------------------+
| Train sample size       | 18417                   |
+-------------------------+-------------------------+
| Number of cases (train) | 190                     |
+-------------------------+-------------------------+
| Test sample size        | 2277                    |
+-------------------------+-------------------------+
| Number of cases (test)  | 26                      |
+-------------------------+-------------------------+
| Test C-index            | 0.6901650947908098      |
+-------------------------+-------------------------+
| Time taken (seconds)    | 12.00                   |
+-------------------------+-------------------------+
2025-02-13 03:36:35,580 - INFO - 
+-------------------------+-------------------------+
| Metric                  | Value                   |
+=========================+=========================+
| Outcome                 | Ventricular arrhythmias |
+-------------------------+-------------------------+
| Fold                    | 2                       |
+-------------------------+-------------------------+
| Train sample size       | 18422                   |
+-------------------------+-------------------------+
| Number of cases (train) | 187                     |
+-------------------------+-------------------------+
| Test sample size        | 2283                    |
+-------------------------+-------------------------+
| Number of cases (test)  | 22                      |
+-------------------------+-------------------------+
| Test C-index            | 0.703901331648295       |
+-------------------------+-------------------------+
| Time taken (seconds)    | 11.54                   |
+-------------------------+-------------------------+
2025-02-13 03:36:35,775 - INFO - 
+-------------------------+---------------------+
| Metric                  | Value               |
+=========================+=====================+
| Outcome                 | Atrial fibrillation |
+-------------------------+---------------------+
| Fold                    | 7                   |
+-------------------------+---------------------+
| Train sample size       | 18422               |
+-------------------------+---------------------+
| Number of cases (train) | 1274                |
+-------------------------+---------------------+
| Test sample size        | 2273                |
+-------------------------+---------------------+
| Number of cases (test)  | 129                 |
+-------------------------+---------------------+
| Test C-index            | 0.7066782147200825  |
+-------------------------+---------------------+
| Time taken (seconds)    | 12.63               |
+-------------------------+---------------------+
2025-02-13 03:36:35,826 - INFO - 
+-------------------------+-------------------------+
| Metric                  | Value                   |
+=========================+=========================+
| Outcome                 | Ventricular arrhythmias |
+-------------------------+-------------------------+
| Fold                    | 1                       |
+-------------------------+-------------------------+
| Train sample size       | 18442                   |
+-------------------------+-------------------------+
| Number of cases (train) | 191                     |
+-------------------------+-------------------------+
| Test sample size        | 2270                    |
+-------------------------+-------------------------+
| Number of cases (test)  | 24                      |
+-------------------------+-------------------------+
| Test C-index            | 0.6656500836563102      |
+-------------------------+-------------------------+
| Time taken (seconds)    | 12.19                   |
+-------------------------+-------------------------+
2025-02-13 03:36:35,946 - INFO - 
+-------------------------+---------------------+
| Metric                  | Value               |
+=========================+=====================+
| Outcome                 | Atrial fibrillation |
+-------------------------+---------------------+
| Fold                    | 4                   |
+-------------------------+---------------------+
| Train sample size       | 18452               |
+-------------------------+---------------------+
| Number of cases (train) | 1242                |
+-------------------------+---------------------+
| Test sample size        | 2272                |
+-------------------------+---------------------+
| Number of cases (test)  | 154                 |
+-------------------------+---------------------+
| Test C-index            | 0.7604628381327411  |
+-------------------------+---------------------+
| Time taken (seconds)    | 13.22               |
+-------------------------+---------------------+
2025-02-13 03:36:36,211 - INFO - 
+-------------------------+-------------------------+
| Metric                  | Value                   |
+=========================+=========================+
| Outcome                 | Ventricular arrhythmias |
+-------------------------+-------------------------+
| Fold                    | 3                       |
+-------------------------+-------------------------+
| Train sample size       | 18434                   |
+-------------------------+-------------------------+
| Number of cases (train) | 187                     |
+-------------------------+-------------------------+
| Test sample size        | 2272                    |
+-------------------------+-------------------------+
| Number of cases (test)  | 20                      |
+-------------------------+-------------------------+
| Test C-index            | 0.628982651737229       |
+-------------------------+-------------------------+
| Time taken (seconds)    | 12.01                   |
+-------------------------+-------------------------+
2025-02-13 03:36:36,343 - INFO - 
+-------------------------+---------------------+
| Metric                  | Value               |
+=========================+=====================+
| Outcome                 | Atrial fibrillation |
+-------------------------+---------------------+
| Fold                    | 8                   |
+-------------------------+---------------------+
| Train sample size       | 18399               |
+-------------------------+---------------------+
| Number of cases (train) | 1229                |
+-------------------------+---------------------+
| Test sample size        | 2283                |
+-------------------------+---------------------+
| Number of cases (test)  | 157                 |
+-------------------------+---------------------+
| Test C-index            | 0.7593538298015308  |
+-------------------------+---------------------+
| Time taken (seconds)    | 13.06               |
+-------------------------+---------------------+
2025-02-13 03:36:36,428 - INFO - 
+-------------------------+---------------------+
| Metric                  | Value               |
+=========================+=====================+
| Outcome                 | Atrial fibrillation |
+-------------------------+---------------------+
| Fold                    | 5                   |
+-------------------------+---------------------+
| Train sample size       | 18427               |
+-------------------------+---------------------+
| Number of cases (train) | 1230                |
+-------------------------+---------------------+
| Test sample size        | 2281                |
+-------------------------+---------------------+
| Number of cases (test)  | 177                 |
+-------------------------+---------------------+
| Test C-index            | 0.7565640302839538  |
+-------------------------+---------------------+
| Time taken (seconds)    | 13.46               |
+-------------------------+---------------------+
2025-02-13 03:36:36,709 - INFO - 
+-------------------------+-------------------------+
| Metric                  | Value                   |
+=========================+=========================+
| Outcome                 | Ventricular arrhythmias |
+-------------------------+-------------------------+
| Fold                    | 4                       |
+-------------------------+-------------------------+
| Train sample size       | 18452                   |
+-------------------------+-------------------------+
| Number of cases (train) | 190                     |
+-------------------------+-------------------------+
| Test sample size        | 2272                    |
+-------------------------+-------------------------+
| Number of cases (test)  | 23                      |
+-------------------------+-------------------------+
| Test C-index            | 0.726686635853286       |
+-------------------------+-------------------------+
| Time taken (seconds)    | 12.39                   |
+-------------------------+-------------------------+
2025-02-13 03:36:36,873 - INFO - 
+-------------------------+-------------------------+
| Metric                  | Value                   |
+=========================+=========================+
| Outcome                 | Ventricular arrhythmias |
+-------------------------+-------------------------+
| Fold                    | 5                       |
+-------------------------+-------------------------+
| Train sample size       | 18427                   |
+-------------------------+-------------------------+
| Number of cases (train) | 191                     |
+-------------------------+-------------------------+
| Test sample size        | 2281                    |
+-------------------------+-------------------------+
| Number of cases (test)  | 23                      |
+-------------------------+-------------------------+
| Test C-index            | 0.6546290619251993      |
+-------------------------+-------------------------+
| Time taken (seconds)    | 12.36                   |
+-------------------------+-------------------------+
2025-02-13 03:36:37,341 - INFO - 
+-------------------------+-------------------------+
| Metric                  | Value                   |
+=========================+=========================+
| Outcome                 | Ventricular arrhythmias |
+-------------------------+-------------------------+
| Fold                    | 6                       |
+-------------------------+-------------------------+
| Train sample size       | 18427                   |
+-------------------------+-------------------------+
| Number of cases (train) | 192                     |
+-------------------------+-------------------------+
| Test sample size        | 2270                    |
+-------------------------+-------------------------+
| Number of cases (test)  | 23                      |
+-------------------------+-------------------------+
| Test C-index            | 0.7117538572263955      |
+-------------------------+-------------------------+
| Time taken (seconds)    | 12.61                   |
+-------------------------+-------------------------+
2025-02-13 03:36:37,952 - INFO - 
+-------------------------+-------------------------+
| Metric                  | Value                   |
+=========================+=========================+
| Outcome                 | Ventricular arrhythmias |
+-------------------------+-------------------------+
| Fold                    | 7                       |
+-------------------------+-------------------------+
| Train sample size       | 18422                   |
+-------------------------+-------------------------+
| Number of cases (train) | 195                     |
+-------------------------+-------------------------+
| Test sample size        | 2273                    |
+-------------------------+-------------------------+
| Number of cases (test)  | 24                      |
+-------------------------+-------------------------+
| Test C-index            | 0.700923810469852       |
+-------------------------+-------------------------+
| Time taken (seconds)    | 12.44                   |
+-------------------------+-------------------------+
2025-02-13 03:36:45,410 - INFO - 
+-------------------------+-------------------------+
| Metric                  | Value                   |
+=========================+=========================+
| Outcome                 | Ventricular arrhythmias |
+-------------------------+-------------------------+
| Fold                    | 8                       |
+-------------------------+-------------------------+
| Train sample size       | 18399                   |
+-------------------------+-------------------------+
| Number of cases (train) | 182                     |
+-------------------------+-------------------------+
| Test sample size        | 2283                    |
+-------------------------+-------------------------+
| Number of cases (test)  | 25                      |
+-------------------------+-------------------------+
| Test C-index            | 0.6875562939092492      |
+-------------------------+-------------------------+
| Time taken (seconds)    | 11.46                   |
+-------------------------+-------------------------+
2025-02-13 03:36:46,272 - INFO - 
+-------------------------+-------------------------+
| Metric                  | Value                   |
+=========================+=========================+
| Outcome                 | Ventricular arrhythmias |
+-------------------------+-------------------------+
| Fold                    | 9                       |
+-------------------------+-------------------------+
| Train sample size       | 18429                   |
+-------------------------+-------------------------+
| Number of cases (train) | 187                     |
+-------------------------+-------------------------+
| Test sample size        | 2274                    |
+-------------------------+-------------------------+
| Number of cases (test)  | 22                      |
+-------------------------+-------------------------+
| Test C-index            | 0.6351219290470671      |
+-------------------------+-------------------------+
| Time taken (seconds)    | 11.86                   |
+-------------------------+-------------------------+
2025-02-13 03:36:46,863 - INFO - 
+-------------------------+---------------------------+
| Metric                  | Value                     |
+=========================+===========================+
| Outcome                 | Abdominal aortic aneurysm |
+-------------------------+---------------------------+
| Fold                    | 0                         |
+-------------------------+---------------------------+
| Train sample size       | 18417                     |
+-------------------------+---------------------------+
| Number of cases (train) | 99                        |
+-------------------------+---------------------------+
| Test sample size        | 2277                      |
+-------------------------+---------------------------+
| Number of cases (test)  | 10                        |
+-------------------------+---------------------------+
| Test C-index            | 0.6334127614508869        |
+-------------------------+---------------------------+
| Time taken (seconds)    | 11.61                     |
+-------------------------+---------------------------+
2025-02-13 03:36:47,202 - INFO - 
+-------------------------+---------------------------+
| Metric                  | Value                     |
+=========================+===========================+
| Outcome                 | Abdominal aortic aneurysm |
+-------------------------+---------------------------+
| Fold                    | 2                         |
+-------------------------+---------------------------+
| Train sample size       | 18422                     |
+-------------------------+---------------------------+
| Number of cases (train) | 102                       |
+-------------------------+---------------------------+
| Test sample size        | 2283                      |
+-------------------------+---------------------------+
| Number of cases (test)  | 13                        |
+-------------------------+---------------------------+
| Test C-index            | 0.8877068557919622        |
+-------------------------+---------------------------+
| Time taken (seconds)    | 11.66                     |
+-------------------------+---------------------------+
2025-02-13 03:36:47,347 - INFO - 
+-------------------------+---------------------------+
| Metric                  | Value                     |
+=========================+===========================+
| Outcome                 | Abdominal aortic aneurysm |
+-------------------------+---------------------------+
| Fold                    | 3                         |
+-------------------------+---------------------------+
| Train sample size       | 18434                     |
+-------------------------+---------------------------+
| Number of cases (train) | 95                        |
+-------------------------+---------------------------+
| Test sample size        | 2272                      |
+-------------------------+---------------------------+
| Number of cases (test)  | 16                        |
+-------------------------+---------------------------+
| Test C-index            | 0.8434805483295823        |
+-------------------------+---------------------------+
| Time taken (seconds)    | 11.76                     |
+-------------------------+---------------------------+
2025-02-13 03:36:47,389 - INFO - 
+-------------------------+---------------------------+
| Metric                  | Value                     |
+=========================+===========================+
| Outcome                 | Abdominal aortic aneurysm |
+-------------------------+---------------------------+
| Fold                    | 1                         |
+-------------------------+---------------------------+
| Train sample size       | 18442                     |
+-------------------------+---------------------------+
| Number of cases (train) | 101                       |
+-------------------------+---------------------------+
| Test sample size        | 2270                      |
+-------------------------+---------------------------+
| Number of cases (test)  | 10                        |
+-------------------------+---------------------------+
| Test C-index            | 0.7586001010425757        |
+-------------------------+---------------------------+
| Time taken (seconds)    | 12.04                     |
+-------------------------+---------------------------+
2025-02-13 03:36:47,424 - INFO - 
+-------------------------+---------------------------+
| Metric                  | Value                     |
+=========================+===========================+
| Outcome                 | Abdominal aortic aneurysm |
+-------------------------+---------------------------+
| Fold                    | 7                         |
+-------------------------+---------------------------+
| Train sample size       | 18422                     |
+-------------------------+---------------------------+
| Number of cases (train) | 105                       |
+-------------------------+---------------------------+
| Test sample size        | 2273                      |
+-------------------------+---------------------------+
| Number of cases (test)  | 10                        |
+-------------------------+---------------------------+
| Test C-index            | 0.7467612293144208        |
+-------------------------+---------------------------+
| Time taken (seconds)    | 11.21                     |
+-------------------------+---------------------------+
2025-02-13 03:36:47,561 - INFO - 
+-------------------------+---------------------------+
| Metric                  | Value                     |
+=========================+===========================+
| Outcome                 | Abdominal aortic aneurysm |
+-------------------------+---------------------------+
| Fold                    | 6                         |
+-------------------------+---------------------------+
| Train sample size       | 18427                     |
+-------------------------+---------------------------+
| Number of cases (train) | 98                        |
+-------------------------+---------------------------+
| Test sample size        | 2270                      |
+-------------------------+---------------------------+
| Number of cases (test)  | 17                        |
+-------------------------+---------------------------+
| Test C-index            | 0.7396171903214157        |
+-------------------------+---------------------------+
| Time taken (seconds)    | 11.61                     |
+-------------------------+---------------------------+
2025-02-13 03:36:47,580 - INFO - 
+-------------------------+---------------------------+
| Metric                  | Value                     |
+=========================+===========================+
| Outcome                 | Abdominal aortic aneurysm |
+-------------------------+---------------------------+
| Fold                    | 4                         |
+-------------------------+---------------------------+
| Train sample size       | 18452                     |
+-------------------------+---------------------------+
| Number of cases (train) | 101                       |
+-------------------------+---------------------------+
| Test sample size        | 2272                      |
+-------------------------+---------------------------+
| Number of cases (test)  | 15                        |
+-------------------------+---------------------------+
| Test C-index            | 0.860429019340018         |
+-------------------------+---------------------------+
| Time taken (seconds)    | 11.80                     |
+-------------------------+---------------------------+
2025-02-13 03:36:47,993 - INFO - 
+-------------------------+---------------------------+
| Metric                  | Value                     |
+=========================+===========================+
| Outcome                 | Abdominal aortic aneurysm |
+-------------------------+---------------------------+
| Fold                    | 8                         |
+-------------------------+---------------------------+
| Train sample size       | 18399                     |
+-------------------------+---------------------------+
| Number of cases (train) | 101                       |
+-------------------------+---------------------------+
| Test sample size        | 2283                      |
+-------------------------+---------------------------+
| Number of cases (test)  | 10                        |
+-------------------------+---------------------------+
| Test C-index            | 0.7986491999456053        |
+-------------------------+---------------------------+
| Time taken (seconds)    | 11.65                     |
+-------------------------+---------------------------+
2025-02-13 03:36:48,520 - INFO - 
+-------------------------+---------------------------+
| Metric                  | Value                     |
+=========================+===========================+
| Outcome                 | Abdominal aortic aneurysm |
+-------------------------+---------------------------+
| Fold                    | 5                         |
+-------------------------+---------------------------+
| Train sample size       | 18427                     |
+-------------------------+---------------------------+
| Number of cases (train) | 99                        |
+-------------------------+---------------------------+
| Test sample size        | 2281                      |
+-------------------------+---------------------------+
| Number of cases (test)  | 12                        |
+-------------------------+---------------------------+
| Test C-index            | 0.7415914997706773        |
+-------------------------+---------------------------+
| Time taken (seconds)    | 12.68                     |
+-------------------------+---------------------------+
2025-02-13 03:36:48,787 - INFO - 
+-------------------------+----------------------------+
| Metric                  | Value                      |
+=========================+============================+
| Outcome                 | Peripheral artery diseases |
+-------------------------+----------------------------+
| Fold                    | 1                          |
+-------------------------+----------------------------+
| Train sample size       | 18442                      |
+-------------------------+----------------------------+
| Number of cases (train) | 266                        |
+-------------------------+----------------------------+
| Test sample size        | 2270                       |
+-------------------------+----------------------------+
| Number of cases (test)  | 33                         |
+-------------------------+----------------------------+
| Test C-index            | 0.7772513301746478         |
+-------------------------+----------------------------+
| Time taken (seconds)    | 11.91                      |
+-------------------------+----------------------------+
2025-02-13 03:36:49,002 - INFO - 
+-------------------------+---------------------------+
| Metric                  | Value                     |
+=========================+===========================+
| Outcome                 | Abdominal aortic aneurysm |
+-------------------------+---------------------------+
| Fold                    | 9                         |
+-------------------------+---------------------------+
| Train sample size       | 18429                     |
+-------------------------+---------------------------+
| Number of cases (train) | 98                        |
+-------------------------+---------------------------+
| Test sample size        | 2274                      |
+-------------------------+---------------------------+
| Number of cases (test)  | 10                        |
+-------------------------+---------------------------+
| Test C-index            | 0.8906517415236598        |
+-------------------------+---------------------------+
| Time taken (seconds)    | 12.57                     |
+-------------------------+---------------------------+
2025-02-13 03:36:49,053 - INFO - 
+-------------------------+----------------------------+
| Metric                  | Value                      |
+=========================+============================+
| Outcome                 | Peripheral artery diseases |
+-------------------------+----------------------------+
| Fold                    | 0                          |
+-------------------------+----------------------------+
| Train sample size       | 18417                      |
+-------------------------+----------------------------+
| Number of cases (train) | 268                        |
+-------------------------+----------------------------+
| Test sample size        | 2277                       |
+-------------------------+----------------------------+
| Number of cases (test)  | 26                         |
+-------------------------+----------------------------+
| Test C-index            | 0.7713367366231803         |
+-------------------------+----------------------------+
| Time taken (seconds)    | 12.34                      |
+-------------------------+----------------------------+
2025-02-13 03:36:49,553 - INFO - 
+-------------------------+----------------------------+
| Metric                  | Value                      |
+=========================+============================+
| Outcome                 | Peripheral artery diseases |
+-------------------------+----------------------------+
| Fold                    | 2                          |
+-------------------------+----------------------------+
| Train sample size       | 18422                      |
+-------------------------+----------------------------+
| Number of cases (train) | 260                        |
+-------------------------+----------------------------+
| Test sample size        | 2283                       |
+-------------------------+----------------------------+
| Number of cases (test)  | 28                         |
+-------------------------+----------------------------+
| Test C-index            | 0.7753402596382348         |
+-------------------------+----------------------------+
| Time taken (seconds)    | 12.21                      |
+-------------------------+----------------------------+
2025-02-13 03:36:49,775 - INFO - 
+-------------------------+----------------------------+
| Metric                  | Value                      |
+=========================+============================+
| Outcome                 | Peripheral artery diseases |
+-------------------------+----------------------------+
| Fold                    | 3                          |
+-------------------------+----------------------------+
| Train sample size       | 18434                      |
+-------------------------+----------------------------+
| Number of cases (train) | 258                        |
+-------------------------+----------------------------+
| Test sample size        | 2272                       |
+-------------------------+----------------------------+
| Number of cases (test)  | 31                         |
+-------------------------+----------------------------+
| Test C-index            | 0.803047801892877          |
+-------------------------+----------------------------+
| Time taken (seconds)    | 11.82                      |
+-------------------------+----------------------------+
2025-02-13 03:36:58,390 - INFO - 
+-------------------------+----------------------------+
| Metric                  | Value                      |
+=========================+============================+
| Outcome                 | Peripheral artery diseases |
+-------------------------+----------------------------+
| Fold                    | 4                          |
+-------------------------+----------------------------+
| Train sample size       | 18452                      |
+-------------------------+----------------------------+
| Number of cases (train) | 255                        |
+-------------------------+----------------------------+
| Test sample size        | 2272                       |
+-------------------------+----------------------------+
| Number of cases (test)  | 38                         |
+-------------------------+----------------------------+
| Test C-index            | 0.8087003512564171         |
+-------------------------+----------------------------+
| Time taken (seconds)    | 12.96                      |
+-------------------------+----------------------------+
2025-02-13 03:36:59,187 - INFO - 
+-------------------------+----------------------------+
| Metric                  | Value                      |
+=========================+============================+
| Outcome                 | Peripheral artery diseases |
+-------------------------+----------------------------+
| Fold                    | 6                          |
+-------------------------+----------------------------+
| Train sample size       | 18427                      |
+-------------------------+----------------------------+
| Number of cases (train) | 261                        |
+-------------------------+----------------------------+
| Test sample size        | 2270                       |
+-------------------------+----------------------------+
| Number of cases (test)  | 34                         |
+-------------------------+----------------------------+
| Test C-index            | 0.7904764757867617         |
+-------------------------+----------------------------+
| Time taken (seconds)    | 12.32                      |
+-------------------------+----------------------------+
2025-02-13 03:36:59,754 - INFO - 
+-------------------------+----------------------------+
| Metric                  | Value                      |
+=========================+============================+
| Outcome                 | Peripheral artery diseases |
+-------------------------+----------------------------+
| Fold                    | 5                          |
+-------------------------+----------------------------+
| Train sample size       | 18427                      |
+-------------------------+----------------------------+
| Number of cases (train) | 261                        |
+-------------------------+----------------------------+
| Test sample size        | 2281                       |
+-------------------------+----------------------------+
| Number of cases (test)  | 37                         |
+-------------------------+----------------------------+
| Test C-index            | 0.8349441511098427         |
+-------------------------+----------------------------+
| Time taken (seconds)    | 13.48                      |
+-------------------------+----------------------------+
2025-02-13 03:37:00,284 - INFO - 
+-------------------------+----------------------------+
| Metric                  | Value                      |
+=========================+============================+
| Outcome                 | Peripheral artery diseases |
+-------------------------+----------------------------+
| Fold                    | 7                          |
+-------------------------+----------------------------+
| Train sample size       | 18422                      |
+-------------------------+----------------------------+
| Number of cases (train) | 268                        |
+-------------------------+----------------------------+
| Test sample size        | 2273                       |
+-------------------------+----------------------------+
| Number of cases (test)  | 25                         |
+-------------------------+----------------------------+
| Test C-index            | 0.7845225696150294         |
+-------------------------+----------------------------+
| Time taken (seconds)    | 13.08                      |
+-------------------------+----------------------------+
2025-02-13 03:37:00,498 - INFO - 
+-------------------------+--------------------+
| Metric                  | Value              |
+=========================+====================+
| Outcome                 | Vein thrombosis    |
+-------------------------+--------------------+
| Fold                    | 2                  |
+-------------------------+--------------------+
| Train sample size       | 18422              |
+-------------------------+--------------------+
| Number of cases (train) | 555                |
+-------------------------+--------------------+
| Test sample size        | 2283               |
+-------------------------+--------------------+
| Number of cases (test)  | 74                 |
+-------------------------+--------------------+
| Test C-index            | 0.6115224076592722 |
+-------------------------+--------------------+
| Time taken (seconds)    | 12.91              |
+-------------------------+--------------------+
2025-02-13 03:37:00,504 - INFO - 
+-------------------------+----------------------------+
| Metric                  | Value                      |
+=========================+============================+
| Outcome                 | Peripheral artery diseases |
+-------------------------+----------------------------+
| Fold                    | 8                          |
+-------------------------+----------------------------+
| Train sample size       | 18399                      |
+-------------------------+----------------------------+
| Number of cases (train) | 258                        |
+-------------------------+----------------------------+
| Test sample size        | 2283                       |
+-------------------------+----------------------------+
| Number of cases (test)  | 40                         |
+-------------------------+----------------------------+
| Test C-index            | 0.7480007707871663         |
+-------------------------+----------------------------+
| Time taken (seconds)    | 13.15                      |
+-------------------------+----------------------------+
2025-02-13 03:37:01,091 - INFO - 
+-------------------------+------------------+
| Metric                  | Value            |
+=========================+==================+
| Outcome                 | Vein thrombosis  |
+-------------------------+------------------+
| Fold                    | 0                |
+-------------------------+------------------+
| Train sample size       | 18417            |
+-------------------------+------------------+
| Number of cases (train) | 554              |
+-------------------------+------------------+
| Test sample size        | 2277             |
+-------------------------+------------------+
| Number of cases (test)  | 60               |
+-------------------------+------------------+
| Test C-index            | 0.67081229427323 |
+-------------------------+------------------+
| Time taken (seconds)    | 13.65            |
+-------------------------+------------------+
2025-02-13 03:37:01,229 - INFO - 
+-------------------------+----------------------------+
| Metric                  | Value                      |
+=========================+============================+
| Outcome                 | Peripheral artery diseases |
+-------------------------+----------------------------+
| Fold                    | 9                          |
+-------------------------+----------------------------+
| Train sample size       | 18429                      |
+-------------------------+----------------------------+
| Number of cases (train) | 261                        |
+-------------------------+----------------------------+
| Test sample size        | 2274                       |
+-------------------------+----------------------------+
| Number of cases (test)  | 29                         |
+-------------------------+----------------------------+
| Test C-index            | 0.7730471214351575         |
+-------------------------+----------------------------+
| Time taken (seconds)    | 13.84                      |
+-------------------------+----------------------------+
2025-02-13 03:37:01,446 - INFO - 
+-------------------------+--------------------+
| Metric                  | Value              |
+=========================+====================+
| Outcome                 | Vein thrombosis    |
+-------------------------+--------------------+
| Fold                    | 1                  |
+-------------------------+--------------------+
| Train sample size       | 18442              |
+-------------------------+--------------------+
| Number of cases (train) | 555                |
+-------------------------+--------------------+
| Test sample size        | 2270               |
+-------------------------+--------------------+
| Number of cases (test)  | 69                 |
+-------------------------+--------------------+
| Test C-index            | 0.6374135758076345 |
+-------------------------+--------------------+
| Time taken (seconds)    | 13.87              |
+-------------------------+--------------------+
2025-02-13 03:37:01,665 - INFO - 
+-------------------------+--------------------+
| Metric                  | Value              |
+=========================+====================+
| Outcome                 | Vein thrombosis    |
+-------------------------+--------------------+
| Fold                    | 3                  |
+-------------------------+--------------------+
| Train sample size       | 18434              |
+-------------------------+--------------------+
| Number of cases (train) | 557                |
+-------------------------+--------------------+
| Test sample size        | 2272               |
+-------------------------+--------------------+
| Number of cases (test)  | 69                 |
+-------------------------+--------------------+
| Test C-index            | 0.6943237512600369 |
+-------------------------+--------------------+
| Time taken (seconds)    | 13.67              |
+-------------------------+--------------------+
2025-02-13 03:37:02,254 - INFO - 
+-------------------------+--------------------+
| Metric                  | Value              |
+=========================+====================+
| Outcome                 | Vein thrombosis    |
+-------------------------+--------------------+
| Fold                    | 5                  |
+-------------------------+--------------------+
| Train sample size       | 18427              |
+-------------------------+--------------------+
| Number of cases (train) | 560                |
+-------------------------+--------------------+
| Test sample size        | 2281               |
+-------------------------+--------------------+
| Number of cases (test)  | 69                 |
+-------------------------+--------------------+
| Test C-index            | 0.6918907198612316 |
+-------------------------+--------------------+
| Time taken (seconds)    | 13.46              |
+-------------------------+--------------------+
2025-02-13 03:37:02,505 - INFO - 
+-------------------------+--------------------+
| Metric                  | Value              |
+=========================+====================+
| Outcome                 | Vein thrombosis    |
+-------------------------+--------------------+
| Fold                    | 4                  |
+-------------------------+--------------------+
| Train sample size       | 18452              |
+-------------------------+--------------------+
| Number of cases (train) | 564                |
+-------------------------+--------------------+
| Test sample size        | 2272               |
+-------------------------+--------------------+
| Number of cases (test)  | 59                 |
+-------------------------+--------------------+
| Test C-index            | 0.6269051247856734 |
+-------------------------+--------------------+
| Time taken (seconds)    | 13.98              |
+-------------------------+--------------------+
2025-02-13 03:37:02,689 - INFO - 
+-------------------------+--------------------+
| Metric                  | Value              |
+=========================+====================+
| Outcome                 | Vein thrombosis    |
+-------------------------+--------------------+
| Fold                    | 7                  |
+-------------------------+--------------------+
| Train sample size       | 18422              |
+-------------------------+--------------------+
| Number of cases (train) | 558                |
+-------------------------+--------------------+
| Test sample size        | 2273               |
+-------------------------+--------------------+
| Number of cases (test)  | 62                 |
+-------------------------+--------------------+
| Test C-index            | 0.6086253189466838 |
+-------------------------+--------------------+
| Time taken (seconds)    | 13.62              |
+-------------------------+--------------------+
2025-02-13 03:37:02,871 - INFO - 
+-------------------------+--------------------+
| Metric                  | Value              |
+=========================+====================+
| Outcome                 | Vein thrombosis    |
+-------------------------+--------------------+
| Fold                    | 8                  |
+-------------------------+--------------------+
| Train sample size       | 18399              |
+-------------------------+--------------------+
| Number of cases (train) | 533                |
+-------------------------+--------------------+
| Test sample size        | 2283               |
+-------------------------+--------------------+
| Number of cases (test)  | 87                 |
+-------------------------+--------------------+
| Test C-index            | 0.6317904886166366 |
+-------------------------+--------------------+
| Time taken (seconds)    | 13.31              |
+-------------------------+--------------------+
2025-02-13 03:37:03,172 - INFO - 
+-------------------------+--------------------+
| Metric                  | Value              |
+=========================+====================+
| Outcome                 | Vein thrombosis    |
+-------------------------+--------------------+
| Fold                    | 6                  |
+-------------------------+--------------------+
| Train sample size       | 18427              |
+-------------------------+--------------------+
| Number of cases (train) | 560                |
+-------------------------+--------------------+
| Test sample size        | 2270               |
+-------------------------+--------------------+
| Number of cases (test)  | 70                 |
+-------------------------+--------------------+
| Test C-index            | 0.6195301068440959 |
+-------------------------+--------------------+
| Time taken (seconds)    | 14.17              |
+-------------------------+--------------------+
2025-02-13 03:37:03,845 - INFO - 
+-------------------------+--------------------+
| Metric                  | Value              |
+=========================+====================+
| Outcome                 | Vein thrombosis    |
+-------------------------+--------------------+
| Fold                    | 9                  |
+-------------------------+--------------------+
| Train sample size       | 18429              |
+-------------------------+--------------------+
| Number of cases (train) | 555                |
+-------------------------+--------------------+
| Test sample size        | 2274               |
+-------------------------+--------------------+
| Number of cases (test)  | 63                 |
+-------------------------+--------------------+
| Test C-index            | 0.7061319087088032 |
+-------------------------+--------------------+
| Time taken (seconds)    | 14.07              |
+-------------------------+--------------------+
2025-02-13 03:37:09,156 - INFO - 
+-------------------------+----------------------+
| Metric                  | Value                |
+=========================+======================+
| Outcome                 | Cardiovascular death |
+-------------------------+----------------------+
| Fold                    | 0                    |
+-------------------------+----------------------+
| Train sample size       | 18417                |
+-------------------------+----------------------+
| Number of cases (train) | 463                  |
+-------------------------+----------------------+
| Test sample size        | 2277                 |
+-------------------------+----------------------+
| Number of cases (test)  | 59                   |
+-------------------------+----------------------+
| Test C-index            | 0.7804284154520719   |
+-------------------------+----------------------+
| Time taken (seconds)    | 10.76                |
+-------------------------+----------------------+
2025-02-13 03:37:10,546 - INFO - 
+-------------------------+----------------------+
| Metric                  | Value                |
+=========================+======================+
| Outcome                 | Cardiovascular death |
+-------------------------+----------------------+
| Fold                    | 1                    |
+-------------------------+----------------------+
| Train sample size       | 18442                |
+-------------------------+----------------------+
| Number of cases (train) | 457                  |
+-------------------------+----------------------+
| Test sample size        | 2270                 |
+-------------------------+----------------------+
| Number of cases (test)  | 64                   |
+-------------------------+----------------------+
| Test C-index            | 0.7639947395940614   |
+-------------------------+----------------------+
| Time taken (seconds)    | 11.35                |
+-------------------------+----------------------+
2025-02-13 03:37:10,987 - INFO - 
+-------------------------+----------------------+
| Metric                  | Value                |
+=========================+======================+
| Outcome                 | Cardiovascular death |
+-------------------------+----------------------+
| Fold                    | 2                    |
+-------------------------+----------------------+
| Train sample size       | 18422                |
+-------------------------+----------------------+
| Number of cases (train) | 442                  |
+-------------------------+----------------------+
| Test sample size        | 2283                 |
+-------------------------+----------------------+
| Number of cases (test)  | 67                   |
+-------------------------+----------------------+
| Test C-index            | 0.7752802181157226   |
+-------------------------+----------------------+
| Time taken (seconds)    | 11.23                |
+-------------------------+----------------------+
2025-02-13 03:37:11,069 - INFO - 
+-------------------------+----------------------+
| Metric                  | Value                |
+=========================+======================+
| Outcome                 | Cardiovascular death |
+-------------------------+----------------------+
| Fold                    | 6                    |
+-------------------------+----------------------+
| Train sample size       | 18427                |
+-------------------------+----------------------+
| Number of cases (train) | 458                  |
+-------------------------+----------------------+
| Test sample size        | 2270                 |
+-------------------------+----------------------+
| Number of cases (test)  | 51                   |
+-------------------------+----------------------+
| Test C-index            | 0.7811931047840402   |
+-------------------------+----------------------+
| Time taken (seconds)    | 9.97                 |
+-------------------------+----------------------+
2025-02-13 03:37:11,227 - INFO - 
+-------------------------+----------------------+
| Metric                  | Value                |
+=========================+======================+
| Outcome                 | Cardiovascular death |
+-------------------------+----------------------+
| Fold                    | 3                    |
+-------------------------+----------------------+
| Train sample size       | 18434                |
+-------------------------+----------------------+
| Number of cases (train) | 465                  |
+-------------------------+----------------------+
| Test sample size        | 2272                 |
+-------------------------+----------------------+
| Number of cases (test)  | 50                   |
+-------------------------+----------------------+
| Test C-index            | 0.8366407499929829   |
+-------------------------+----------------------+
| Time taken (seconds)    | 10.94                |
+-------------------------+----------------------+
2025-02-13 03:37:11,475 - INFO - 
+-------------------------+----------------------+
| Metric                  | Value                |
+=========================+======================+
| Outcome                 | Cardiovascular death |
+-------------------------+----------------------+
| Fold                    | 5                    |
+-------------------------+----------------------+
| Train sample size       | 18427                |
+-------------------------+----------------------+
| Number of cases (train) | 465                  |
+-------------------------+----------------------+
| Test sample size        | 2281                 |
+-------------------------+----------------------+
| Number of cases (test)  | 56                   |
+-------------------------+----------------------+
| Test C-index            | 0.8086437231331566   |
+-------------------------+----------------------+
| Time taken (seconds)    | 10.97                |
+-------------------------+----------------------+
2025-02-13 03:37:11,812 - INFO - 
+-------------------------+----------------------+
| Metric                  | Value                |
+=========================+======================+
| Outcome                 | Cardiovascular death |
+-------------------------+----------------------+
| Fold                    | 9                    |
+-------------------------+----------------------+
| Train sample size       | 18429                |
+-------------------------+----------------------+
| Number of cases (train) | 465                  |
+-------------------------+----------------------+
| Test sample size        | 2274                 |
+-------------------------+----------------------+
| Number of cases (test)  | 45                   |
+-------------------------+----------------------+
| Test C-index            | 0.792577879991637    |
+-------------------------+----------------------+
| Time taken (seconds)    | 10.14                |
+-------------------------+----------------------+
2025-02-13 03:37:11,823 - INFO - 
+-------------------------+----------------------+
| Metric                  | Value                |
+=========================+======================+
| Outcome                 | Cardiovascular death |
+-------------------------+----------------------+
| Fold                    | 4                    |
+-------------------------+----------------------+
| Train sample size       | 18452                |
+-------------------------+----------------------+
| Number of cases (train) | 456                  |
+-------------------------+----------------------+
| Test sample size        | 2272                 |
+-------------------------+----------------------+
| Number of cases (test)  | 55                   |
+-------------------------+----------------------+
| Test C-index            | 0.7891871918962519   |
+-------------------------+----------------------+
| Time taken (seconds)    | 11.32                |
+-------------------------+----------------------+
2025-02-13 03:37:12,103 - INFO - 
+-------------------------+----------------------+
| Metric                  | Value                |
+=========================+======================+
| Outcome                 | Cardiovascular death |
+-------------------------+----------------------+
| Fold                    | 7                    |
+-------------------------+----------------------+
| Train sample size       | 18422                |
+-------------------------+----------------------+
| Number of cases (train) | 467                  |
+-------------------------+----------------------+
| Test sample size        | 2273                 |
+-------------------------+----------------------+
| Number of cases (test)  | 55                   |
+-------------------------+----------------------+
| Test C-index            | 0.7187761422494349   |
+-------------------------+----------------------+
| Time taken (seconds)    | 10.87                |
+-------------------------+----------------------+
2025-02-13 03:37:12,529 - INFO - 
+-------------------------+----------------------+
| Metric                  | Value                |
+=========================+======================+
| Outcome                 | Cardiovascular death |
+-------------------------+----------------------+
| Fold                    | 8                    |
+-------------------------+----------------------+
| Train sample size       | 18399                |
+-------------------------+----------------------+
| Number of cases (train) | 447                  |
+-------------------------+----------------------+
| Test sample size        | 2283                 |
+-------------------------+----------------------+
| Number of cases (test)  | 61                   |
+-------------------------+----------------------+
| Test C-index            | 0.787698791210697    |
+-------------------------+----------------------+
| Time taken (seconds)    | 11.08                |
+-------------------------+----------------------+
2025-02-13 03:37:12,569 - INFO - Nested cross validation for CoxPH models completed in 74.00 seconds.

