2024-08-15 20:29:14,348 - INFO - Reading data...
2024-08-15 20:38:51,523 - INFO - Loading list of the interested diagnoses...
2024-08-15 20:38:51,524 - INFO - Defining disease history using self-reported conditions and operations...
2024-08-15 20:59:00,652 - INFO - Defining disease history using ICD and OPCS codes...
2024-08-15 21:36:57,093 - INFO - Pooling the results...
2024-08-15 21:37:59,631 - INFO -                 eid      diab_hist      hypt_hist       cad_hist  \
count  5.021800e+05  502180.000000  502180.000000  502180.000000   
mean   3.511807e+06       0.054779       0.284081       0.043861   
std    1.450234e+06       0.227549       0.450976       0.204785   
min    1.000010e+06       0.000000       0.000000       0.000000   
25%    2.255864e+06       0.000000       0.000000       0.000000   
50%    3.511782e+06       0.000000       0.000000       0.000000   
75%    4.767747e+06       0.000000       1.000000       0.000000   
max    6.023661e+06       1.000000       1.000000       1.000000   

         stroke_hist        hf_hist        af_hist        va_hist  \
count  502180.000000  502180.000000  502180.000000  502180.000000   
mean        0.017376       0.005882       0.015528       0.002252   
std         0.130669       0.076471       0.123641       0.047404   
min         0.000000       0.000000       0.000000       0.000000   
25%         0.000000       0.000000       0.000000       0.000000   
50%         0.000000       0.000000       0.000000       0.000000   
75%         0.000000       0.000000       0.000000       0.000000   
max         1.000000       1.000000       1.000000       1.000000   

            pad_hist       aaa_hist        vt_hist       cvd_hist  
count  502180.000000  502180.000000  502180.000000  502180.000000  
mean        0.006597       0.000723       0.027775       0.096479  
std         0.080955       0.026876       0.164327       0.295248  
min         0.000000       0.000000       0.000000       0.000000  
25%         0.000000       0.000000       0.000000       0.000000  
50%         0.000000       0.000000       0.000000       0.000000  
75%         0.000000       0.000000       0.000000       0.000000  
max         1.000000       1.000000       1.000000       1.000000  
2024-08-15 21:38:00,618 - INFO - Total time: 4126.270 seconds
