2025-02-12 22:29:06,469 - INFO - Predictor set: ['Clinical', 'Genomics', 'Metabolomics']
2025-02-12 22:29:06,469 - INFO - Nested cross validation for CoxPH models.
2025-02-12 22:29:16,680 - INFO - 
+-------------------------+--------------------+
| Metric                  | Value              |
+=========================+====================+
| Outcome                 | Stroke             |
+-------------------------+--------------------+
| Fold                    | 1                  |
+-------------------------+--------------------+
| Train sample size       | 11257              |
+-------------------------+--------------------+
| Number of cases (train) | 494                |
+-------------------------+--------------------+
| Test sample size        | 1377               |
+-------------------------+--------------------+
| Number of cases (test)  | 49                 |
+-------------------------+--------------------+
| Test C-index            | 0.6467605633802818 |
+-------------------------+--------------------+
| Time taken (seconds)    | 10.15              |
+-------------------------+--------------------+
2025-02-12 22:29:16,800 - INFO - 
+-------------------------+--------------------+
| Metric                  | Value              |
+=========================+====================+
| Outcome                 | Stroke             |
+-------------------------+--------------------+
| Fold                    | 2                  |
+-------------------------+--------------------+
| Train sample size       | 11280              |
+-------------------------+--------------------+
| Number of cases (train) | 463                |
+-------------------------+--------------------+
| Test sample size        | 1378               |
+-------------------------+--------------------+
| Number of cases (test)  | 65                 |
+-------------------------+--------------------+
| Test C-index            | 0.7357503997234346 |
+-------------------------+--------------------+
| Time taken (seconds)    | 10.27              |
+-------------------------+--------------------+
2025-02-12 22:29:16,996 - INFO - 
+-------------------------+--------------------+
| Metric                  | Value              |
+=========================+====================+
| Outcome                 | Stroke             |
+-------------------------+--------------------+
| Fold                    | 3                  |
+-------------------------+--------------------+
| Train sample size       | 11290              |
+-------------------------+--------------------+
| Number of cases (train) | 476                |
+-------------------------+--------------------+
| Test sample size        | 1389               |
+-------------------------+--------------------+
| Number of cases (test)  | 49                 |
+-------------------------+--------------------+
| Test C-index            | 0.7481447653841763 |
+-------------------------+--------------------+
| Time taken (seconds)    | 10.47              |
+-------------------------+--------------------+
2025-02-12 22:29:17,299 - INFO - 
+-------------------------+--------------------------+
| Metric                  | Value                    |
+=========================+==========================+
| Outcome                 | Coronary artery diseases |
+-------------------------+--------------------------+
| Fold                    | 4                        |
+-------------------------+--------------------------+
| Train sample size       | 11267                    |
+-------------------------+--------------------------+
| Number of cases (train) | 1489                     |
+-------------------------+--------------------------+
| Test sample size        | 1419                     |
+-------------------------+--------------------------+
| Number of cases (test)  | 165                      |
+-------------------------+--------------------------+
| Test C-index            | 0.7354292310591783       |
+-------------------------+--------------------------+
| Time taken (seconds)    | 10.77                    |
+-------------------------+--------------------------+
2025-02-12 22:29:17,353 - INFO - 
+-------------------------+--------------------+
| Metric                  | Value              |
+=========================+====================+
| Outcome                 | Stroke             |
+-------------------------+--------------------+
| Fold                    | 0                  |
+-------------------------+--------------------+
| Train sample size       | 11288              |
+-------------------------+--------------------+
| Number of cases (train) | 465                |
+-------------------------+--------------------+
| Test sample size        | 1391               |
+-------------------------+--------------------+
| Number of cases (test)  | 61                 |
+-------------------------+--------------------+
| Test C-index            | 0.6751123980797074 |
+-------------------------+--------------------+
| Time taken (seconds)    | 10.83              |
+-------------------------+--------------------+
2025-02-12 22:29:17,356 - INFO - 
+-------------------------+--------------------------+
| Metric                  | Value                    |
+=========================+==========================+
| Outcome                 | Coronary artery diseases |
+-------------------------+--------------------------+
| Fold                    | 6                        |
+-------------------------+--------------------------+
| Train sample size       | 11289                    |
+-------------------------+--------------------------+
| Number of cases (train) | 1431                     |
+-------------------------+--------------------------+
| Test sample size        | 1392                     |
+-------------------------+--------------------------+
| Number of cases (test)  | 194                      |
+-------------------------+--------------------------+
| Test C-index            | 0.7293638128538467       |
+-------------------------+--------------------------+
| Time taken (seconds)    | 10.83                    |
+-------------------------+--------------------------+
2025-02-12 22:29:17,383 - INFO - 
+-------------------------+--------------------+
| Metric                  | Value              |
+=========================+====================+
| Outcome                 | Stroke             |
+-------------------------+--------------------+
| Fold                    | 4                  |
+-------------------------+--------------------+
| Train sample size       | 11267              |
+-------------------------+--------------------+
| Number of cases (train) | 465                |
+-------------------------+--------------------+
| Test sample size        | 1419               |
+-------------------------+--------------------+
| Number of cases (test)  | 60                 |
+-------------------------+--------------------+
| Test C-index            | 0.6948531484300129 |
+-------------------------+--------------------+
| Time taken (seconds)    | 10.86              |
+-------------------------+--------------------+
2025-02-12 22:29:17,445 - INFO - 
+-------------------------+--------------------------+
| Metric                  | Value                    |
+=========================+==========================+
| Outcome                 | Coronary artery diseases |
+-------------------------+--------------------------+
| Fold                    | 7                        |
+-------------------------+--------------------------+
| Train sample size       | 11276                    |
+-------------------------+--------------------------+
| Number of cases (train) | 1454                     |
+-------------------------+--------------------------+
| Test sample size        | 1390                     |
+-------------------------+--------------------------+
| Number of cases (test)  | 180                      |
+-------------------------+--------------------------+
| Test C-index            | 0.7629311653994513       |
+-------------------------+--------------------------+
| Time taken (seconds)    | 10.91                    |
+-------------------------+--------------------------+
2025-02-12 22:29:17,492 - INFO - 
+-------------------------+--------------------------+
| Metric                  | Value                    |
+=========================+==========================+
| Outcome                 | Coronary artery diseases |
+-------------------------+--------------------------+
| Fold                    | 1                        |
+-------------------------+--------------------------+
| Train sample size       | 11257                    |
+-------------------------+--------------------------+
| Number of cases (train) | 1446                     |
+-------------------------+--------------------------+
| Test sample size        | 1377                     |
+-------------------------+--------------------------+
| Number of cases (test)  | 181                      |
+-------------------------+--------------------------+
| Test C-index            | 0.7492284778075663       |
+-------------------------+--------------------------+
| Time taken (seconds)    | 10.97                    |
+-------------------------+--------------------------+
2025-02-12 22:29:17,578 - INFO - 
+-------------------------+--------------------------+
| Metric                  | Value                    |
+=========================+==========================+
| Outcome                 | Coronary artery diseases |
+-------------------------+--------------------------+
| Fold                    | 5                        |
+-------------------------+--------------------------+
| Train sample size       | 11277                    |
+-------------------------+--------------------------+
| Number of cases (train) | 1471                     |
+-------------------------+--------------------------+
| Test sample size        | 1378                     |
+-------------------------+--------------------------+
| Number of cases (test)  | 167                      |
+-------------------------+--------------------------+
| Test C-index            | 0.7564680374196063       |
+-------------------------+--------------------------+
| Time taken (seconds)    | 11.05                    |
+-------------------------+--------------------------+
2025-02-12 22:29:17,633 - INFO - 
+-------------------------+--------------------------+
| Metric                  | Value                    |
+=========================+==========================+
| Outcome                 | Coronary artery diseases |
+-------------------------+--------------------------+
| Fold                    | 3                        |
+-------------------------+--------------------------+
| Train sample size       | 11290                    |
+-------------------------+--------------------------+
| Number of cases (train) | 1444                     |
+-------------------------+--------------------------+
| Test sample size        | 1389                     |
+-------------------------+--------------------------+
| Number of cases (test)  | 180                      |
+-------------------------+--------------------------+
| Test C-index            | 0.7600569751381215       |
+-------------------------+--------------------------+
| Time taken (seconds)    | 11.11                    |
+-------------------------+--------------------------+
2025-02-12 22:29:17,646 - INFO - 
+-------------------------+--------------------------+
| Metric                  | Value                    |
+=========================+==========================+
| Outcome                 | Coronary artery diseases |
+-------------------------+--------------------------+
| Fold                    | 9                        |
+-------------------------+--------------------------+
| Train sample size       | 11264                    |
+-------------------------+--------------------------+
| Number of cases (train) | 1431                     |
+-------------------------+--------------------------+
| Test sample size        | 1428                     |
+-------------------------+--------------------------+
| Number of cases (test)  | 185                      |
+-------------------------+--------------------------+
| Test C-index            | 0.7724790021626515       |
+-------------------------+--------------------------+
| Time taken (seconds)    | 11.12                    |
+-------------------------+--------------------------+
2025-02-12 22:29:17,655 - INFO - 
+-------------------------+--------------------------+
| Metric                  | Value                    |
+=========================+==========================+
| Outcome                 | Coronary artery diseases |
+-------------------------+--------------------------+
| Fold                    | 2                        |
+-------------------------+--------------------------+
| Train sample size       | 11280                    |
+-------------------------+--------------------------+
| Number of cases (train) | 1464                     |
+-------------------------+--------------------------+
| Test sample size        | 1378                     |
+-------------------------+--------------------------+
| Number of cases (test)  | 183                      |
+-------------------------+--------------------------+
| Test C-index            | 0.7444607888204469       |
+-------------------------+--------------------------+
| Time taken (seconds)    | 11.13                    |
+-------------------------+--------------------------+
2025-02-12 22:29:17,817 - INFO - 
+-------------------------+--------------------------+
| Metric                  | Value                    |
+=========================+==========================+
| Outcome                 | Coronary artery diseases |
+-------------------------+--------------------------+
| Fold                    | 0                        |
+-------------------------+--------------------------+
| Train sample size       | 11288                    |
+-------------------------+--------------------------+
| Number of cases (train) | 1464                     |
+-------------------------+--------------------------+
| Test sample size        | 1391                     |
+-------------------------+--------------------------+
| Number of cases (test)  | 181                      |
+-------------------------+--------------------------+
| Test C-index            | 0.7439979914847321       |
+-------------------------+--------------------------+
| Time taken (seconds)    | 11.29                    |
+-------------------------+--------------------------+
2025-02-12 22:29:17,837 - INFO - 
+-------------------------+--------------------+
| Metric                  | Value              |
+=========================+====================+
| Outcome                 | Stroke             |
+-------------------------+--------------------+
| Fold                    | 5                  |
+-------------------------+--------------------+
| Train sample size       | 11277              |
+-------------------------+--------------------+
| Number of cases (train) | 464                |
+-------------------------+--------------------+
| Test sample size        | 1378               |
+-------------------------+--------------------+
| Number of cases (test)  | 68                 |
+-------------------------+--------------------+
| Test C-index            | 0.6517663397274542 |
+-------------------------+--------------------+
| Time taken (seconds)    | 11.31              |
+-------------------------+--------------------+
2025-02-12 22:29:17,975 - INFO - 
+-------------------------+--------------------------+
| Metric                  | Value                    |
+=========================+==========================+
| Outcome                 | Coronary artery diseases |
+-------------------------+--------------------------+
| Fold                    | 8                        |
+-------------------------+--------------------------+
| Train sample size       | 11261                    |
+-------------------------+--------------------------+
| Number of cases (train) | 1452                     |
+-------------------------+--------------------------+
| Test sample size        | 1395                     |
+-------------------------+--------------------------+
| Number of cases (test)  | 178                      |
+-------------------------+--------------------------+
| Test C-index            | 0.7623529676360119       |
+-------------------------+--------------------------+
| Time taken (seconds)    | 11.45                    |
+-------------------------+--------------------------+
2025-02-12 22:29:27,274 - INFO - 
+-------------------------+--------------------+
| Metric                  | Value              |
+=========================+====================+
| Outcome                 | Stroke             |
+-------------------------+--------------------+
| Fold                    | 7                  |
+-------------------------+--------------------+
| Train sample size       | 11276              |
+-------------------------+--------------------+
| Number of cases (train) | 478                |
+-------------------------+--------------------+
| Test sample size        | 1390               |
+-------------------------+--------------------+
| Number of cases (test)  | 57                 |
+-------------------------+--------------------+
| Test C-index            | 0.7230533599540518 |
+-------------------------+--------------------+
| Time taken (seconds)    | 10.47              |
+-------------------------+--------------------+
2025-02-12 22:29:27,331 - INFO - 
+-------------------------+--------------------+
| Metric                  | Value              |
+=========================+====================+
| Outcome                 | Stroke             |
+-------------------------+--------------------+
| Fold                    | 6                  |
+-------------------------+--------------------+
| Train sample size       | 11289              |
+-------------------------+--------------------+
| Number of cases (train) | 489                |
+-------------------------+--------------------+
| Test sample size        | 1392               |
+-------------------------+--------------------+
| Number of cases (test)  | 56                 |
+-------------------------+--------------------+
| Test C-index            | 0.7329552409319026 |
+-------------------------+--------------------+
| Time taken (seconds)    | 10.65              |
+-------------------------+--------------------+
2025-02-12 22:29:27,755 - INFO - 
+-------------------------+--------------------+
| Metric                  | Value              |
+=========================+====================+
| Outcome                 | Stroke             |
+-------------------------+--------------------+
| Fold                    | 8                  |
+-------------------------+--------------------+
| Train sample size       | 11261              |
+-------------------------+--------------------+
| Number of cases (train) | 465                |
+-------------------------+--------------------+
| Test sample size        | 1395               |
+-------------------------+--------------------+
| Number of cases (test)  | 60                 |
+-------------------------+--------------------+
| Test C-index            | 0.5904874759939525 |
+-------------------------+--------------------+
| Time taken (seconds)    | 10.75              |
+-------------------------+--------------------+
2025-02-12 22:29:27,816 - INFO - 
+-------------------------+--------------------+
| Metric                  | Value              |
+=========================+====================+
| Outcome                 | Heart failure      |
+-------------------------+--------------------+
| Fold                    | 0                  |
+-------------------------+--------------------+
| Train sample size       | 11288              |
+-------------------------+--------------------+
| Number of cases (train) | 654                |
+-------------------------+--------------------+
| Test sample size        | 1391               |
+-------------------------+--------------------+
| Number of cases (test)  | 78                 |
+-------------------------+--------------------+
| Test C-index            | 0.6739204174820613 |
+-------------------------+--------------------+
| Time taken (seconds)    | 10.46              |
+-------------------------+--------------------+
2025-02-12 22:29:27,829 - INFO - 
+-------------------------+--------------------+
| Metric                  | Value              |
+=========================+====================+
| Outcome                 | Heart failure      |
+-------------------------+--------------------+
| Fold                    | 3                  |
+-------------------------+--------------------+
| Train sample size       | 11290              |
+-------------------------+--------------------+
| Number of cases (train) | 641                |
+-------------------------+--------------------+
| Test sample size        | 1389               |
+-------------------------+--------------------+
| Number of cases (test)  | 80                 |
+-------------------------+--------------------+
| Test C-index            | 0.7456315439296846 |
+-------------------------+--------------------+
| Time taken (seconds)    | 10.38              |
+-------------------------+--------------------+
2025-02-12 22:29:27,996 - INFO - 
+-------------------------+--------------------+
| Metric                  | Value              |
+=========================+====================+
| Outcome                 | Stroke             |
+-------------------------+--------------------+
| Fold                    | 9                  |
+-------------------------+--------------------+
| Train sample size       | 11264              |
+-------------------------+--------------------+
| Number of cases (train) | 475                |
+-------------------------+--------------------+
| Test sample size        | 1428               |
+-------------------------+--------------------+
| Number of cases (test)  | 58                 |
+-------------------------+--------------------+
| Test C-index            | 0.6615094957432874 |
+-------------------------+--------------------+
| Time taken (seconds)    | 10.69              |
+-------------------------+--------------------+
2025-02-12 22:29:28,041 - INFO - 
+-------------------------+-------------------+
| Metric                  | Value             |
+=========================+===================+
| Outcome                 | Heart failure     |
+-------------------------+-------------------+
| Fold                    | 1                 |
+-------------------------+-------------------+
| Train sample size       | 11257             |
+-------------------------+-------------------+
| Number of cases (train) | 658               |
+-------------------------+-------------------+
| Test sample size        | 1377              |
+-------------------------+-------------------+
| Number of cases (test)  | 77                |
+-------------------------+-------------------+
| Test C-index            | 0.768340727595386 |
+-------------------------+-------------------+
| Time taken (seconds)    | 10.68             |
+-------------------------+-------------------+
2025-02-12 22:29:28,173 - INFO - 
+-------------------------+--------------------+
| Metric                  | Value              |
+=========================+====================+
| Outcome                 | Heart failure      |
+-------------------------+--------------------+
| Fold                    | 2                  |
+-------------------------+--------------------+
| Train sample size       | 11280              |
+-------------------------+--------------------+
| Number of cases (train) | 630                |
+-------------------------+--------------------+
| Test sample size        | 1378               |
+-------------------------+--------------------+
| Number of cases (test)  | 99                 |
+-------------------------+--------------------+
| Test C-index            | 0.7760469551004234 |
+-------------------------+--------------------+
| Time taken (seconds)    | 10.79              |
+-------------------------+--------------------+
2025-02-12 22:29:28,303 - INFO - 
+-------------------------+-------------------+
| Metric                  | Value             |
+=========================+===================+
| Outcome                 | Heart failure     |
+-------------------------+-------------------+
| Fold                    | 7                 |
+-------------------------+-------------------+
| Train sample size       | 11276             |
+-------------------------+-------------------+
| Number of cases (train) | 679               |
+-------------------------+-------------------+
| Test sample size        | 1390              |
+-------------------------+-------------------+
| Number of cases (test)  | 58                |
+-------------------------+-------------------+
| Test C-index            | 0.826883062838119 |
+-------------------------+-------------------+
| Time taken (seconds)    | 10.65             |
+-------------------------+-------------------+
2025-02-12 22:29:28,303 - INFO - 
+-------------------------+--------------------+
| Metric                  | Value              |
+=========================+====================+
| Outcome                 | Heart failure      |
+-------------------------+--------------------+
| Fold                    | 4                  |
+-------------------------+--------------------+
| Train sample size       | 11267              |
+-------------------------+--------------------+
| Number of cases (train) | 662                |
+-------------------------+--------------------+
| Test sample size        | 1419               |
+-------------------------+--------------------+
| Number of cases (test)  | 70                 |
+-------------------------+--------------------+
| Test C-index            | 0.7446626272880119 |
+-------------------------+--------------------+
| Time taken (seconds)    | 10.81              |
+-------------------------+--------------------+
2025-02-12 22:29:28,342 - INFO - 
+-------------------------+--------------------+
| Metric                  | Value              |
+=========================+====================+
| Outcome                 | Heart failure      |
+-------------------------+--------------------+
| Fold                    | 8                  |
+-------------------------+--------------------+
| Train sample size       | 11261              |
+-------------------------+--------------------+
| Number of cases (train) | 618                |
+-------------------------+--------------------+
| Test sample size        | 1395               |
+-------------------------+--------------------+
| Number of cases (test)  | 96                 |
+-------------------------+--------------------+
| Test C-index            | 0.6587620172035756 |
+-------------------------+--------------------+
| Time taken (seconds)    | 10.68              |
+-------------------------+--------------------+
2025-02-12 22:29:28,351 - INFO - 
+-------------------------+--------------------+
| Metric                  | Value              |
+=========================+====================+
| Outcome                 | Heart failure      |
+-------------------------+--------------------+
| Fold                    | 5                  |
+-------------------------+--------------------+
| Train sample size       | 11277              |
+-------------------------+--------------------+
| Number of cases (train) | 661                |
+-------------------------+--------------------+
| Test sample size        | 1378               |
+-------------------------+--------------------+
| Number of cases (test)  | 77                 |
+-------------------------+--------------------+
| Test C-index            | 0.6816622772095302 |
+-------------------------+--------------------+
| Time taken (seconds)    | 10.77              |
+-------------------------+--------------------+
2025-02-12 22:29:28,360 - INFO - 
+-------------------------+---------------------+
| Metric                  | Value               |
+=========================+=====================+
| Outcome                 | Atrial fibrillation |
+-------------------------+---------------------+
| Fold                    | 0                   |
+-------------------------+---------------------+
| Train sample size       | 11288               |
+-------------------------+---------------------+
| Number of cases (train) | 1238                |
+-------------------------+---------------------+
| Test sample size        | 1391                |
+-------------------------+---------------------+
| Number of cases (test)  | 155                 |
+-------------------------+---------------------+
| Test C-index            | 0.6751868508752062  |
+-------------------------+---------------------+
| Time taken (seconds)    | 10.51               |
+-------------------------+---------------------+
2025-02-12 22:29:28,382 - INFO - 
+-------------------------+--------------------+
| Metric                  | Value              |
+=========================+====================+
| Outcome                 | Heart failure      |
+-------------------------+--------------------+
| Fold                    | 6                  |
+-------------------------+--------------------+
| Train sample size       | 11289              |
+-------------------------+--------------------+
| Number of cases (train) | 634                |
+-------------------------+--------------------+
| Test sample size        | 1392               |
+-------------------------+--------------------+
| Number of cases (test)  | 85                 |
+-------------------------+--------------------+
| Test C-index            | 0.7608338434771402 |
+-------------------------+--------------------+
| Time taken (seconds)    | 10.74              |
+-------------------------+--------------------+
2025-02-12 22:29:28,466 - INFO - 
+-------------------------+--------------------+
| Metric                  | Value              |
+=========================+====================+
| Outcome                 | Heart failure      |
+-------------------------+--------------------+
| Fold                    | 9                  |
+-------------------------+--------------------+
| Train sample size       | 11264              |
+-------------------------+--------------------+
| Number of cases (train) | 638                |
+-------------------------+--------------------+
| Test sample size        | 1428               |
+-------------------------+--------------------+
| Number of cases (test)  | 79                 |
+-------------------------+--------------------+
| Test C-index            | 0.7288092914922413 |
+-------------------------+--------------------+
| Time taken (seconds)    | 10.64              |
+-------------------------+--------------------+
2025-02-12 22:29:28,509 - INFO - 
+-------------------------+---------------------+
| Metric                  | Value               |
+=========================+=====================+
| Outcome                 | Atrial fibrillation |
+-------------------------+---------------------+
| Fold                    | 1                   |
+-------------------------+---------------------+
| Train sample size       | 11257               |
+-------------------------+---------------------+
| Number of cases (train) | 1255                |
+-------------------------+---------------------+
| Test sample size        | 1377                |
+-------------------------+---------------------+
| Number of cases (test)  | 143                 |
+-------------------------+---------------------+
| Test C-index            | 0.6782619409421331  |
+-------------------------+---------------------+
| Time taken (seconds)    | 10.53               |
+-------------------------+---------------------+
2025-02-12 22:29:37,661 - INFO - 
+-------------------------+---------------------+
| Metric                  | Value               |
+=========================+=====================+
| Outcome                 | Atrial fibrillation |
+-------------------------+---------------------+
| Fold                    | 2                   |
+-------------------------+---------------------+
| Train sample size       | 11280               |
+-------------------------+---------------------+
| Number of cases (train) | 1245                |
+-------------------------+---------------------+
| Test sample size        | 1378                |
+-------------------------+---------------------+
| Number of cases (test)  | 157                 |
+-------------------------+---------------------+
| Test C-index            | 0.6521240491515505  |
+-------------------------+---------------------+
| Time taken (seconds)    | 10.38               |
+-------------------------+---------------------+
2025-02-12 22:29:37,885 - INFO - 
+-------------------------+---------------------+
| Metric                  | Value               |
+=========================+=====================+
| Outcome                 | Atrial fibrillation |
+-------------------------+---------------------+
| Fold                    | 3                   |
+-------------------------+---------------------+
| Train sample size       | 11290               |
+-------------------------+---------------------+
| Number of cases (train) | 1210                |
+-------------------------+---------------------+
| Test sample size        | 1389                |
+-------------------------+---------------------+
| Number of cases (test)  | 150                 |
+-------------------------+---------------------+
| Test C-index            | 0.7269909790248492  |
+-------------------------+---------------------+
| Time taken (seconds)    | 10.55               |
+-------------------------+---------------------+
2025-02-12 22:29:38,189 - INFO - 
+-------------------------+---------------------+
| Metric                  | Value               |
+=========================+=====================+
| Outcome                 | Atrial fibrillation |
+-------------------------+---------------------+
| Fold                    | 4                   |
+-------------------------+---------------------+
| Train sample size       | 11267               |
+-------------------------+---------------------+
| Number of cases (train) | 1242                |
+-------------------------+---------------------+
| Test sample size        | 1419                |
+-------------------------+---------------------+
| Number of cases (test)  | 154                 |
+-------------------------+---------------------+
| Test C-index            | 0.671569699258582   |
+-------------------------+---------------------+
| Time taken (seconds)    | 10.43               |
+-------------------------+---------------------+
2025-02-12 22:29:38,190 - INFO - 
+-------------------------+---------------------+
| Metric                  | Value               |
+=========================+=====================+
| Outcome                 | Atrial fibrillation |
+-------------------------+---------------------+
| Fold                    | 5                   |
+-------------------------+---------------------+
| Train sample size       | 11277               |
+-------------------------+---------------------+
| Number of cases (train) | 1230                |
+-------------------------+---------------------+
| Test sample size        | 1378                |
+-------------------------+---------------------+
| Number of cases (test)  | 177                 |
+-------------------------+---------------------+
| Test C-index            | 0.7134225660687389  |
+-------------------------+---------------------+
| Time taken (seconds)    | 10.37               |
+-------------------------+---------------------+
2025-02-12 22:29:38,275 - INFO - 
+-------------------------+-------------------------+
| Metric                  | Value                   |
+=========================+=========================+
| Outcome                 | Ventricular arrhythmias |
+-------------------------+-------------------------+
| Fold                    | 4                       |
+-------------------------+-------------------------+
| Train sample size       | 11267                   |
+-------------------------+-------------------------+
| Number of cases (train) | 190                     |
+-------------------------+-------------------------+
| Test sample size        | 1419                    |
+-------------------------+-------------------------+
| Number of cases (test)  | 23                      |
+-------------------------+-------------------------+
| Test C-index            | 0.6591776481601498      |
+-------------------------+-------------------------+
| Time taken (seconds)    | 9.91                    |
+-------------------------+-------------------------+
2025-02-12 22:29:38,389 - INFO - 
+-------------------------+---------------------+
| Metric                  | Value               |
+=========================+=====================+
| Outcome                 | Atrial fibrillation |
+-------------------------+---------------------+
| Fold                    | 9                   |
+-------------------------+---------------------+
| Train sample size       | 11264               |
+-------------------------+---------------------+
| Number of cases (train) | 1219                |
+-------------------------+---------------------+
| Test sample size        | 1428                |
+-------------------------+---------------------+
| Number of cases (test)  | 152                 |
+-------------------------+---------------------+
| Test C-index            | 0.7323632181874475  |
+-------------------------+---------------------+
| Time taken (seconds)    | 10.21               |
+-------------------------+---------------------+
2025-02-12 22:29:38,494 - INFO - 
+-------------------------+-------------------------+
| Metric                  | Value                   |
+=========================+=========================+
| Outcome                 | Ventricular arrhythmias |
+-------------------------+-------------------------+
| Fold                    | 7                       |
+-------------------------+-------------------------+
| Train sample size       | 11276                   |
+-------------------------+-------------------------+
| Number of cases (train) | 195                     |
+-------------------------+-------------------------+
| Test sample size        | 1390                    |
+-------------------------+-------------------------+
| Number of cases (test)  | 24                      |
+-------------------------+-------------------------+
| Test C-index            | 0.8154044750430293      |
+-------------------------+-------------------------+
| Time taken (seconds)    | 9.98                    |
+-------------------------+-------------------------+
2025-02-12 22:29:38,572 - INFO - 
+-------------------------+---------------------+
| Metric                  | Value               |
+=========================+=====================+
| Outcome                 | Atrial fibrillation |
+-------------------------+---------------------+
| Fold                    | 6                   |
+-------------------------+---------------------+
| Train sample size       | 11289               |
+-------------------------+---------------------+
| Number of cases (train) | 1249                |
+-------------------------+---------------------+
| Test sample size        | 1392                |
+-------------------------+---------------------+
| Number of cases (test)  | 153                 |
+-------------------------+---------------------+
| Test C-index            | 0.709100045049728   |
+-------------------------+---------------------+
| Time taken (seconds)    | 10.74               |
+-------------------------+---------------------+
2025-02-12 22:29:38,616 - INFO - 
+-------------------------+---------------------+
| Metric                  | Value               |
+=========================+=====================+
| Outcome                 | Atrial fibrillation |
+-------------------------+---------------------+
| Fold                    | 8                   |
+-------------------------+---------------------+
| Train sample size       | 11261               |
+-------------------------+---------------------+
| Number of cases (train) | 1229                |
+-------------------------+---------------------+
| Test sample size        | 1395                |
+-------------------------+---------------------+
| Number of cases (test)  | 157                 |
+-------------------------+---------------------+
| Test C-index            | 0.704531057246691   |
+-------------------------+---------------------+
| Time taken (seconds)    | 10.57               |
+-------------------------+---------------------+
2025-02-12 22:29:38,679 - INFO - 
+-------------------------+-------------------------+
| Metric                  | Value                   |
+=========================+=========================+
| Outcome                 | Ventricular arrhythmias |
+-------------------------+-------------------------+
| Fold                    | 2                       |
+-------------------------+-------------------------+
| Train sample size       | 11280                   |
+-------------------------+-------------------------+
| Number of cases (train) | 187                     |
+-------------------------+-------------------------+
| Test sample size        | 1378                    |
+-------------------------+-------------------------+
| Number of cases (test)  | 22                      |
+-------------------------+-------------------------+
| Test C-index            | 0.6777681123400026      |
+-------------------------+-------------------------+
| Time taken (seconds)    | 10.33                   |
+-------------------------+-------------------------+
2025-02-12 22:29:38,695 - INFO - 
+-------------------------+-------------------------+
| Metric                  | Value                   |
+=========================+=========================+
| Outcome                 | Ventricular arrhythmias |
+-------------------------+-------------------------+
| Fold                    | 5                       |
+-------------------------+-------------------------+
| Train sample size       | 11277                   |
+-------------------------+-------------------------+
| Number of cases (train) | 191                     |
+-------------------------+-------------------------+
| Test sample size        | 1378                    |
+-------------------------+-------------------------+
| Number of cases (test)  | 23                      |
+-------------------------+-------------------------+
| Test C-index            | 0.59958071278826        |
+-------------------------+-------------------------+
| Time taken (seconds)    | 10.31                   |
+-------------------------+-------------------------+
2025-02-12 22:29:38,779 - INFO - 
+-------------------------+-------------------------+
| Metric                  | Value                   |
+=========================+=========================+
| Outcome                 | Ventricular arrhythmias |
+-------------------------+-------------------------+
| Fold                    | 3                       |
+-------------------------+-------------------------+
| Train sample size       | 11290                   |
+-------------------------+-------------------------+
| Number of cases (train) | 187                     |
+-------------------------+-------------------------+
| Test sample size        | 1389                    |
+-------------------------+-------------------------+
| Number of cases (test)  | 20                      |
+-------------------------+-------------------------+
| Test C-index            | 0.5984020571218661      |
+-------------------------+-------------------------+
| Time taken (seconds)    | 10.43                   |
+-------------------------+-------------------------+
2025-02-12 22:29:38,939 - INFO - 
+-------------------------+---------------------+
| Metric                  | Value               |
+=========================+=====================+
| Outcome                 | Atrial fibrillation |
+-------------------------+---------------------+
| Fold                    | 7                   |
+-------------------------+---------------------+
| Train sample size       | 11276               |
+-------------------------+---------------------+
| Number of cases (train) | 1274                |
+-------------------------+---------------------+
| Test sample size        | 1390                |
+-------------------------+---------------------+
| Number of cases (test)  | 129                 |
+-------------------------+---------------------+
| Test C-index            | 0.7046870818518943  |
+-------------------------+---------------------+
| Time taken (seconds)    | 10.94               |
+-------------------------+---------------------+
2025-02-12 22:29:38,963 - INFO - 
+-------------------------+-------------------------+
| Metric                  | Value                   |
+=========================+=========================+
| Outcome                 | Ventricular arrhythmias |
+-------------------------+-------------------------+
| Fold                    | 1                       |
+-------------------------+-------------------------+
| Train sample size       | 11257                   |
+-------------------------+-------------------------+
| Number of cases (train) | 191                     |
+-------------------------+-------------------------+
| Test sample size        | 1377                    |
+-------------------------+-------------------------+
| Number of cases (test)  | 24                      |
+-------------------------+-------------------------+
| Test C-index            | 0.669899291309213       |
+-------------------------+-------------------------+
| Time taken (seconds)    | 10.66                   |
+-------------------------+-------------------------+
2025-02-12 22:29:38,993 - INFO - 
+-------------------------+-------------------------+
| Metric                  | Value                   |
+=========================+=========================+
| Outcome                 | Ventricular arrhythmias |
+-------------------------+-------------------------+
| Fold                    | 6                       |
+-------------------------+-------------------------+
| Train sample size       | 11289                   |
+-------------------------+-------------------------+
| Number of cases (train) | 192                     |
+-------------------------+-------------------------+
| Test sample size        | 1392                    |
+-------------------------+-------------------------+
| Number of cases (test)  | 23                      |
+-------------------------+-------------------------+
| Test C-index            | 0.7356896834508775      |
+-------------------------+-------------------------+
| Time taken (seconds)    | 10.52                   |
+-------------------------+-------------------------+
2025-02-12 22:29:39,007 - INFO - 
+-------------------------+-------------------------+
| Metric                  | Value                   |
+=========================+=========================+
| Outcome                 | Ventricular arrhythmias |
+-------------------------+-------------------------+
| Fold                    | 0                       |
+-------------------------+-------------------------+
| Train sample size       | 11288                   |
+-------------------------+-------------------------+
| Number of cases (train) | 190                     |
+-------------------------+-------------------------+
| Test sample size        | 1391                    |
+-------------------------+-------------------------+
| Number of cases (test)  | 26                      |
+-------------------------+-------------------------+
| Test C-index            | 0.6201063672625203      |
+-------------------------+-------------------------+
| Time taken (seconds)    | 10.70                   |
+-------------------------+-------------------------+
2025-02-12 22:29:47,750 - INFO - 
+-------------------------+-------------------------+
| Metric                  | Value                   |
+=========================+=========================+
| Outcome                 | Ventricular arrhythmias |
+-------------------------+-------------------------+
| Fold                    | 8                       |
+-------------------------+-------------------------+
| Train sample size       | 11261                   |
+-------------------------+-------------------------+
| Number of cases (train) | 182                     |
+-------------------------+-------------------------+
| Test sample size        | 1395                    |
+-------------------------+-------------------------+
| Number of cases (test)  | 25                      |
+-------------------------+-------------------------+
| Test C-index            | 0.7122263747997865      |
+-------------------------+-------------------------+
| Time taken (seconds)    | 10.09                   |
+-------------------------+-------------------------+
2025-02-12 22:29:48,315 - INFO - 
+-------------------------+---------------------------+
| Metric                  | Value                     |
+=========================+===========================+
| Outcome                 | Abdominal aortic aneurysm |
+-------------------------+---------------------------+
| Fold                    | 0                         |
+-------------------------+---------------------------+
| Train sample size       | 11288                     |
+-------------------------+---------------------------+
| Number of cases (train) | 99                        |
+-------------------------+---------------------------+
| Test sample size        | 1391                      |
+-------------------------+---------------------------+
| Number of cases (test)  | 10                        |
+-------------------------+---------------------------+
| Test C-index            | 0.6197975253093364        |
+-------------------------+---------------------------+
| Time taken (seconds)    | 10.12                     |
+-------------------------+---------------------------+
2025-02-12 22:29:48,328 - INFO - 
+-------------------------+-------------------------+
| Metric                  | Value                   |
+=========================+=========================+
| Outcome                 | Ventricular arrhythmias |
+-------------------------+-------------------------+
| Fold                    | 9                       |
+-------------------------+-------------------------+
| Train sample size       | 11264                   |
+-------------------------+-------------------------+
| Number of cases (train) | 187                     |
+-------------------------+-------------------------+
| Test sample size        | 1428                    |
+-------------------------+-------------------------+
| Number of cases (test)  | 22                      |
+-------------------------+-------------------------+
| Test C-index            | 0.6550179211469533      |
+-------------------------+-------------------------+
| Time taken (seconds)    | 10.44                   |
+-------------------------+-------------------------+
2025-02-12 22:29:48,341 - INFO - 
+-------------------------+---------------------------+
| Metric                  | Value                     |
+=========================+===========================+
| Outcome                 | Abdominal aortic aneurysm |
+-------------------------+---------------------------+
| Fold                    | 1                         |
+-------------------------+---------------------------+
| Train sample size       | 11257                     |
+-------------------------+---------------------------+
| Number of cases (train) | 101                       |
+-------------------------+---------------------------+
| Test sample size        | 1377                      |
+-------------------------+---------------------------+
| Number of cases (test)  | 10                        |
+-------------------------+---------------------------+
| Test C-index            | 0.82168260976208          |
+-------------------------+---------------------------+
| Time taken (seconds)    | 10.15                     |
+-------------------------+---------------------------+
2025-02-12 22:29:48,389 - INFO - 
+-------------------------+---------------------------+
| Metric                  | Value                     |
+=========================+===========================+
| Outcome                 | Abdominal aortic aneurysm |
+-------------------------+---------------------------+
| Fold                    | 4                         |
+-------------------------+---------------------------+
| Train sample size       | 11267                     |
+-------------------------+---------------------------+
| Number of cases (train) | 101                       |
+-------------------------+---------------------------+
| Test sample size        | 1419                      |
+-------------------------+---------------------------+
| Number of cases (test)  | 15                        |
+-------------------------+---------------------------+
| Test C-index            | 0.7538237436270939        |
+-------------------------+---------------------------+
| Time taken (seconds)    | 9.89                      |
+-------------------------+---------------------------+
2025-02-12 22:29:48,552 - INFO - 
+-------------------------+---------------------------+
| Metric                  | Value                     |
+=========================+===========================+
| Outcome                 | Abdominal aortic aneurysm |
+-------------------------+---------------------------+
| Fold                    | 3                         |
+-------------------------+---------------------------+
| Train sample size       | 11290                     |
+-------------------------+---------------------------+
| Number of cases (train) | 95                        |
+-------------------------+---------------------------+
| Test sample size        | 1389                      |
+-------------------------+---------------------------+
| Number of cases (test)  | 16                        |
+-------------------------+---------------------------+
| Test C-index            | 0.8551000953288846        |
+-------------------------+---------------------------+
| Time taken (seconds)    | 10.16                     |
+-------------------------+---------------------------+
2025-02-12 22:29:48,557 - INFO - 
+-------------------------+---------------------------+
| Metric                  | Value                     |
+=========================+===========================+
| Outcome                 | Abdominal aortic aneurysm |
+-------------------------+---------------------------+
| Fold                    | 2                         |
+-------------------------+---------------------------+
| Train sample size       | 11280                     |
+-------------------------+---------------------------+
| Number of cases (train) | 102                       |
+-------------------------+---------------------------+
| Test sample size        | 1378                      |
+-------------------------+---------------------------+
| Number of cases (test)  | 13                        |
+-------------------------+---------------------------+
| Test C-index            | 0.5747855277881387        |
+-------------------------+---------------------------+
| Time taken (seconds)    | 10.28                     |
+-------------------------+---------------------------+
2025-02-12 22:29:48,646 - INFO - 
+-------------------------+---------------------------+
| Metric                  | Value                     |
+=========================+===========================+
| Outcome                 | Abdominal aortic aneurysm |
+-------------------------+---------------------------+
| Fold                    | 8                         |
+-------------------------+---------------------------+
| Train sample size       | 11261                     |
+-------------------------+---------------------------+
| Number of cases (train) | 101                       |
+-------------------------+---------------------------+
| Test sample size        | 1395                      |
+-------------------------+---------------------------+
| Number of cases (test)  | 10                        |
+-------------------------+---------------------------+
| Test C-index            | 0.9279475982532751        |
+-------------------------+---------------------------+
| Time taken (seconds)    | 9.95                      |
+-------------------------+---------------------------+
2025-02-12 22:29:48,667 - INFO - 
+-------------------------+---------------------------+
| Metric                  | Value                     |
+=========================+===========================+
| Outcome                 | Abdominal aortic aneurysm |
+-------------------------+---------------------------+
| Fold                    | 5                         |
+-------------------------+---------------------------+
| Train sample size       | 11277                     |
+-------------------------+---------------------------+
| Number of cases (train) | 99                        |
+-------------------------+---------------------------+
| Test sample size        | 1378                      |
+-------------------------+---------------------------+
| Number of cases (test)  | 12                        |
+-------------------------+---------------------------+
| Test C-index            | 0.8228356336260979        |
+-------------------------+---------------------------+
| Time taken (seconds)    | 10.09                     |
+-------------------------+---------------------------+
2025-02-12 22:29:48,809 - INFO - 
+-------------------------+---------------------------+
| Metric                  | Value                     |
+=========================+===========================+
| Outcome                 | Abdominal aortic aneurysm |
+-------------------------+---------------------------+
| Fold                    | 7                         |
+-------------------------+---------------------------+
| Train sample size       | 11276                     |
+-------------------------+---------------------------+
| Number of cases (train) | 105                       |
+-------------------------+---------------------------+
| Test sample size        | 1390                      |
+-------------------------+---------------------------+
| Number of cases (test)  | 10                        |
+-------------------------+---------------------------+
| Test C-index            | 0.5284256559766765        |
+-------------------------+---------------------------+
| Time taken (seconds)    | 10.13                     |
+-------------------------+---------------------------+
2025-02-12 22:29:48,925 - INFO - 
+-------------------------+---------------------------+
| Metric                  | Value                     |
+=========================+===========================+
| Outcome                 | Abdominal aortic aneurysm |
+-------------------------+---------------------------+
| Fold                    | 9                         |
+-------------------------+---------------------------+
| Train sample size       | 11264                     |
+-------------------------+---------------------------+
| Number of cases (train) | 98                        |
+-------------------------+---------------------------+
| Test sample size        | 1428                      |
+-------------------------+---------------------------+
| Number of cases (test)  | 10                        |
+-------------------------+---------------------------+
| Test C-index            | 0.8436289876452148        |
+-------------------------+---------------------------+
| Time taken (seconds)    | 10.14                     |
+-------------------------+---------------------------+
2025-02-12 22:29:49,011 - INFO - 
+-------------------------+----------------------------+
| Metric                  | Value                      |
+=========================+============================+
| Outcome                 | Peripheral artery diseases |
+-------------------------+----------------------------+
| Fold                    | 3                          |
+-------------------------+----------------------------+
| Train sample size       | 11290                      |
+-------------------------+----------------------------+
| Number of cases (train) | 258                        |
+-------------------------+----------------------------+
| Test sample size        | 1389                       |
+-------------------------+----------------------------+
| Number of cases (test)  | 31                         |
+-------------------------+----------------------------+
| Test C-index            | 0.7593921485859012         |
+-------------------------+----------------------------+
| Time taken (seconds)    | 10.00                      |
+-------------------------+----------------------------+
2025-02-12 22:29:49,014 - INFO - 
+-------------------------+----------------------------+
| Metric                  | Value                      |
+=========================+============================+
| Outcome                 | Peripheral artery diseases |
+-------------------------+----------------------------+
| Fold                    | 2                          |
+-------------------------+----------------------------+
| Train sample size       | 11280                      |
+-------------------------+----------------------------+
| Number of cases (train) | 260                        |
+-------------------------+----------------------------+
| Test sample size        | 1378                       |
+-------------------------+----------------------------+
| Number of cases (test)  | 28                         |
+-------------------------+----------------------------+
| Test C-index            | 0.7731756854780212         |
+-------------------------+----------------------------+
| Time taken (seconds)    | 10.02                      |
+-------------------------+----------------------------+
2025-02-12 22:29:49,042 - INFO - 
+-------------------------+---------------------------+
| Metric                  | Value                     |
+=========================+===========================+
| Outcome                 | Abdominal aortic aneurysm |
+-------------------------+---------------------------+
| Fold                    | 6                         |
+-------------------------+---------------------------+
| Train sample size       | 11289                     |
+-------------------------+---------------------------+
| Number of cases (train) | 98                        |
+-------------------------+---------------------------+
| Test sample size        | 1392                      |
+-------------------------+---------------------------+
| Number of cases (test)  | 17                        |
+-------------------------+---------------------------+
| Test C-index            | 0.7387016045929633        |
+-------------------------+---------------------------+
| Time taken (seconds)    | 10.41                     |
+-------------------------+---------------------------+
2025-02-12 22:29:49,143 - INFO - 
+-------------------------+----------------------------+
| Metric                  | Value                      |
+=========================+============================+
| Outcome                 | Peripheral artery diseases |
+-------------------------+----------------------------+
| Fold                    | 0                          |
+-------------------------+----------------------------+
| Train sample size       | 11288                      |
+-------------------------+----------------------------+
| Number of cases (train) | 268                        |
+-------------------------+----------------------------+
| Test sample size        | 1391                       |
+-------------------------+----------------------------+
| Number of cases (test)  | 26                         |
+-------------------------+----------------------------+
| Test C-index            | 0.6815151835784573         |
+-------------------------+----------------------------+
| Time taken (seconds)    | 10.20                      |
+-------------------------+----------------------------+
2025-02-12 22:29:49,284 - INFO - 
+-------------------------+----------------------------+
| Metric                  | Value                      |
+=========================+============================+
| Outcome                 | Peripheral artery diseases |
+-------------------------+----------------------------+
| Fold                    | 1                          |
+-------------------------+----------------------------+
| Train sample size       | 11257                      |
+-------------------------+----------------------------+
| Number of cases (train) | 266                        |
+-------------------------+----------------------------+
| Test sample size        | 1377                       |
+-------------------------+----------------------------+
| Number of cases (test)  | 33                         |
+-------------------------+----------------------------+
| Test C-index            | 0.7580624102363233         |
+-------------------------+----------------------------+
| Time taken (seconds)    | 10.32                      |
+-------------------------+----------------------------+
2025-02-12 22:29:58,320 - INFO - 
+-------------------------+----------------------------+
| Metric                  | Value                      |
+=========================+============================+
| Outcome                 | Peripheral artery diseases |
+-------------------------+----------------------------+
| Fold                    | 8                          |
+-------------------------+----------------------------+
| Train sample size       | 11261                      |
+-------------------------+----------------------------+
| Number of cases (train) | 258                        |
+-------------------------+----------------------------+
| Test sample size        | 1395                       |
+-------------------------+----------------------------+
| Number of cases (test)  | 40                         |
+-------------------------+----------------------------+
| Test C-index            | 0.6487086920299916         |
+-------------------------+----------------------------+
| Time taken (seconds)    | 9.93                       |
+-------------------------+----------------------------+
2025-02-12 22:29:58,463 - INFO - 
+-------------------------+----------------------------+
| Metric                  | Value                      |
+=========================+============================+
| Outcome                 | Peripheral artery diseases |
+-------------------------+----------------------------+
| Fold                    | 4                          |
+-------------------------+----------------------------+
| Train sample size       | 11267                      |
+-------------------------+----------------------------+
| Number of cases (train) | 255                        |
+-------------------------+----------------------------+
| Test sample size        | 1419                       |
+-------------------------+----------------------------+
| Number of cases (test)  | 38                         |
+-------------------------+----------------------------+
| Test C-index            | 0.7926883308714918         |
+-------------------------+----------------------------+
| Time taken (seconds)    | 10.71                      |
+-------------------------+----------------------------+
2025-02-12 22:29:58,514 - INFO - 
+-------------------------+----------------------------+
| Metric                  | Value                      |
+=========================+============================+
| Outcome                 | Peripheral artery diseases |
+-------------------------+----------------------------+
| Fold                    | 7                          |
+-------------------------+----------------------------+
| Train sample size       | 11276                      |
+-------------------------+----------------------------+
| Number of cases (train) | 268                        |
+-------------------------+----------------------------+
| Test sample size        | 1390                       |
+-------------------------+----------------------------+
| Number of cases (test)  | 25                         |
+-------------------------+----------------------------+
| Test C-index            | 0.7301747930082796         |
+-------------------------+----------------------------+
| Time taken (seconds)    | 10.17                      |
+-------------------------+----------------------------+
2025-02-12 22:29:58,723 - INFO - 
+-------------------------+----------------------------+
| Metric                  | Value                      |
+=========================+============================+
| Outcome                 | Peripheral artery diseases |
+-------------------------+----------------------------+
| Fold                    | 6                          |
+-------------------------+----------------------------+
| Train sample size       | 11289                      |
+-------------------------+----------------------------+
| Number of cases (train) | 261                        |
+-------------------------+----------------------------+
| Test sample size        | 1392                       |
+-------------------------+----------------------------+
| Number of cases (test)  | 34                         |
+-------------------------+----------------------------+
| Test C-index            | 0.8828859929231034         |
+-------------------------+----------------------------+
| Time taken (seconds)    | 10.39                      |
+-------------------------+----------------------------+
2025-02-12 22:29:58,759 - INFO - 
+-------------------------+----------------------------+
| Metric                  | Value                      |
+=========================+============================+
| Outcome                 | Peripheral artery diseases |
+-------------------------+----------------------------+
| Fold                    | 5                          |
+-------------------------+----------------------------+
| Train sample size       | 11277                      |
+-------------------------+----------------------------+
| Number of cases (train) | 261                        |
+-------------------------+----------------------------+
| Test sample size        | 1378                       |
+-------------------------+----------------------------+
| Number of cases (test)  | 37                         |
+-------------------------+----------------------------+
| Test C-index            | 0.8743501451623793         |
+-------------------------+----------------------------+
| Time taken (seconds)    | 10.44                      |
+-------------------------+----------------------------+
2025-02-12 22:29:58,921 - INFO - 
+-------------------------+--------------------+
| Metric                  | Value              |
+=========================+====================+
| Outcome                 | Vein thrombosis    |
+-------------------------+--------------------+
| Fold                    | 1                  |
+-------------------------+--------------------+
| Train sample size       | 11257              |
+-------------------------+--------------------+
| Number of cases (train) | 555                |
+-------------------------+--------------------+
| Test sample size        | 1377               |
+-------------------------+--------------------+
| Number of cases (test)  | 69                 |
+-------------------------+--------------------+
| Test C-index            | 0.6590106483353552 |
+-------------------------+--------------------+
| Time taken (seconds)    | 10.27              |
+-------------------------+--------------------+
2025-02-12 22:29:58,934 - INFO - 
+-------------------------+--------------------+
| Metric                  | Value              |
+=========================+====================+
| Outcome                 | Vein thrombosis    |
+-------------------------+--------------------+
| Fold                    | 3                  |
+-------------------------+--------------------+
| Train sample size       | 11290              |
+-------------------------+--------------------+
| Number of cases (train) | 557                |
+-------------------------+--------------------+
| Test sample size        | 1389               |
+-------------------------+--------------------+
| Number of cases (test)  | 69                 |
+-------------------------+--------------------+
| Test C-index            | 0.6925914393159118 |
+-------------------------+--------------------+
| Time taken (seconds)    | 10.12              |
+-------------------------+--------------------+
2025-02-12 22:29:59,029 - INFO - 
+-------------------------+----------------------------+
| Metric                  | Value                      |
+=========================+============================+
| Outcome                 | Peripheral artery diseases |
+-------------------------+----------------------------+
| Fold                    | 9                          |
+-------------------------+----------------------------+
| Train sample size       | 11264                      |
+-------------------------+----------------------------+
| Number of cases (train) | 261                        |
+-------------------------+----------------------------+
| Test sample size        | 1428                       |
+-------------------------+----------------------------+
| Number of cases (test)  | 29                         |
+-------------------------+----------------------------+
| Test C-index            | 0.7134877758447029         |
+-------------------------+----------------------------+
| Time taken (seconds)    | 10.47                      |
+-------------------------+----------------------------+
2025-02-12 22:29:59,158 - INFO - 
+-------------------------+--------------------+
| Metric                  | Value              |
+=========================+====================+
| Outcome                 | Vein thrombosis    |
+-------------------------+--------------------+
| Fold                    | 0                  |
+-------------------------+--------------------+
| Train sample size       | 11288              |
+-------------------------+--------------------+
| Number of cases (train) | 554                |
+-------------------------+--------------------+
| Test sample size        | 1391               |
+-------------------------+--------------------+
| Number of cases (test)  | 60                 |
+-------------------------+--------------------+
| Test C-index            | 0.7293779155842341 |
+-------------------------+--------------------+
| Time taken (seconds)    | 10.60              |
+-------------------------+--------------------+
2025-02-12 22:29:59,178 - INFO - 
+-------------------------+--------------------+
| Metric                  | Value              |
+=========================+====================+
| Outcome                 | Vein thrombosis    |
+-------------------------+--------------------+
| Fold                    | 2                  |
+-------------------------+--------------------+
| Train sample size       | 11280              |
+-------------------------+--------------------+
| Number of cases (train) | 555                |
+-------------------------+--------------------+
| Test sample size        | 1378               |
+-------------------------+--------------------+
| Number of cases (test)  | 74                 |
+-------------------------+--------------------+
| Test C-index            | 0.4562520729684909 |
+-------------------------+--------------------+
| Time taken (seconds)    | 10.51              |
+-------------------------+--------------------+
2025-02-12 22:29:59,356 - INFO - 
+-------------------------+--------------------+
| Metric                  | Value              |
+=========================+====================+
| Outcome                 | Vein thrombosis    |
+-------------------------+--------------------+
| Fold                    | 6                  |
+-------------------------+--------------------+
| Train sample size       | 11289              |
+-------------------------+--------------------+
| Number of cases (train) | 560                |
+-------------------------+--------------------+
| Test sample size        | 1392               |
+-------------------------+--------------------+
| Number of cases (test)  | 70                 |
+-------------------------+--------------------+
| Test C-index            | 0.6128476634194551 |
+-------------------------+--------------------+
| Time taken (seconds)    | 10.34              |
+-------------------------+--------------------+
2025-02-12 22:29:59,405 - INFO - 
+-------------------------+--------------------+
| Metric                  | Value              |
+=========================+====================+
| Outcome                 | Vein thrombosis    |
+-------------------------+--------------------+
| Fold                    | 4                  |
+-------------------------+--------------------+
| Train sample size       | 11267              |
+-------------------------+--------------------+
| Number of cases (train) | 564                |
+-------------------------+--------------------+
| Test sample size        | 1419               |
+-------------------------+--------------------+
| Number of cases (test)  | 59                 |
+-------------------------+--------------------+
| Test C-index            | 0.6929786186908733 |
+-------------------------+--------------------+
| Time taken (seconds)    | 10.48              |
+-------------------------+--------------------+
2025-02-12 22:29:59,631 - INFO - 
+-------------------------+-------------------+
| Metric                  | Value             |
+=========================+===================+
| Outcome                 | Vein thrombosis   |
+-------------------------+-------------------+
| Fold                    | 5                 |
+-------------------------+-------------------+
| Train sample size       | 11277             |
+-------------------------+-------------------+
| Number of cases (train) | 560               |
+-------------------------+-------------------+
| Test sample size        | 1378              |
+-------------------------+-------------------+
| Number of cases (test)  | 69                |
+-------------------------+-------------------+
| Test C-index            | 0.655590079981587 |
+-------------------------+-------------------+
| Time taken (seconds)    | 10.62             |
+-------------------------+-------------------+
2025-02-12 22:29:59,750 - INFO - 
+-------------------------+--------------------+
| Metric                  | Value              |
+=========================+====================+
| Outcome                 | Vein thrombosis    |
+-------------------------+--------------------+
| Fold                    | 7                  |
+-------------------------+--------------------+
| Train sample size       | 11276              |
+-------------------------+--------------------+
| Number of cases (train) | 558                |
+-------------------------+--------------------+
| Test sample size        | 1390               |
+-------------------------+--------------------+
| Number of cases (test)  | 62                 |
+-------------------------+--------------------+
| Test C-index            | 0.5473278985507246 |
+-------------------------+--------------------+
| Time taken (seconds)    | 10.70              |
+-------------------------+--------------------+
2025-02-12 22:29:59,796 - INFO - 
+-------------------------+--------------------+
| Metric                  | Value              |
+=========================+====================+
| Outcome                 | Vein thrombosis    |
+-------------------------+--------------------+
| Fold                    | 9                  |
+-------------------------+--------------------+
| Train sample size       | 11264              |
+-------------------------+--------------------+
| Number of cases (train) | 555                |
+-------------------------+--------------------+
| Test sample size        | 1428               |
+-------------------------+--------------------+
| Number of cases (test)  | 63                 |
+-------------------------+--------------------+
| Test C-index            | 0.6315336939777165 |
+-------------------------+--------------------+
| Time taken (seconds)    | 10.51              |
+-------------------------+--------------------+
2025-02-12 22:29:59,817 - INFO - 
+-------------------------+--------------------+
| Metric                  | Value              |
+=========================+====================+
| Outcome                 | Vein thrombosis    |
+-------------------------+--------------------+
| Fold                    | 8                  |
+-------------------------+--------------------+
| Train sample size       | 11261              |
+-------------------------+--------------------+
| Number of cases (train) | 533                |
+-------------------------+--------------------+
| Test sample size        | 1395               |
+-------------------------+--------------------+
| Number of cases (test)  | 87                 |
+-------------------------+--------------------+
| Test C-index            | 0.6679158064805673 |
+-------------------------+--------------------+
| Time taken (seconds)    | 10.67              |
+-------------------------+--------------------+
2025-02-12 22:30:07,499 - INFO - 
+-------------------------+----------------------+
| Metric                  | Value                |
+=========================+======================+
| Outcome                 | Cardiovascular death |
+-------------------------+----------------------+
| Fold                    | 1                    |
+-------------------------+----------------------+
| Train sample size       | 11257                |
+-------------------------+----------------------+
| Number of cases (train) | 457                  |
+-------------------------+----------------------+
| Test sample size        | 1377                 |
+-------------------------+----------------------+
| Number of cases (test)  | 64                   |
+-------------------------+----------------------+
| Test C-index            | 0.7092096082926342   |
+-------------------------+----------------------+
| Time taken (seconds)    | 9.03                 |
+-------------------------+----------------------+
2025-02-12 22:30:07,536 - INFO - 
+-------------------------+----------------------+
| Metric                  | Value                |
+=========================+======================+
| Outcome                 | Cardiovascular death |
+-------------------------+----------------------+
| Fold                    | 0                    |
+-------------------------+----------------------+
| Train sample size       | 11288                |
+-------------------------+----------------------+
| Number of cases (train) | 463                  |
+-------------------------+----------------------+
| Test sample size        | 1391                 |
+-------------------------+----------------------+
| Number of cases (test)  | 59                   |
+-------------------------+----------------------+
| Test C-index            | 0.8223532856485548   |
+-------------------------+----------------------+
| Time taken (seconds)    | 9.21                 |
+-------------------------+----------------------+
2025-02-12 22:30:07,702 - INFO - 
+-------------------------+----------------------+
| Metric                  | Value                |
+=========================+======================+
| Outcome                 | Cardiovascular death |
+-------------------------+----------------------+
| Fold                    | 3                    |
+-------------------------+----------------------+
| Train sample size       | 11290                |
+-------------------------+----------------------+
| Number of cases (train) | 465                  |
+-------------------------+----------------------+
| Test sample size        | 1389                 |
+-------------------------+----------------------+
| Number of cases (test)  | 50                   |
+-------------------------+----------------------+
| Test C-index            | 0.9021281860925514   |
+-------------------------+----------------------+
| Time taken (seconds)    | 8.98                 |
+-------------------------+----------------------+
2025-02-12 22:30:08,019 - INFO - 
+-------------------------+----------------------+
| Metric                  | Value                |
+=========================+======================+
| Outcome                 | Cardiovascular death |
+-------------------------+----------------------+
| Fold                    | 2                    |
+-------------------------+----------------------+
| Train sample size       | 11280                |
+-------------------------+----------------------+
| Number of cases (train) | 442                  |
+-------------------------+----------------------+
| Test sample size        | 1378                 |
+-------------------------+----------------------+
| Number of cases (test)  | 67                   |
+-------------------------+----------------------+
| Test C-index            | 0.7807994930559223   |
+-------------------------+----------------------+
| Time taken (seconds)    | 9.50                 |
+-------------------------+----------------------+
2025-02-12 22:30:08,096 - INFO - 
+-------------------------+----------------------+
| Metric                  | Value                |
+=========================+======================+
| Outcome                 | Cardiovascular death |
+-------------------------+----------------------+
| Fold                    | 4                    |
+-------------------------+----------------------+
| Train sample size       | 11267                |
+-------------------------+----------------------+
| Number of cases (train) | 456                  |
+-------------------------+----------------------+
| Test sample size        | 1419                 |
+-------------------------+----------------------+
| Number of cases (test)  | 55                   |
+-------------------------+----------------------+
| Test C-index            | 0.7787002870028701   |
+-------------------------+----------------------+
| Time taken (seconds)    | 9.33                 |
+-------------------------+----------------------+
2025-02-12 22:30:08,326 - INFO - 
+-------------------------+----------------------+
| Metric                  | Value                |
+=========================+======================+
| Outcome                 | Cardiovascular death |
+-------------------------+----------------------+
| Fold                    | 9                    |
+-------------------------+----------------------+
| Train sample size       | 11264                |
+-------------------------+----------------------+
| Number of cases (train) | 465                  |
+-------------------------+----------------------+
| Test sample size        | 1428                 |
+-------------------------+----------------------+
| Number of cases (test)  | 45                   |
+-------------------------+----------------------+
| Test C-index            | 0.7649092480553155   |
+-------------------------+----------------------+
| Time taken (seconds)    | 9.14                 |
+-------------------------+----------------------+
2025-02-12 22:30:08,504 - INFO - 
+-------------------------+----------------------+
| Metric                  | Value                |
+=========================+======================+
| Outcome                 | Cardiovascular death |
+-------------------------+----------------------+
| Fold                    | 5                    |
+-------------------------+----------------------+
| Train sample size       | 11277                |
+-------------------------+----------------------+
| Number of cases (train) | 465                  |
+-------------------------+----------------------+
| Test sample size        | 1378                 |
+-------------------------+----------------------+
| Number of cases (test)  | 56                   |
+-------------------------+----------------------+
| Test C-index            | 0.7846229669788073   |
+-------------------------+----------------------+
| Time taken (seconds)    | 9.58                 |
+-------------------------+----------------------+
2025-02-12 22:30:08,542 - INFO - 
+-------------------------+----------------------+
| Metric                  | Value                |
+=========================+======================+
| Outcome                 | Cardiovascular death |
+-------------------------+----------------------+
| Fold                    | 7                    |
+-------------------------+----------------------+
| Train sample size       | 11276                |
+-------------------------+----------------------+
| Number of cases (train) | 467                  |
+-------------------------+----------------------+
| Test sample size        | 1390                 |
+-------------------------+----------------------+
| Number of cases (test)  | 55                   |
+-------------------------+----------------------+
| Test C-index            | 0.7341577024898629   |
+-------------------------+----------------------+
| Time taken (seconds)    | 9.51                 |
+-------------------------+----------------------+
2025-02-12 22:30:08,697 - INFO - 
+-------------------------+----------------------+
| Metric                  | Value                |
+=========================+======================+
| Outcome                 | Cardiovascular death |
+-------------------------+----------------------+
| Fold                    | 8                    |
+-------------------------+----------------------+
| Train sample size       | 11261                |
+-------------------------+----------------------+
| Number of cases (train) | 447                  |
+-------------------------+----------------------+
| Test sample size        | 1395                 |
+-------------------------+----------------------+
| Number of cases (test)  | 61                   |
+-------------------------+----------------------+
| Test C-index            | 0.8355516250276365   |
+-------------------------+----------------------+
| Time taken (seconds)    | 9.53                 |
+-------------------------+----------------------+
2025-02-12 22:30:08,773 - INFO - 
+-------------------------+----------------------+
| Metric                  | Value                |
+=========================+======================+
| Outcome                 | Cardiovascular death |
+-------------------------+----------------------+
| Fold                    | 6                    |
+-------------------------+----------------------+
| Train sample size       | 11289                |
+-------------------------+----------------------+
| Number of cases (train) | 458                  |
+-------------------------+----------------------+
| Test sample size        | 1392                 |
+-------------------------+----------------------+
| Number of cases (test)  | 51                   |
+-------------------------+----------------------+
| Test C-index            | 0.7451715191697896   |
+-------------------------+----------------------+
| Time taken (seconds)    | 9.84                 |
+-------------------------+----------------------+
2025-02-12 22:30:08,818 - INFO - Nested cross validation for CoxPH models completed in 62.35 seconds.

