2025-02-12 23:39:52,526 - INFO - Predictor set: ['PANEL', 'Metabolomics', 'Proteomics']
2025-02-12 23:39:52,526 - INFO - Nested cross validation for CoxPH models.
2025-02-12 23:40:03,316 - INFO - 
+-------------------------+--------------------+
| Metric                  | Value              |
+=========================+====================+
| Outcome                 | Stroke             |
+-------------------------+--------------------+
| Fold                    | 0                  |
+-------------------------+--------------------+
| Train sample size       | 8401               |
+-------------------------+--------------------+
| Number of cases (train) | 465                |
+-------------------------+--------------------+
| Test sample size        | 1040               |
+-------------------------+--------------------+
| Number of cases (test)  | 61                 |
+-------------------------+--------------------+
| Test C-index            | 0.6678496868475992 |
+-------------------------+--------------------+
| Time taken (seconds)    | 10.73              |
+-------------------------+--------------------+
2025-02-12 23:40:03,458 - INFO - 
+-------------------------+--------------------+
| Metric                  | Value              |
+=========================+====================+
| Outcome                 | Stroke             |
+-------------------------+--------------------+
| Fold                    | 3                  |
+-------------------------+--------------------+
| Train sample size       | 8399               |
+-------------------------+--------------------+
| Number of cases (train) | 476                |
+-------------------------+--------------------+
| Test sample size        | 1042               |
+-------------------------+--------------------+
| Number of cases (test)  | 49                 |
+-------------------------+--------------------+
| Test C-index            | 0.6390898567501085 |
+-------------------------+--------------------+
| Time taken (seconds)    | 10.87              |
+-------------------------+--------------------+
2025-02-12 23:40:03,591 - INFO - 
+-------------------------+--------------------+
| Metric                  | Value              |
+=========================+====================+
| Outcome                 | Stroke             |
+-------------------------+--------------------+
| Fold                    | 2                  |
+-------------------------+--------------------+
| Train sample size       | 8409               |
+-------------------------+--------------------+
| Number of cases (train) | 463                |
+-------------------------+--------------------+
| Test sample size        | 1053               |
+-------------------------+--------------------+
| Number of cases (test)  | 65                 |
+-------------------------+--------------------+
| Test C-index            | 0.6483993008694883 |
+-------------------------+--------------------+
| Time taken (seconds)    | 11.00              |
+-------------------------+--------------------+
2025-02-12 23:40:03,593 - INFO - 
+-------------------------+--------------------------+
| Metric                  | Value                    |
+=========================+==========================+
| Outcome                 | Coronary artery diseases |
+-------------------------+--------------------------+
| Fold                    | 4                        |
+-------------------------+--------------------------+
| Train sample size       | 8422                     |
+-------------------------+--------------------------+
| Number of cases (train) | 1489                     |
+-------------------------+--------------------------+
| Test sample size        | 1012                     |
+-------------------------+--------------------------+
| Number of cases (test)  | 165                      |
+-------------------------+--------------------------+
| Test C-index            | 0.7056085488576392       |
+-------------------------+--------------------------+
| Time taken (seconds)    | 11.01                    |
+-------------------------+--------------------------+
2025-02-12 23:40:03,618 - INFO - 
+-------------------------+--------------------+
| Metric                  | Value              |
+=========================+====================+
| Outcome                 | Stroke             |
+-------------------------+--------------------+
| Fold                    | 4                  |
+-------------------------+--------------------+
| Train sample size       | 8422               |
+-------------------------+--------------------+
| Number of cases (train) | 465                |
+-------------------------+--------------------+
| Test sample size        | 1012               |
+-------------------------+--------------------+
| Number of cases (test)  | 60                 |
+-------------------------+--------------------+
| Test C-index            | 0.6987380672159016 |
+-------------------------+--------------------+
| Time taken (seconds)    | 11.03              |
+-------------------------+--------------------+
2025-02-12 23:40:03,728 - INFO - 
+-------------------------+--------------------+
| Metric                  | Value              |
+=========================+====================+
| Outcome                 | Stroke             |
+-------------------------+--------------------+
| Fold                    | 5                  |
+-------------------------+--------------------+
| Train sample size       | 8412               |
+-------------------------+--------------------+
| Number of cases (train) | 464                |
+-------------------------+--------------------+
| Test sample size        | 1053               |
+-------------------------+--------------------+
| Number of cases (test)  | 68                 |
+-------------------------+--------------------+
| Test C-index            | 0.6647338836278929 |
+-------------------------+--------------------+
| Time taken (seconds)    | 11.14              |
+-------------------------+--------------------+
2025-02-12 23:40:03,733 - INFO - 
+-------------------------+--------------------------+
| Metric                  | Value                    |
+=========================+==========================+
| Outcome                 | Coronary artery diseases |
+-------------------------+--------------------------+
| Fold                    | 3                        |
+-------------------------+--------------------------+
| Train sample size       | 8399                     |
+-------------------------+--------------------------+
| Number of cases (train) | 1444                     |
+-------------------------+--------------------------+
| Test sample size        | 1042                     |
+-------------------------+--------------------------+
| Number of cases (test)  | 180                      |
+-------------------------+--------------------------+
| Test C-index            | 0.6800777884869628       |
+-------------------------+--------------------------+
| Time taken (seconds)    | 11.15                    |
+-------------------------+--------------------------+
2025-02-12 23:40:03,764 - INFO - 
+-------------------------+--------------------------+
| Metric                  | Value                    |
+=========================+==========================+
| Outcome                 | Coronary artery diseases |
+-------------------------+--------------------------+
| Fold                    | 2                        |
+-------------------------+--------------------------+
| Train sample size       | 8409                     |
+-------------------------+--------------------------+
| Number of cases (train) | 1464                     |
+-------------------------+--------------------------+
| Test sample size        | 1053                     |
+-------------------------+--------------------------+
| Number of cases (test)  | 183                      |
+-------------------------+--------------------------+
| Test C-index            | 0.6594200238597779       |
+-------------------------+--------------------------+
| Time taken (seconds)    | 11.18                    |
+-------------------------+--------------------------+
2025-02-12 23:40:03,834 - INFO - 
+-------------------------+--------------------------+
| Metric                  | Value                    |
+=========================+==========================+
| Outcome                 | Coronary artery diseases |
+-------------------------+--------------------------+
| Fold                    | 7                        |
+-------------------------+--------------------------+
| Train sample size       | 8413                     |
+-------------------------+--------------------------+
| Number of cases (train) | 1454                     |
+-------------------------+--------------------------+
| Test sample size        | 1041                     |
+-------------------------+--------------------------+
| Number of cases (test)  | 180                      |
+-------------------------+--------------------------+
| Test C-index            | 0.6783716151608243       |
+-------------------------+--------------------------+
| Time taken (seconds)    | 11.25                    |
+-------------------------+--------------------------+
2025-02-12 23:40:03,909 - INFO - 
+-------------------------+--------------------+
| Metric                  | Value              |
+=========================+====================+
| Outcome                 | Stroke             |
+-------------------------+--------------------+
| Fold                    | 1                  |
+-------------------------+--------------------+
| Train sample size       | 8432               |
+-------------------------+--------------------+
| Number of cases (train) | 494                |
+-------------------------+--------------------+
| Test sample size        | 1054               |
+-------------------------+--------------------+
| Number of cases (test)  | 49                 |
+-------------------------+--------------------+
| Test C-index            | 0.6729559748427674 |
+-------------------------+--------------------+
| Time taken (seconds)    | 11.32              |
+-------------------------+--------------------+
2025-02-12 23:40:03,966 - INFO - 
+-------------------------+--------------------------+
| Metric                  | Value                    |
+=========================+==========================+
| Outcome                 | Coronary artery diseases |
+-------------------------+--------------------------+
| Fold                    | 1                        |
+-------------------------+--------------------------+
| Train sample size       | 8432                     |
+-------------------------+--------------------------+
| Number of cases (train) | 1446                     |
+-------------------------+--------------------------+
| Test sample size        | 1054                     |
+-------------------------+--------------------------+
| Number of cases (test)  | 181                      |
+-------------------------+--------------------------+
| Test C-index            | 0.6786348537409019       |
+-------------------------+--------------------------+
| Time taken (seconds)    | 11.38                    |
+-------------------------+--------------------------+
2025-02-12 23:40:03,996 - INFO - 
+-------------------------+--------------------------+
| Metric                  | Value                    |
+=========================+==========================+
| Outcome                 | Coronary artery diseases |
+-------------------------+--------------------------+
| Fold                    | 5                        |
+-------------------------+--------------------------+
| Train sample size       | 8412                     |
+-------------------------+--------------------------+
| Number of cases (train) | 1471                     |
+-------------------------+--------------------------+
| Test sample size        | 1053                     |
+-------------------------+--------------------------+
| Number of cases (test)  | 167                      |
+-------------------------+--------------------------+
| Test C-index            | 0.6399366600349181       |
+-------------------------+--------------------------+
| Time taken (seconds)    | 11.41                    |
+-------------------------+--------------------------+
2025-02-12 23:40:04,006 - INFO - 
+-------------------------+--------------------------+
| Metric                  | Value                    |
+=========================+==========================+
| Outcome                 | Coronary artery diseases |
+-------------------------+--------------------------+
| Fold                    | 0                        |
+-------------------------+--------------------------+
| Train sample size       | 8401                     |
+-------------------------+--------------------------+
| Number of cases (train) | 1464                     |
+-------------------------+--------------------------+
| Test sample size        | 1040                     |
+-------------------------+--------------------------+
| Number of cases (test)  | 181                      |
+-------------------------+--------------------------+
| Test C-index            | 0.6840329540996469       |
+-------------------------+--------------------------+
| Time taken (seconds)    | 11.43                    |
+-------------------------+--------------------------+
2025-02-12 23:40:04,168 - INFO - 
+-------------------------+--------------------------+
| Metric                  | Value                    |
+=========================+==========================+
| Outcome                 | Coronary artery diseases |
+-------------------------+--------------------------+
| Fold                    | 8                        |
+-------------------------+--------------------------+
| Train sample size       | 8429                     |
+-------------------------+--------------------------+
| Number of cases (train) | 1452                     |
+-------------------------+--------------------------+
| Test sample size        | 1035                     |
+-------------------------+--------------------------+
| Number of cases (test)  | 178                      |
+-------------------------+--------------------------+
| Test C-index            | 0.6992078720787207       |
+-------------------------+--------------------------+
| Time taken (seconds)    | 11.58                    |
+-------------------------+--------------------------+
2025-02-12 23:40:04,182 - INFO - 
+-------------------------+--------------------------+
| Metric                  | Value                    |
+=========================+==========================+
| Outcome                 | Coronary artery diseases |
+-------------------------+--------------------------+
| Fold                    | 9                        |
+-------------------------+--------------------------+
| Train sample size       | 8426                     |
+-------------------------+--------------------------+
| Number of cases (train) | 1431                     |
+-------------------------+--------------------------+
| Test sample size        | 1002                     |
+-------------------------+--------------------------+
| Number of cases (test)  | 185                      |
+-------------------------+--------------------------+
| Test C-index            | 0.6991466004246965       |
+-------------------------+--------------------------+
| Time taken (seconds)    | 11.60                    |
+-------------------------+--------------------------+
2025-02-12 23:40:04,535 - INFO - 
+-------------------------+--------------------------+
| Metric                  | Value                    |
+=========================+==========================+
| Outcome                 | Coronary artery diseases |
+-------------------------+--------------------------+
| Fold                    | 6                        |
+-------------------------+--------------------------+
| Train sample size       | 8400                     |
+-------------------------+--------------------------+
| Number of cases (train) | 1431                     |
+-------------------------+--------------------------+
| Test sample size        | 1039                     |
+-------------------------+--------------------------+
| Number of cases (test)  | 194                      |
+-------------------------+--------------------------+
| Test C-index            | 0.6618204287103252       |
+-------------------------+--------------------------+
| Time taken (seconds)    | 11.95                    |
+-------------------------+--------------------------+
2025-02-12 23:40:14,687 - INFO - 
+-------------------------+--------------------+
| Metric                  | Value              |
+=========================+====================+
| Outcome                 | Stroke             |
+-------------------------+--------------------+
| Fold                    | 6                  |
+-------------------------+--------------------+
| Train sample size       | 8400               |
+-------------------------+--------------------+
| Number of cases (train) | 489                |
+-------------------------+--------------------+
| Test sample size        | 1039               |
+-------------------------+--------------------+
| Number of cases (test)  | 56                 |
+-------------------------+--------------------+
| Test C-index            | 0.6649222187077666 |
+-------------------------+--------------------+
| Time taken (seconds)    | 11.37              |
+-------------------------+--------------------+
2025-02-12 23:40:14,706 - INFO - 
+-------------------------+--------------------+
| Metric                  | Value              |
+=========================+====================+
| Outcome                 | Heart failure      |
+-------------------------+--------------------+
| Fold                    | 0                  |
+-------------------------+--------------------+
| Train sample size       | 8401               |
+-------------------------+--------------------+
| Number of cases (train) | 654                |
+-------------------------+--------------------+
| Test sample size        | 1040               |
+-------------------------+--------------------+
| Number of cases (test)  | 78                 |
+-------------------------+--------------------+
| Test C-index            | 0.7588444813495618 |
+-------------------------+--------------------+
| Time taken (seconds)    | 11.08              |
+-------------------------+--------------------+
2025-02-12 23:40:14,786 - INFO - 
+-------------------------+--------------------+
| Metric                  | Value              |
+=========================+====================+
| Outcome                 | Stroke             |
+-------------------------+--------------------+
| Fold                    | 7                  |
+-------------------------+--------------------+
| Train sample size       | 8413               |
+-------------------------+--------------------+
| Number of cases (train) | 478                |
+-------------------------+--------------------+
| Test sample size        | 1041               |
+-------------------------+--------------------+
| Number of cases (test)  | 57                 |
+-------------------------+--------------------+
| Test C-index            | 0.6711776461101567 |
+-------------------------+--------------------+
| Time taken (seconds)    | 11.32              |
+-------------------------+--------------------+
2025-02-12 23:40:14,791 - INFO - 
+-------------------------+--------------------+
| Metric                  | Value              |
+=========================+====================+
| Outcome                 | Stroke             |
+-------------------------+--------------------+
| Fold                    | 8                  |
+-------------------------+--------------------+
| Train sample size       | 8429               |
+-------------------------+--------------------+
| Number of cases (train) | 465                |
+-------------------------+--------------------+
| Test sample size        | 1035               |
+-------------------------+--------------------+
| Number of cases (test)  | 60                 |
+-------------------------+--------------------+
| Test C-index            | 0.6341770525504304 |
+-------------------------+--------------------+
| Time taken (seconds)    | 11.20              |
+-------------------------+--------------------+
2025-02-12 23:40:14,861 - INFO - 
+-------------------------+--------------------+
| Metric                  | Value              |
+=========================+====================+
| Outcome                 | Heart failure      |
+-------------------------+--------------------+
| Fold                    | 1                  |
+-------------------------+--------------------+
| Train sample size       | 8432               |
+-------------------------+--------------------+
| Number of cases (train) | 658                |
+-------------------------+--------------------+
| Test sample size        | 1054               |
+-------------------------+--------------------+
| Number of cases (test)  | 77                 |
+-------------------------+--------------------+
| Test C-index            | 0.7437132359939844 |
+-------------------------+--------------------+
| Time taken (seconds)    | 11.12              |
+-------------------------+--------------------+
2025-02-12 23:40:14,973 - INFO - 
+-------------------------+--------------------+
| Metric                  | Value              |
+=========================+====================+
| Outcome                 | Heart failure      |
+-------------------------+--------------------+
| Fold                    | 2                  |
+-------------------------+--------------------+
| Train sample size       | 8409               |
+-------------------------+--------------------+
| Number of cases (train) | 630                |
+-------------------------+--------------------+
| Test sample size        | 1053               |
+-------------------------+--------------------+
| Number of cases (test)  | 99                 |
+-------------------------+--------------------+
| Test C-index            | 0.7490097560223787 |
+-------------------------+--------------------+
| Time taken (seconds)    | 11.24              |
+-------------------------+--------------------+
2025-02-12 23:40:15,073 - INFO - 
+-------------------------+--------------------+
| Metric                  | Value              |
+=========================+====================+
| Outcome                 | Stroke             |
+-------------------------+--------------------+
| Fold                    | 9                  |
+-------------------------+--------------------+
| Train sample size       | 8426               |
+-------------------------+--------------------+
| Number of cases (train) | 475                |
+-------------------------+--------------------+
| Test sample size        | 1002               |
+-------------------------+--------------------+
| Number of cases (test)  | 58                 |
+-------------------------+--------------------+
| Test C-index            | 0.6693877551020408 |
+-------------------------+--------------------+
| Time taken (seconds)    | 11.48              |
+-------------------------+--------------------+
2025-02-12 23:40:15,198 - INFO - 
+-------------------------+--------------------+
| Metric                  | Value              |
+=========================+====================+
| Outcome                 | Heart failure      |
+-------------------------+--------------------+
| Fold                    | 8                  |
+-------------------------+--------------------+
| Train sample size       | 8429               |
+-------------------------+--------------------+
| Number of cases (train) | 618                |
+-------------------------+--------------------+
| Test sample size        | 1035               |
+-------------------------+--------------------+
| Number of cases (test)  | 96                 |
+-------------------------+--------------------+
| Test C-index            | 0.7872082222155634 |
+-------------------------+--------------------+
| Time taken (seconds)    | 11.19              |
+-------------------------+--------------------+
2025-02-12 23:40:15,233 - INFO - 
+-------------------------+--------------------+
| Metric                  | Value              |
+=========================+====================+
| Outcome                 | Heart failure      |
+-------------------------+--------------------+
| Fold                    | 3                  |
+-------------------------+--------------------+
| Train sample size       | 8399               |
+-------------------------+--------------------+
| Number of cases (train) | 641                |
+-------------------------+--------------------+
| Test sample size        | 1042               |
+-------------------------+--------------------+
| Number of cases (test)  | 80                 |
+-------------------------+--------------------+
| Test C-index            | 0.7470538720538721 |
+-------------------------+--------------------+
| Time taken (seconds)    | 11.46              |
+-------------------------+--------------------+
2025-02-12 23:40:15,282 - INFO - 
+-------------------------+--------------------+
| Metric                  | Value              |
+=========================+====================+
| Outcome                 | Heart failure      |
+-------------------------+--------------------+
| Fold                    | 5                  |
+-------------------------+--------------------+
| Train sample size       | 8412               |
+-------------------------+--------------------+
| Number of cases (train) | 661                |
+-------------------------+--------------------+
| Test sample size        | 1053               |
+-------------------------+--------------------+
| Number of cases (test)  | 77                 |
+-------------------------+--------------------+
| Test C-index            | 0.7096408240990215 |
+-------------------------+--------------------+
| Time taken (seconds)    | 11.35              |
+-------------------------+--------------------+
2025-02-12 23:40:15,289 - INFO - 
+-------------------------+--------------------+
| Metric                  | Value              |
+=========================+====================+
| Outcome                 | Heart failure      |
+-------------------------+--------------------+
| Fold                    | 4                  |
+-------------------------+--------------------+
| Train sample size       | 8422               |
+-------------------------+--------------------+
| Number of cases (train) | 662                |
+-------------------------+--------------------+
| Test sample size        | 1012               |
+-------------------------+--------------------+
| Number of cases (test)  | 70                 |
+-------------------------+--------------------+
| Test C-index            | 0.7727783763526491 |
+-------------------------+--------------------+
| Time taken (seconds)    | 11.45              |
+-------------------------+--------------------+
2025-02-12 23:40:15,449 - INFO - 
+-------------------------+--------------------+
| Metric                  | Value              |
+=========================+====================+
| Outcome                 | Heart failure      |
+-------------------------+--------------------+
| Fold                    | 7                  |
+-------------------------+--------------------+
| Train sample size       | 8413               |
+-------------------------+--------------------+
| Number of cases (train) | 679                |
+-------------------------+--------------------+
| Test sample size        | 1041               |
+-------------------------+--------------------+
| Number of cases (test)  | 58                 |
+-------------------------+--------------------+
| Test C-index            | 0.7499669268421749 |
+-------------------------+--------------------+
| Time taken (seconds)    | 11.44              |
+-------------------------+--------------------+
2025-02-12 23:40:15,513 - INFO - 
+-------------------------+---------------------+
| Metric                  | Value               |
+=========================+=====================+
| Outcome                 | Atrial fibrillation |
+-------------------------+---------------------+
| Fold                    | 0                   |
+-------------------------+---------------------+
| Train sample size       | 8401                |
+-------------------------+---------------------+
| Number of cases (train) | 1238                |
+-------------------------+---------------------+
| Test sample size        | 1040                |
+-------------------------+---------------------+
| Number of cases (test)  | 155                 |
+-------------------------+---------------------+
| Test C-index            | 0.6670443265789026  |
+-------------------------+---------------------+
| Time taken (seconds)    | 11.33               |
+-------------------------+---------------------+
2025-02-12 23:40:15,515 - INFO - 
+-------------------------+-------------------+
| Metric                  | Value             |
+=========================+===================+
| Outcome                 | Heart failure     |
+-------------------------+-------------------+
| Fold                    | 6                 |
+-------------------------+-------------------+
| Train sample size       | 8400              |
+-------------------------+-------------------+
| Number of cases (train) | 634               |
+-------------------------+-------------------+
| Test sample size        | 1039              |
+-------------------------+-------------------+
| Number of cases (test)  | 85                |
+-------------------------+-------------------+
| Test C-index            | 0.796837131449096 |
+-------------------------+-------------------+
| Time taken (seconds)    | 11.54             |
+-------------------------+-------------------+
2025-02-12 23:40:15,729 - INFO - 
+-------------------------+--------------------+
| Metric                  | Value              |
+=========================+====================+
| Outcome                 | Heart failure      |
+-------------------------+--------------------+
| Fold                    | 9                  |
+-------------------------+--------------------+
| Train sample size       | 8426               |
+-------------------------+--------------------+
| Number of cases (train) | 638                |
+-------------------------+--------------------+
| Test sample size        | 1002               |
+-------------------------+--------------------+
| Number of cases (test)  | 79                 |
+-------------------------+--------------------+
| Test C-index            | 0.7393745959922431 |
+-------------------------+--------------------+
| Time taken (seconds)    | 11.56              |
+-------------------------+--------------------+
2025-02-12 23:40:16,120 - INFO - 
+-------------------------+---------------------+
| Metric                  | Value               |
+=========================+=====================+
| Outcome                 | Atrial fibrillation |
+-------------------------+---------------------+
| Fold                    | 1                   |
+-------------------------+---------------------+
| Train sample size       | 8432                |
+-------------------------+---------------------+
| Number of cases (train) | 1255                |
+-------------------------+---------------------+
| Test sample size        | 1054                |
+-------------------------+---------------------+
| Number of cases (test)  | 143                 |
+-------------------------+---------------------+
| Test C-index            | 0.7158730158730159  |
+-------------------------+---------------------+
| Time taken (seconds)    | 11.58               |
+-------------------------+---------------------+
2025-02-12 23:40:25,568 - INFO - 
+-------------------------+---------------------+
| Metric                  | Value               |
+=========================+=====================+
| Outcome                 | Atrial fibrillation |
+-------------------------+---------------------+
| Fold                    | 3                   |
+-------------------------+---------------------+
| Train sample size       | 8399                |
+-------------------------+---------------------+
| Number of cases (train) | 1210                |
+-------------------------+---------------------+
| Test sample size        | 1042                |
+-------------------------+---------------------+
| Number of cases (test)  | 150                 |
+-------------------------+---------------------+
| Test C-index            | 0.6748803563724655  |
+-------------------------+---------------------+
| Time taken (seconds)    | 10.86               |
+-------------------------+---------------------+
2025-02-12 23:40:25,793 - INFO - 
+-------------------------+---------------------+
| Metric                  | Value               |
+=========================+=====================+
| Outcome                 | Atrial fibrillation |
+-------------------------+---------------------+
| Fold                    | 2                   |
+-------------------------+---------------------+
| Train sample size       | 8409                |
+-------------------------+---------------------+
| Number of cases (train) | 1245                |
+-------------------------+---------------------+
| Test sample size        | 1053                |
+-------------------------+---------------------+
| Number of cases (test)  | 157                 |
+-------------------------+---------------------+
| Test C-index            | 0.7087323311257134  |
+-------------------------+---------------------+
| Time taken (seconds)    | 11.10               |
+-------------------------+---------------------+
2025-02-12 23:40:26,017 - INFO - 
+-------------------------+-------------------------+
| Metric                  | Value                   |
+=========================+=========================+
| Outcome                 | Ventricular arrhythmias |
+-------------------------+-------------------------+
| Fold                    | 3                       |
+-------------------------+-------------------------+
| Train sample size       | 8399                    |
+-------------------------+-------------------------+
| Number of cases (train) | 187                     |
+-------------------------+-------------------------+
| Test sample size        | 1042                    |
+-------------------------+-------------------------+
| Number of cases (test)  | 20                      |
+-------------------------+-------------------------+
| Test C-index            | 0.70225855385134        |
+-------------------------+-------------------------+
| Time taken (seconds)    | 10.56                   |
+-------------------------+-------------------------+
2025-02-12 23:40:26,074 - INFO - 
+-------------------------+-------------------------+
| Metric                  | Value                   |
+=========================+=========================+
| Outcome                 | Ventricular arrhythmias |
+-------------------------+-------------------------+
| Fold                    | 2                       |
+-------------------------+-------------------------+
| Train sample size       | 8409                    |
+-------------------------+-------------------------+
| Number of cases (train) | 187                     |
+-------------------------+-------------------------+
| Test sample size        | 1053                    |
+-------------------------+-------------------------+
| Number of cases (test)  | 22                      |
+-------------------------+-------------------------+
| Test C-index            | 0.6227344365642238      |
+-------------------------+-------------------------+
| Time taken (seconds)    | 10.78                   |
+-------------------------+-------------------------+
2025-02-12 23:40:26,084 - INFO - 
+-------------------------+---------------------+
| Metric                  | Value               |
+=========================+=====================+
| Outcome                 | Atrial fibrillation |
+-------------------------+---------------------+
| Fold                    | 6                   |
+-------------------------+---------------------+
| Train sample size       | 8400                |
+-------------------------+---------------------+
| Number of cases (train) | 1249                |
+-------------------------+---------------------+
| Test sample size        | 1039                |
+-------------------------+---------------------+
| Number of cases (test)  | 153                 |
+-------------------------+---------------------+
| Test C-index            | 0.6830642095363868  |
+-------------------------+---------------------+
| Time taken (seconds)    | 11.22               |
+-------------------------+---------------------+
2025-02-12 23:40:26,125 - INFO - 
+-------------------------+---------------------+
| Metric                  | Value               |
+=========================+=====================+
| Outcome                 | Atrial fibrillation |
+-------------------------+---------------------+
| Fold                    | 8                   |
+-------------------------+---------------------+
| Train sample size       | 8429                |
+-------------------------+---------------------+
| Number of cases (train) | 1229                |
+-------------------------+---------------------+
| Test sample size        | 1035                |
+-------------------------+---------------------+
| Number of cases (test)  | 157                 |
+-------------------------+---------------------+
| Test C-index            | 0.740468592952565   |
+-------------------------+---------------------+
| Time taken (seconds)    | 11.05               |
+-------------------------+---------------------+
2025-02-12 23:40:26,145 - INFO - 
+-------------------------+-------------------------+
| Metric                  | Value                   |
+=========================+=========================+
| Outcome                 | Ventricular arrhythmias |
+-------------------------+-------------------------+
| Fold                    | 0                       |
+-------------------------+-------------------------+
| Train sample size       | 8401                    |
+-------------------------+-------------------------+
| Number of cases (train) | 190                     |
+-------------------------+-------------------------+
| Test sample size        | 1040                    |
+-------------------------+-------------------------+
| Number of cases (test)  | 26                      |
+-------------------------+-------------------------+
| Test C-index            | 0.7840931010094516      |
+-------------------------+-------------------------+
| Time taken (seconds)    | 10.91                   |
+-------------------------+-------------------------+
2025-02-12 23:40:26,229 - INFO - 
+-------------------------+-------------------------+
| Metric                  | Value                   |
+=========================+=========================+
| Outcome                 | Ventricular arrhythmias |
+-------------------------+-------------------------+
| Fold                    | 4                       |
+-------------------------+-------------------------+
| Train sample size       | 8422                    |
+-------------------------+-------------------------+
| Number of cases (train) | 190                     |
+-------------------------+-------------------------+
| Test sample size        | 1012                    |
+-------------------------+-------------------------+
| Number of cases (test)  | 23                      |
+-------------------------+-------------------------+
| Test C-index            | 0.798592225243961       |
+-------------------------+-------------------------+
| Time taken (seconds)    | 10.71                   |
+-------------------------+-------------------------+
2025-02-12 23:40:26,271 - INFO - 
+-------------------------+---------------------+
| Metric                  | Value               |
+=========================+=====================+
| Outcome                 | Atrial fibrillation |
+-------------------------+---------------------+
| Fold                    | 5                   |
+-------------------------+---------------------+
| Train sample size       | 8412                |
+-------------------------+---------------------+
| Number of cases (train) | 1230                |
+-------------------------+---------------------+
| Test sample size        | 1053                |
+-------------------------+---------------------+
| Number of cases (test)  | 177                 |
+-------------------------+---------------------+
| Test C-index            | 0.6919418521177315  |
+-------------------------+---------------------+
| Time taken (seconds)    | 11.48               |
+-------------------------+---------------------+
2025-02-12 23:40:26,279 - INFO - 
+-------------------------+---------------------+
| Metric                  | Value               |
+=========================+=====================+
| Outcome                 | Atrial fibrillation |
+-------------------------+---------------------+
| Fold                    | 4                   |
+-------------------------+---------------------+
| Train sample size       | 8422                |
+-------------------------+---------------------+
| Number of cases (train) | 1242                |
+-------------------------+---------------------+
| Test sample size        | 1012                |
+-------------------------+---------------------+
| Number of cases (test)  | 154                 |
+-------------------------+---------------------+
| Test C-index            | 0.7013175331784047  |
+-------------------------+---------------------+
| Time taken (seconds)    | 11.49               |
+-------------------------+---------------------+
2025-02-12 23:40:26,355 - INFO - 
+-------------------------+---------------------+
| Metric                  | Value               |
+=========================+=====================+
| Outcome                 | Atrial fibrillation |
+-------------------------+---------------------+
| Fold                    | 9                   |
+-------------------------+---------------------+
| Train sample size       | 8426                |
+-------------------------+---------------------+
| Number of cases (train) | 1219                |
+-------------------------+---------------------+
| Test sample size        | 1002                |
+-------------------------+---------------------+
| Number of cases (test)  | 152                 |
+-------------------------+---------------------+
| Test C-index            | 0.7213174125858777  |
+-------------------------+---------------------+
| Time taken (seconds)    | 11.15               |
+-------------------------+---------------------+
2025-02-12 23:40:26,408 - INFO - 
+-------------------------+-------------------------+
| Metric                  | Value                   |
+=========================+=========================+
| Outcome                 | Ventricular arrhythmias |
+-------------------------+-------------------------+
| Fold                    | 1                       |
+-------------------------+-------------------------+
| Train sample size       | 8432                    |
+-------------------------+-------------------------+
| Number of cases (train) | 191                     |
+-------------------------+-------------------------+
| Test sample size        | 1054                    |
+-------------------------+-------------------------+
| Number of cases (test)  | 24                      |
+-------------------------+-------------------------+
| Test C-index            | 0.6967667138992657      |
+-------------------------+-------------------------+
| Time taken (seconds)    | 11.12                   |
+-------------------------+-------------------------+
2025-02-12 23:40:26,441 - INFO - 
+-------------------------+-------------------------+
| Metric                  | Value                   |
+=========================+=========================+
| Outcome                 | Ventricular arrhythmias |
+-------------------------+-------------------------+
| Fold                    | 6                       |
+-------------------------+-------------------------+
| Train sample size       | 8400                    |
+-------------------------+-------------------------+
| Number of cases (train) | 192                     |
+-------------------------+-------------------------+
| Test sample size        | 1039                    |
+-------------------------+-------------------------+
| Number of cases (test)  | 23                      |
+-------------------------+-------------------------+
| Test C-index            | 0.7461917218033544      |
+-------------------------+-------------------------+
| Time taken (seconds)    | 10.71                   |
+-------------------------+-------------------------+
2025-02-12 23:40:26,641 - INFO - 
+-------------------------+---------------------+
| Metric                  | Value               |
+=========================+=====================+
| Outcome                 | Atrial fibrillation |
+-------------------------+---------------------+
| Fold                    | 7                   |
+-------------------------+---------------------+
| Train sample size       | 8413                |
+-------------------------+---------------------+
| Number of cases (train) | 1274                |
+-------------------------+---------------------+
| Test sample size        | 1041                |
+-------------------------+---------------------+
| Number of cases (test)  | 129                 |
+-------------------------+---------------------+
| Test C-index            | 0.6803175283252404  |
+-------------------------+---------------------+
| Time taken (seconds)    | 11.66               |
+-------------------------+---------------------+
2025-02-12 23:40:26,724 - INFO - 
+-------------------------+-------------------------+
| Metric                  | Value                   |
+=========================+=========================+
| Outcome                 | Ventricular arrhythmias |
+-------------------------+-------------------------+
| Fold                    | 5                       |
+-------------------------+-------------------------+
| Train sample size       | 8412                    |
+-------------------------+-------------------------+
| Number of cases (train) | 191                     |
+-------------------------+-------------------------+
| Test sample size        | 1053                    |
+-------------------------+-------------------------+
| Number of cases (test)  | 23                      |
+-------------------------+-------------------------+
| Test C-index            | 0.6422410382210968      |
+-------------------------+-------------------------+
| Time taken (seconds)    | 11.21                   |
+-------------------------+-------------------------+
2025-02-12 23:40:26,917 - INFO - 
+-------------------------+-------------------------+
| Metric                  | Value                   |
+=========================+=========================+
| Outcome                 | Ventricular arrhythmias |
+-------------------------+-------------------------+
| Fold                    | 7                       |
+-------------------------+-------------------------+
| Train sample size       | 8413                    |
+-------------------------+-------------------------+
| Number of cases (train) | 195                     |
+-------------------------+-------------------------+
| Test sample size        | 1041                    |
+-------------------------+-------------------------+
| Number of cases (test)  | 24                      |
+-------------------------+-------------------------+
| Test C-index            | 0.7306167215051043      |
+-------------------------+-------------------------+
| Time taken (seconds)    | 10.79                   |
+-------------------------+-------------------------+
2025-02-12 23:40:36,412 - INFO - 
+-------------------------+-------------------------+
| Metric                  | Value                   |
+=========================+=========================+
| Outcome                 | Ventricular arrhythmias |
+-------------------------+-------------------------+
| Fold                    | 8                       |
+-------------------------+-------------------------+
| Train sample size       | 8429                    |
+-------------------------+-------------------------+
| Number of cases (train) | 182                     |
+-------------------------+-------------------------+
| Test sample size        | 1035                    |
+-------------------------+-------------------------+
| Number of cases (test)  | 25                      |
+-------------------------+-------------------------+
| Test C-index            | 0.7352941176470589      |
+-------------------------+-------------------------+
| Time taken (seconds)    | 10.84                   |
+-------------------------+-------------------------+
2025-02-12 23:40:36,569 - INFO - 
+-------------------------+-------------------------+
| Metric                  | Value                   |
+=========================+=========================+
| Outcome                 | Ventricular arrhythmias |
+-------------------------+-------------------------+
| Fold                    | 9                       |
+-------------------------+-------------------------+
| Train sample size       | 8426                    |
+-------------------------+-------------------------+
| Number of cases (train) | 187                     |
+-------------------------+-------------------------+
| Test sample size        | 1002                    |
+-------------------------+-------------------------+
| Number of cases (test)  | 22                      |
+-------------------------+-------------------------+
| Test C-index            | 0.6140898705255141      |
+-------------------------+-------------------------+
| Time taken (seconds)    | 10.77                   |
+-------------------------+-------------------------+
2025-02-12 23:40:37,031 - INFO - 
+-------------------------+---------------------------+
| Metric                  | Value                     |
+=========================+===========================+
| Outcome                 | Abdominal aortic aneurysm |
+-------------------------+---------------------------+
| Fold                    | 3                         |
+-------------------------+---------------------------+
| Train sample size       | 8399                      |
+-------------------------+---------------------------+
| Number of cases (train) | 95                        |
+-------------------------+---------------------------+
| Test sample size        | 1042                      |
+-------------------------+---------------------------+
| Number of cases (test)  | 16                        |
+-------------------------+---------------------------+
| Test C-index            | 0.7890542599320286        |
+-------------------------+---------------------------+
| Time taken (seconds)    | 10.90                     |
+-------------------------+---------------------------+
2025-02-12 23:40:37,061 - INFO - 
+-------------------------+---------------------------+
| Metric                  | Value                     |
+=========================+===========================+
| Outcome                 | Abdominal aortic aneurysm |
+-------------------------+---------------------------+
| Fold                    | 4                         |
+-------------------------+---------------------------+
| Train sample size       | 8422                      |
+-------------------------+---------------------------+
| Number of cases (train) | 101                       |
+-------------------------+---------------------------+
| Test sample size        | 1012                      |
+-------------------------+---------------------------+
| Number of cases (test)  | 15                        |
+-------------------------+---------------------------+
| Test C-index            | 0.8775459306675534        |
+-------------------------+---------------------------+
| Time taken (seconds)    | 10.91                     |
+-------------------------+---------------------------+
2025-02-12 23:40:37,081 - INFO - 
+-------------------------+---------------------------+
| Metric                  | Value                     |
+=========================+===========================+
| Outcome                 | Abdominal aortic aneurysm |
+-------------------------+---------------------------+
| Fold                    | 2                         |
+-------------------------+---------------------------+
| Train sample size       | 8409                      |
+-------------------------+---------------------------+
| Number of cases (train) | 102                       |
+-------------------------+---------------------------+
| Test sample size        | 1053                      |
+-------------------------+---------------------------+
| Number of cases (test)  | 13                        |
+-------------------------+---------------------------+
| Test C-index            | 0.9044767607641859        |
+-------------------------+---------------------------+
| Time taken (seconds)    | 10.99                     |
+-------------------------+---------------------------+
2025-02-12 23:40:37,144 - INFO - 
+-------------------------+---------------------------+
| Metric                  | Value                     |
+=========================+===========================+
| Outcome                 | Abdominal aortic aneurysm |
+-------------------------+---------------------------+
| Fold                    | 1                         |
+-------------------------+---------------------------+
| Train sample size       | 8432                      |
+-------------------------+---------------------------+
| Number of cases (train) | 101                       |
+-------------------------+---------------------------+
| Test sample size        | 1054                      |
+-------------------------+---------------------------+
| Number of cases (test)  | 10                        |
+-------------------------+---------------------------+
| Test C-index            | 0.7481351469942957        |
+-------------------------+---------------------------+
| Time taken (seconds)    | 11.07                     |
+-------------------------+---------------------------+
2025-02-12 23:40:37,239 - INFO - 
+-------------------------+---------------------------+
| Metric                  | Value                     |
+=========================+===========================+
| Outcome                 | Abdominal aortic aneurysm |
+-------------------------+---------------------------+
| Fold                    | 0                         |
+-------------------------+---------------------------+
| Train sample size       | 8401                      |
+-------------------------+---------------------------+
| Number of cases (train) | 99                        |
+-------------------------+---------------------------+
| Test sample size        | 1040                      |
+-------------------------+---------------------------+
| Number of cases (test)  | 10                        |
+-------------------------+---------------------------+
| Test C-index            | 0.6498464824456014        |
+-------------------------+---------------------------+
| Time taken (seconds)    | 11.22                     |
+-------------------------+---------------------------+
2025-02-12 23:40:37,265 - INFO - 
+-------------------------+---------------------------+
| Metric                  | Value                     |
+=========================+===========================+
| Outcome                 | Abdominal aortic aneurysm |
+-------------------------+---------------------------+
| Fold                    | 5                         |
+-------------------------+---------------------------+
| Train sample size       | 8412                      |
+-------------------------+---------------------------+
| Number of cases (train) | 99                        |
+-------------------------+---------------------------+
| Test sample size        | 1053                      |
+-------------------------+---------------------------+
| Number of cases (test)  | 12                        |
+-------------------------+---------------------------+
| Test C-index            | 0.7886741874232102        |
+-------------------------+---------------------------+
| Time taken (seconds)    | 11.03                     |
+-------------------------+---------------------------+
2025-02-12 23:40:37,314 - INFO - 
+-------------------------+---------------------------+
| Metric                  | Value                     |
+=========================+===========================+
| Outcome                 | Abdominal aortic aneurysm |
+-------------------------+---------------------------+
| Fold                    | 7                         |
+-------------------------+---------------------------+
| Train sample size       | 8413                      |
+-------------------------+---------------------------+
| Number of cases (train) | 105                       |
+-------------------------+---------------------------+
| Test sample size        | 1041                      |
+-------------------------+---------------------------+
| Number of cases (test)  | 10                        |
+-------------------------+---------------------------+
| Test C-index            | 0.833672500339167         |
+-------------------------+---------------------------+
| Time taken (seconds)    | 11.03                     |
+-------------------------+---------------------------+
2025-02-12 23:40:37,413 - INFO - 
+-------------------------+----------------------------+
| Metric                  | Value                      |
+=========================+============================+
| Outcome                 | Peripheral artery diseases |
+-------------------------+----------------------------+
| Fold                    | 0                          |
+-------------------------+----------------------------+
| Train sample size       | 8401                       |
+-------------------------+----------------------------+
| Number of cases (train) | 268                        |
+-------------------------+----------------------------+
| Test sample size        | 1040                       |
+-------------------------+----------------------------+
| Number of cases (test)  | 26                         |
+-------------------------+----------------------------+
| Test C-index            | 0.7617381489841987         |
+-------------------------+----------------------------+
| Time taken (seconds)    | 10.97                      |
+-------------------------+----------------------------+
2025-02-12 23:40:37,415 - INFO - 
+-------------------------+---------------------------+
| Metric                  | Value                     |
+=========================+===========================+
| Outcome                 | Abdominal aortic aneurysm |
+-------------------------+---------------------------+
| Fold                    | 6                         |
+-------------------------+---------------------------+
| Train sample size       | 8400                      |
+-------------------------+---------------------------+
| Number of cases (train) | 98                        |
+-------------------------+---------------------------+
| Test sample size        | 1039                      |
+-------------------------+---------------------------+
| Number of cases (test)  | 17                        |
+-------------------------+---------------------------+
| Test C-index            | 0.7002788522083296        |
+-------------------------+---------------------------+
| Time taken (seconds)    | 11.14                     |
+-------------------------+---------------------------+
2025-02-12 23:40:37,477 - INFO - 
+-------------------------+---------------------------+
| Metric                  | Value                     |
+=========================+===========================+
| Outcome                 | Abdominal aortic aneurysm |
+-------------------------+---------------------------+
| Fold                    | 8                         |
+-------------------------+---------------------------+
| Train sample size       | 8429                      |
+-------------------------+---------------------------+
| Number of cases (train) | 101                       |
+-------------------------+---------------------------+
| Test sample size        | 1035                      |
+-------------------------+---------------------------+
| Number of cases (test)  | 10                        |
+-------------------------+---------------------------+
| Test C-index            | 0.7854760071850141        |
+-------------------------+---------------------------+
| Time taken (seconds)    | 11.12                     |
+-------------------------+---------------------------+
2025-02-12 23:40:37,478 - INFO - 
+-------------------------+---------------------------+
| Metric                  | Value                     |
+=========================+===========================+
| Outcome                 | Abdominal aortic aneurysm |
+-------------------------+---------------------------+
| Fold                    | 9                         |
+-------------------------+---------------------------+
| Train sample size       | 8426                      |
+-------------------------+---------------------------+
| Number of cases (train) | 98                        |
+-------------------------+---------------------------+
| Test sample size        | 1002                      |
+-------------------------+---------------------------+
| Number of cases (test)  | 10                        |
+-------------------------+---------------------------+
| Test C-index            | 0.863876187126275         |
+-------------------------+---------------------------+
| Time taken (seconds)    | 11.07                     |
+-------------------------+---------------------------+
2025-02-12 23:40:37,763 - INFO - 
+-------------------------+----------------------------+
| Metric                  | Value                      |
+=========================+============================+
| Outcome                 | Peripheral artery diseases |
+-------------------------+----------------------------+
| Fold                    | 1                          |
+-------------------------+----------------------------+
| Train sample size       | 8432                       |
+-------------------------+----------------------------+
| Number of cases (train) | 266                        |
+-------------------------+----------------------------+
| Test sample size        | 1054                       |
+-------------------------+----------------------------+
| Number of cases (test)  | 33                         |
+-------------------------+----------------------------+
| Test C-index            | 0.7274099299562711         |
+-------------------------+----------------------------+
| Time taken (seconds)    | 11.12                      |
+-------------------------+----------------------------+
2025-02-12 23:40:37,902 - INFO - 
+-------------------------+----------------------------+
| Metric                  | Value                      |
+=========================+============================+
| Outcome                 | Peripheral artery diseases |
+-------------------------+----------------------------+
| Fold                    | 3                          |
+-------------------------+----------------------------+
| Train sample size       | 8399                       |
+-------------------------+----------------------------+
| Number of cases (train) | 258                        |
+-------------------------+----------------------------+
| Test sample size        | 1042                       |
+-------------------------+----------------------------+
| Number of cases (test)  | 31                         |
+-------------------------+----------------------------+
| Test C-index            | 0.7606264955405699         |
+-------------------------+----------------------------+
| Time taken (seconds)    | 10.97                      |
+-------------------------+----------------------------+
2025-02-12 23:40:37,999 - INFO - 
+-------------------------+----------------------------+
| Metric                  | Value                      |
+=========================+============================+
| Outcome                 | Peripheral artery diseases |
+-------------------------+----------------------------+
| Fold                    | 2                          |
+-------------------------+----------------------------+
| Train sample size       | 8409                       |
+-------------------------+----------------------------+
| Number of cases (train) | 260                        |
+-------------------------+----------------------------+
| Test sample size        | 1053                       |
+-------------------------+----------------------------+
| Number of cases (test)  | 28                         |
+-------------------------+----------------------------+
| Test C-index            | 0.7771461057418988         |
+-------------------------+----------------------------+
| Time taken (seconds)    | 11.27                      |
+-------------------------+----------------------------+
2025-02-12 23:40:47,936 - INFO - 
+-------------------------+----------------------------+
| Metric                  | Value                      |
+=========================+============================+
| Outcome                 | Peripheral artery diseases |
+-------------------------+----------------------------+
| Fold                    | 4                          |
+-------------------------+----------------------------+
| Train sample size       | 8422                       |
+-------------------------+----------------------------+
| Number of cases (train) | 255                        |
+-------------------------+----------------------------+
| Test sample size        | 1012                       |
+-------------------------+----------------------------+
| Number of cases (test)  | 38                         |
+-------------------------+----------------------------+
| Test C-index            | 0.7551499453640373         |
+-------------------------+----------------------------+
| Time taken (seconds)    | 11.52                      |
+-------------------------+----------------------------+
2025-02-12 23:40:48,555 - INFO - 
+-------------------------+----------------------------+
| Metric                  | Value                      |
+=========================+============================+
| Outcome                 | Peripheral artery diseases |
+-------------------------+----------------------------+
| Fold                    | 8                          |
+-------------------------+----------------------------+
| Train sample size       | 8429                       |
+-------------------------+----------------------------+
| Number of cases (train) | 258                        |
+-------------------------+----------------------------+
| Test sample size        | 1035                       |
+-------------------------+----------------------------+
| Number of cases (test)  | 40                         |
+-------------------------+----------------------------+
| Test C-index            | 0.7794409499142252         |
+-------------------------+----------------------------+
| Time taken (seconds)    | 11.47                      |
+-------------------------+----------------------------+
2025-02-12 23:40:48,620 - INFO - 
+-------------------------+----------------------------+
| Metric                  | Value                      |
+=========================+============================+
| Outcome                 | Peripheral artery diseases |
+-------------------------+----------------------------+
| Fold                    | 7                          |
+-------------------------+----------------------------+
| Train sample size       | 8413                       |
+-------------------------+----------------------------+
| Number of cases (train) | 268                        |
+-------------------------+----------------------------+
| Test sample size        | 1041                       |
+-------------------------+----------------------------+
| Number of cases (test)  | 25                         |
+-------------------------+----------------------------+
| Test C-index            | 0.8462267129775813         |
+-------------------------+----------------------------+
| Time taken (seconds)    | 11.56                      |
+-------------------------+----------------------------+
2025-02-12 23:40:48,714 - INFO - 
+-------------------------+----------------------------+
| Metric                  | Value                      |
+=========================+============================+
| Outcome                 | Peripheral artery diseases |
+-------------------------+----------------------------+
| Fold                    | 6                          |
+-------------------------+----------------------------+
| Train sample size       | 8400                       |
+-------------------------+----------------------------+
| Number of cases (train) | 261                        |
+-------------------------+----------------------------+
| Test sample size        | 1039                       |
+-------------------------+----------------------------+
| Number of cases (test)  | 34                         |
+-------------------------+----------------------------+
| Test C-index            | 0.764063082081212          |
+-------------------------+----------------------------+
| Time taken (seconds)    | 11.68                      |
+-------------------------+----------------------------+
2025-02-12 23:40:48,819 - INFO - 
+-------------------------+----------------------------+
| Metric                  | Value                      |
+=========================+============================+
| Outcome                 | Peripheral artery diseases |
+-------------------------+----------------------------+
| Fold                    | 5                          |
+-------------------------+----------------------------+
| Train sample size       | 8412                       |
+-------------------------+----------------------------+
| Number of cases (train) | 261                        |
+-------------------------+----------------------------+
| Test sample size        | 1053                       |
+-------------------------+----------------------------+
| Number of cases (test)  | 37                         |
+-------------------------+----------------------------+
| Test C-index            | 0.7827426810477658         |
+-------------------------+----------------------------+
| Time taken (seconds)    | 12.25                      |
+-------------------------+----------------------------+
2025-02-12 23:40:49,038 - INFO - 
+-------------------------+-------------------+
| Metric                  | Value             |
+=========================+===================+
| Outcome                 | Vein thrombosis   |
+-------------------------+-------------------+
| Fold                    | 2                 |
+-------------------------+-------------------+
| Train sample size       | 8409              |
+-------------------------+-------------------+
| Number of cases (train) | 555               |
+-------------------------+-------------------+
| Test sample size        | 1053              |
+-------------------------+-------------------+
| Number of cases (test)  | 74                |
+-------------------------+-------------------+
| Test C-index            | 0.639969551710659 |
+-------------------------+-------------------+
| Time taken (seconds)    | 11.72             |
+-------------------------+-------------------+
2025-02-12 23:40:49,060 - INFO - 
+-------------------------+----------------------------+
| Metric                  | Value                      |
+=========================+============================+
| Outcome                 | Peripheral artery diseases |
+-------------------------+----------------------------+
| Fold                    | 9                          |
+-------------------------+----------------------------+
| Train sample size       | 8426                       |
+-------------------------+----------------------------+
| Number of cases (train) | 261                        |
+-------------------------+----------------------------+
| Test sample size        | 1002                       |
+-------------------------+----------------------------+
| Number of cases (test)  | 29                         |
+-------------------------+----------------------------+
| Test C-index            | 0.707430421387917          |
+-------------------------+----------------------------+
| Time taken (seconds)    | 11.90                      |
+-------------------------+----------------------------+
2025-02-12 23:40:49,171 - INFO - 
+-------------------------+--------------------+
| Metric                  | Value              |
+=========================+====================+
| Outcome                 | Vein thrombosis    |
+-------------------------+--------------------+
| Fold                    | 5                  |
+-------------------------+--------------------+
| Train sample size       | 8412               |
+-------------------------+--------------------+
| Number of cases (train) | 560                |
+-------------------------+--------------------+
| Test sample size        | 1053               |
+-------------------------+--------------------+
| Number of cases (test)  | 69                 |
+-------------------------+--------------------+
| Test C-index            | 0.6098099973577382 |
+-------------------------+--------------------+
| Time taken (seconds)    | 11.69              |
+-------------------------+--------------------+
2025-02-12 23:40:49,269 - INFO - 
+-------------------------+-----------------+
| Metric                  | Value           |
+=========================+=================+
| Outcome                 | Vein thrombosis |
+-------------------------+-----------------+
| Fold                    | 4               |
+-------------------------+-----------------+
| Train sample size       | 8422            |
+-------------------------+-----------------+
| Number of cases (train) | 564             |
+-------------------------+-----------------+
| Test sample size        | 1012            |
+-------------------------+-----------------+
| Number of cases (test)  | 59              |
+-------------------------+-----------------+
| Test C-index            | 0.5372413561823 |
+-------------------------+-----------------+
| Time taken (seconds)    | 11.85           |
+-------------------------+-----------------+
2025-02-12 23:40:49,285 - INFO - 
+-------------------------+--------------------+
| Metric                  | Value              |
+=========================+====================+
| Outcome                 | Vein thrombosis    |
+-------------------------+--------------------+
| Fold                    | 8                  |
+-------------------------+--------------------+
| Train sample size       | 8429               |
+-------------------------+--------------------+
| Number of cases (train) | 533                |
+-------------------------+--------------------+
| Test sample size        | 1035               |
+-------------------------+--------------------+
| Number of cases (test)  | 87                 |
+-------------------------+--------------------+
| Test C-index            | 0.6294404275385099 |
+-------------------------+--------------------+
| Time taken (seconds)    | 11.38              |
+-------------------------+--------------------+
2025-02-12 23:40:49,307 - INFO - 
+-------------------------+--------------------+
| Metric                  | Value              |
+=========================+====================+
| Outcome                 | Vein thrombosis    |
+-------------------------+--------------------+
| Fold                    | 1                  |
+-------------------------+--------------------+
| Train sample size       | 8432               |
+-------------------------+--------------------+
| Number of cases (train) | 555                |
+-------------------------+--------------------+
| Test sample size        | 1054               |
+-------------------------+--------------------+
| Number of cases (test)  | 69                 |
+-------------------------+--------------------+
| Test C-index            | 0.6273712394857157 |
+-------------------------+--------------------+
| Time taken (seconds)    | 12.03              |
+-------------------------+--------------------+
2025-02-12 23:40:49,473 - INFO - 
+-------------------------+--------------------+
| Metric                  | Value              |
+=========================+====================+
| Outcome                 | Vein thrombosis    |
+-------------------------+--------------------+
| Fold                    | 6                  |
+-------------------------+--------------------+
| Train sample size       | 8400               |
+-------------------------+--------------------+
| Number of cases (train) | 560                |
+-------------------------+--------------------+
| Test sample size        | 1039               |
+-------------------------+--------------------+
| Number of cases (test)  | 70                 |
+-------------------------+--------------------+
| Test C-index            | 0.5411159342535239 |
+-------------------------+--------------------+
| Time taken (seconds)    | 11.99              |
+-------------------------+--------------------+
2025-02-12 23:40:49,694 - INFO - 
+-------------------------+--------------------+
| Metric                  | Value              |
+=========================+====================+
| Outcome                 | Vein thrombosis    |
+-------------------------+--------------------+
| Fold                    | 3                  |
+-------------------------+--------------------+
| Train sample size       | 8399               |
+-------------------------+--------------------+
| Number of cases (train) | 557                |
+-------------------------+--------------------+
| Test sample size        | 1042               |
+-------------------------+--------------------+
| Number of cases (test)  | 69                 |
+-------------------------+--------------------+
| Test C-index            | 0.6176072857734235 |
+-------------------------+--------------------+
| Time taken (seconds)    | 12.28              |
+-------------------------+--------------------+
2025-02-12 23:40:49,777 - INFO - 
+-------------------------+--------------------+
| Metric                  | Value              |
+=========================+====================+
| Outcome                 | Vein thrombosis    |
+-------------------------+--------------------+
| Fold                    | 0                  |
+-------------------------+--------------------+
| Train sample size       | 8401               |
+-------------------------+--------------------+
| Number of cases (train) | 554                |
+-------------------------+--------------------+
| Test sample size        | 1040               |
+-------------------------+--------------------+
| Number of cases (test)  | 60                 |
+-------------------------+--------------------+
| Test C-index            | 0.6039797597243348 |
+-------------------------+--------------------+
| Time taken (seconds)    | 12.53              |
+-------------------------+--------------------+
2025-02-12 23:40:49,990 - INFO - 
+-------------------------+--------------------+
| Metric                  | Value              |
+=========================+====================+
| Outcome                 | Vein thrombosis    |
+-------------------------+--------------------+
| Fold                    | 7                  |
+-------------------------+--------------------+
| Train sample size       | 8413               |
+-------------------------+--------------------+
| Number of cases (train) | 558                |
+-------------------------+--------------------+
| Test sample size        | 1041               |
+-------------------------+--------------------+
| Number of cases (test)  | 62                 |
+-------------------------+--------------------+
| Test C-index            | 0.6238374364986323 |
+-------------------------+--------------------+
| Time taken (seconds)    | 12.22              |
+-------------------------+--------------------+
2025-02-12 23:40:50,188 - INFO - 
+-------------------------+--------------------+
| Metric                  | Value              |
+=========================+====================+
| Outcome                 | Vein thrombosis    |
+-------------------------+--------------------+
| Fold                    | 9                  |
+-------------------------+--------------------+
| Train sample size       | 8426               |
+-------------------------+--------------------+
| Number of cases (train) | 555                |
+-------------------------+--------------------+
| Test sample size        | 1002               |
+-------------------------+--------------------+
| Number of cases (test)  | 63                 |
+-------------------------+--------------------+
| Test C-index            | 0.6557402042994359 |
+-------------------------+--------------------+
| Time taken (seconds)    | 12.19              |
+-------------------------+--------------------+
2025-02-12 23:40:58,463 - INFO - 
+-------------------------+----------------------+
| Metric                  | Value                |
+=========================+======================+
| Outcome                 | Cardiovascular death |
+-------------------------+----------------------+
| Fold                    | 3                    |
+-------------------------+----------------------+
| Train sample size       | 8399                 |
+-------------------------+----------------------+
| Number of cases (train) | 465                  |
+-------------------------+----------------------+
| Test sample size        | 1042                 |
+-------------------------+----------------------+
| Number of cases (test)  | 50                   |
+-------------------------+----------------------+
| Test C-index            | 0.8114092283787908   |
+-------------------------+----------------------+
| Time taken (seconds)    | 9.75                 |
+-------------------------+----------------------+
2025-02-12 23:40:58,752 - INFO - 
+-------------------------+----------------------+
| Metric                  | Value                |
+=========================+======================+
| Outcome                 | Cardiovascular death |
+-------------------------+----------------------+
| Fold                    | 0                    |
+-------------------------+----------------------+
| Train sample size       | 8401                 |
+-------------------------+----------------------+
| Number of cases (train) | 463                  |
+-------------------------+----------------------+
| Test sample size        | 1040                 |
+-------------------------+----------------------+
| Number of cases (test)  | 59                   |
+-------------------------+----------------------+
| Test C-index            | 0.7845750317931327   |
+-------------------------+----------------------+
| Time taken (seconds)    | 10.81                |
+-------------------------+----------------------+
2025-02-12 23:40:58,918 - INFO - 
+-------------------------+----------------------+
| Metric                  | Value                |
+=========================+======================+
| Outcome                 | Cardiovascular death |
+-------------------------+----------------------+
| Fold                    | 1                    |
+-------------------------+----------------------+
| Train sample size       | 8432                 |
+-------------------------+----------------------+
| Number of cases (train) | 457                  |
+-------------------------+----------------------+
| Test sample size        | 1054                 |
+-------------------------+----------------------+
| Number of cases (test)  | 64                   |
+-------------------------+----------------------+
| Test C-index            | 0.77607422953717     |
+-------------------------+----------------------+
| Time taken (seconds)    | 10.36                |
+-------------------------+----------------------+
2025-02-12 23:40:58,931 - INFO - 
+-------------------------+----------------------+
| Metric                  | Value                |
+=========================+======================+
| Outcome                 | Cardiovascular death |
+-------------------------+----------------------+
| Fold                    | 6                    |
+-------------------------+----------------------+
| Train sample size       | 8400                 |
+-------------------------+----------------------+
| Number of cases (train) | 458                  |
+-------------------------+----------------------+
| Test sample size        | 1039                 |
+-------------------------+----------------------+
| Number of cases (test)  | 51                   |
+-------------------------+----------------------+
| Test C-index            | 0.7416820833926284   |
+-------------------------+----------------------+
| Time taken (seconds)    | 9.87                 |
+-------------------------+----------------------+
2025-02-12 23:40:59,094 - INFO - 
+-------------------------+----------------------+
| Metric                  | Value                |
+=========================+======================+
| Outcome                 | Cardiovascular death |
+-------------------------+----------------------+
| Fold                    | 9                    |
+-------------------------+----------------------+
| Train sample size       | 8426                 |
+-------------------------+----------------------+
| Number of cases (train) | 465                  |
+-------------------------+----------------------+
| Test sample size        | 1002                 |
+-------------------------+----------------------+
| Number of cases (test)  | 45                   |
+-------------------------+----------------------+
| Test C-index            | 0.7483068148676237   |
+-------------------------+----------------------+
| Time taken (seconds)    | 9.81                 |
+-------------------------+----------------------+
2025-02-12 23:40:59,101 - INFO - 
+-------------------------+----------------------+
| Metric                  | Value                |
+=========================+======================+
| Outcome                 | Cardiovascular death |
+-------------------------+----------------------+
| Fold                    | 5                    |
+-------------------------+----------------------+
| Train sample size       | 8412                 |
+-------------------------+----------------------+
| Number of cases (train) | 465                  |
+-------------------------+----------------------+
| Test sample size        | 1053                 |
+-------------------------+----------------------+
| Number of cases (test)  | 56                   |
+-------------------------+----------------------+
| Test C-index            | 0.7740308220041869   |
+-------------------------+----------------------+
| Time taken (seconds)    | 10.06                |
+-------------------------+----------------------+
2025-02-12 23:40:59,165 - INFO - 
+-------------------------+----------------------+
| Metric                  | Value                |
+=========================+======================+
| Outcome                 | Cardiovascular death |
+-------------------------+----------------------+
| Fold                    | 2                    |
+-------------------------+----------------------+
| Train sample size       | 8409                 |
+-------------------------+----------------------+
| Number of cases (train) | 442                  |
+-------------------------+----------------------+
| Test sample size        | 1053                 |
+-------------------------+----------------------+
| Number of cases (test)  | 67                   |
+-------------------------+----------------------+
| Test C-index            | 0.7502290562880931   |
+-------------------------+----------------------+
| Time taken (seconds)    | 10.54                |
+-------------------------+----------------------+
2025-02-12 23:40:59,432 - INFO - 
+-------------------------+----------------------+
| Metric                  | Value                |
+=========================+======================+
| Outcome                 | Cardiovascular death |
+-------------------------+----------------------+
| Fold                    | 4                    |
+-------------------------+----------------------+
| Train sample size       | 8422                 |
+-------------------------+----------------------+
| Number of cases (train) | 456                  |
+-------------------------+----------------------+
| Test sample size        | 1012                 |
+-------------------------+----------------------+
| Number of cases (test)  | 55                   |
+-------------------------+----------------------+
| Test C-index            | 0.7804583173050503   |
+-------------------------+----------------------+
| Time taken (seconds)    | 10.61                |
+-------------------------+----------------------+
2025-02-12 23:40:59,628 - INFO - 
+-------------------------+----------------------+
| Metric                  | Value                |
+=========================+======================+
| Outcome                 | Cardiovascular death |
+-------------------------+----------------------+
| Fold                    | 7                    |
+-------------------------+----------------------+
| Train sample size       | 8413                 |
+-------------------------+----------------------+
| Number of cases (train) | 467                  |
+-------------------------+----------------------+
| Test sample size        | 1041                 |
+-------------------------+----------------------+
| Number of cases (test)  | 55                   |
+-------------------------+----------------------+
| Test C-index            | 0.7510810896120703   |
+-------------------------+----------------------+
| Time taken (seconds)    | 10.45                |
+-------------------------+----------------------+
2025-02-12 23:40:59,888 - INFO - 
+-------------------------+----------------------+
| Metric                  | Value                |
+=========================+======================+
| Outcome                 | Cardiovascular death |
+-------------------------+----------------------+
| Fold                    | 8                    |
+-------------------------+----------------------+
| Train sample size       | 8429                 |
+-------------------------+----------------------+
| Number of cases (train) | 447                  |
+-------------------------+----------------------+
| Test sample size        | 1035                 |
+-------------------------+----------------------+
| Number of cases (test)  | 61                   |
+-------------------------+----------------------+
| Test C-index            | 0.7739612605379366   |
+-------------------------+----------------------+
| Time taken (seconds)    | 10.61                |
+-------------------------+----------------------+
2025-02-12 23:40:59,933 - INFO - Nested cross validation for CoxPH models completed in 67.41 seconds.

